RRRPRRRPRRPPPSSSSSSSSSSSSSSSSSSS
RRRPRRRPRRRPRRRPRRRPRRRPRRRPPSSS
RRRPRRRPRRRPRRRPRRRPPPPPPPPPPPPS
RRRPRRRPRRRPRRRPRPPPPSSSSSSSSSSS
RRRPRRRPRRPPPPPPPPPPPPPPPPPPPSSS
RRPPPPPPPPPSSSSSSSSSSSSSSSSSSSSS
RRRPRRRPRRRPRRRPRRRPRRRPRRRPPSSS
RRRPRRRPRRRPRRRPRRRPRRRPPSSSSSSS
RRRPRRRPPPPPPPPPPPSSSSSSSSSSSSSS
RRRPRRRPRRRPRRRPRRRPPPPSSSSSSSSS
RRRPPPPPPPPPPPPPPPPPPPPPPPPPPPSS
RRRPRRRPRRRPRRRPRRRPRRRPRRRPPSSS
RRRPRRRPRRPPSSSSSSSSSSSSSSSSSSSS
RRRPRRRPRRRPRRRPRPPSSSSSSSSSSSSS
RRRPRRRPRRRPRRRPRRRPRRRPRRPPPSSS
RRRPRRRPRRRPRRRPRRRPPPPPPPPPPPSS
RRRPRRRPRRRPRPRSSSSSSSSSSSSSSSSS
RRRPPPPPPPPPPPPPPPPPPPPPPPSSSSSS
RRRPRRRPRRRPRRRPRRRPPPPPPPPPPPPS
RRRPRRRPRRRPRRRPRRRPRRRPRRRPRPPS
RRRPRRRPPPPPPSSSSSSSSSSSSSSSSSSS
RRRPRRPPPPPPPPPPPPPPPPPPSSSSSSSS
RPPPPPPPPPSSSSSSSSSSSSSSSSSSSSSS
RRRPRRRPRRRPRRRPRRRPRRRPPPPPSSSS
RRRPRRRPRRRPRRRPRRRPPPSSSSSSSSSS
RRRPRRPPPPPSSSSSSSSSSSSSSSSSSSSS
RRRPRRRPRRRPRRRPRRPPPPSSSSSSSSSS
RRRPRRPPPPPPPPPPPSSSSSSSSSSSSSSS
RRRPRRRPRRRPRRRPRPPPPPSSSSSSSSSS
RRRPRRRPRRRPRRRPRRRPRRRPRRPPPPSS
RRRPRRRPPPPPPPPSSSSSSSSSSSSSSSSS
RRRPRPPPPPPPPPPPPPPPPPPSSSSSSSSS
RRRPPPPPPPSSSSSSSSSSSSSSSSSSSSSS
RRRPRRRPRRRPRRRPRRRPRRPPPPPPPSSS
RRRPRRRPRPPPPPPSSSSSSSSSSSSSSSSS
RRRPPPPPPPPPPPPPPPPPPPPPPPPPPSSS
RRRPRRPPPPPPPPPPPPPPPPPPSSSSSSSS
RRRPRRRPRRPPPPPPPPPPPPPPPPPPPPPS
RRRPRRRPRRRPRRRPRRRPRPPPPSSSSSSS
RRRPPPPPPPPPPPPPPPPPPPPPPPPPSSSS
RRRPRRRPRRRPRRRPRPPPPPSSSSSSSSSS
RRRPRRRPRRRPRRRPRRRPRRRPRPPPPSSS
RRRPRRRPRRRPRRPPPPPPPPPPPSSSSSSS
RRPPPPPPPPPPPPPPPPPPSSSSSSSSSSSS
RPPPPPPPPSSSSSSSSSSSSSSSSSSSSSSS
RRRPRRRPRRRPRRRPPPPPPPPSSSSSSSSS
RPPPPPPPPPPPPPPPPPPPPPPPPSSSSSSS
RRRPRRRPPPPPPPPPPPPPPPPPPPPPSSSS
RRRPRRRPRRRPRRRPRRRPRRRPRPPPSSSS
RRPPPPPPPPPPPPPPPPPPPPPPPPSSSSSS