RRRPRRRPRRRPRRRPRRRPRRRPRPSSSSSS
RRRPRRRPRRRPRRRPRRRPRRRPRRRPRPPS
RRRPRRRPRRRPRRRPRRRPRRRPRPRSSSSS
RRRPRRRPRRRPRRRPRRRPRRRPPPPPPPPS
RRRPRRRPRRRPRRRPRPPPPPPPPPPPPPSS
RRRPRRRPRRRPRRRPRRRPRRRPRRRPRPPS
RRRPRRRPRRRPRRPPPPPPPPSSSSSSSSSS
RRPPPPPPPPPPPPPPPPPSSSSSSSSSSSSS
RRPPPPPPPPPPPPPPPPSSSSSSSSSSSSSS
RRRPRRRPPPPPPSSSSSSSSSSSSSSSSSSS
RRRPRRRPRRRPRRRPRRRPRRPPPPPSSSSS
RRRPRRRPRRRPRRRPRPPPPPPPPPPSSSSS
RRPPPPPPSSSSSSSSSSSSSSSSSSSSSSSS
RRRPRRRPRRRPRRRPRRRPRPPPPPPSSSSS
RRRPRRRPRRRPRRRPRRRPRRRPRPRSSSSS
RRRPRRPPPPPPPPPPPPSSSSSSSSSSSSSS
RRRPPPPPPPPSSSSSSSSSSSSSSSSSSSSS
RRRPRRRPRRRPRPRRSSSSSSSSSSSSSSSS
RRRPRRPPPPPPPPPPPPPPPPPPPPPPPSSS
RPPPPPPPPPPPPPPPPPPPPPPSSSSSSSSS
RRRPRRRPRRRPRRRPRRRPRRRPRRRPPPSS
RRRPRRRPRRRPRRRPRRRPRRRPPPPSSSSS
RRRPRRPPPSSSSSSSSSSSSSSSSSSSSSSS
RRRPRRRPRRPPPPSSSSSSSSSSSSSSSSSS
RPPPPPPPPPPPPPPPPPPPPPPPPPPPPSSS
RRRPRRRPRRRPRRRPRRPPPPPPPSSSSSSS
RRRPRRRPRRRPRPPPPPSSSSSSSSSSSSSS
RRRPPPPPPPPPPSSSSSSSSSSSSSSSSSSS
RRRPRRRPRRRPRRRPRRRPRRRPRPPSSSSS
RRRPRRRPRRRPRRPPPPPPPPPPSSSSSSSS
RRRPRRRPRRRPRRRPRPPPPPPPPPPPPSSS
RRRPRRRPPPPSSSSSSSSSSSSSSSSSSSSS
RRRPRRRPRRRPRRRPRRRPRRPPPPPPSSSS
RRRPRPPPPPPPPPPPPPPPPPSSSSSSSSSS
RRRPRRRPRRRPRRRPRRRPRRRPRPPPPPPS
RRRPRRRPRRPPPPPPPPPPPPPPPPPSSSSS
RRRPRRRPRRRPRRRPRRRPRRPPPPPPPSSS
RRRPRRRPRRRPRRRPRRPPPSSSSSSSSSSS
RRRPRRRPRRRPRRRPRRRPPPPPPPSSSSSS
RRRPRRRPRRRPRRRPRRRPRRRPRPPPPPSS
RRRPRRRPRRRPRRPPPPPPPPPPSSSSSSSS
RRRPRRRPRPPPPPPSSSSSSSSSSSSSSSSS
RRPPPPPPPPPPPPPPPPPSSSSSSSSSSSSS
RRRPRRRPRRRPRRRPRRRPPPSSSSSSSSSS
RRRPRRRPRRRPRRRPRRPPPPPSSSSSSSSS
RRRPRRPPPPPPPPSSSSSSSSSSSSSSSSSS
RRRPRRRPRRPPSSSSSSSSSSSSSSSSSSSS
RRRPRRRPRRRPRRRPRRRPPPPSSSSSSSSS
RRRPRRRPRRRPRRRPRRRPPPPPPPPPPPSS
RRRPRRRPRRRPRPRRSSSSSSSSSSSSSSSS