0 91 13 91
0 70 8 56
0 42 4 28
7 35 7 34
43 55 43 54
43 83 43 82
31 29 31 28
0 15 5 15
0 20 9 20
0 70 8 56
61 29 61 28
0 51 5 51
55 78 55 77
0 96 14 84
0 78 11 78
98 73 98 72
0 15 5 15
0 72 15 72
3 33 3 32
5 21 5 20
0 63 12 54
0 135 16 120
107 83 107 82
34 17 34 16
13 27 13 26
0 117 16 104
0 54 4 36
0 112 14 98
0 30 10 25
0 72 11 72
0 119 13 119
0 130 19 130
0 45 9 45
0 15 5 15
3 33 3 32
59 45 59 44
0 42 5 42
0 36 17 36
59 29 59 28
0 90 19 90
0 90 10 75
0 90 10 75
0 126 12 108
88 65 88 64
0 180 18 162
5 33 5 32
0 96 14 84
17 8 17 7
0 120 18 108
0 66 10 55
34 17 34 16
31 65 31 64
0 36 5 36
0 112 13 112
0 60 8 48
55 78 55 77
0 14 3 14
107 83 107 82
0 76 7 76
31 89 31 88
35 17 35 16
47 41 47 40
12 13 12 12
47 16 47 15
0 102 11 102
0 39 5 39
0 162 16 144
12 13 12 12
0 30 4 20
14 7 14 6
21 49 21 48
0 45 5 45
0 12 6 9
97 53 97 52
0 24 10 20
0 56 7 56
0 48 10 40
81 69 81 68
0 170 19 170
0 18 5 18
89 41 89 40
0 126 13 126
24 39 24 38
0 98 13 98
107 83 107 82
0 180 18 162
57 55 57 54
0 108 11 108
0 48 14 42
0 40 8 32
0 56 13 56
41 73 41 72
0 130 18 117
0 65 8 52
13 59 13 58
0 6 3 6
0 128 14 112
21 49 21 48
0 75 9 75
0 162 16 144
55 41 55 40
0 150 18 135
0 32 14 28
0 50 8 40
53 23 53 22
0 95 9 95
0 60 11 60
0 63 17 63
0 24 7 24
0 170 18 153
0 72 7 72
0 84 12 72
0 36 16 32
0 60 18 54
63 39 63 38
19 41 19 40
0 15 4 10
13 19 13 18
55 50 55 49
0 9 5 9
0 15 8 12
0 42 12 36
0 70 9 70
0 64 6 48
11 10 11 9
0 15 5 15
0 24 10 20
0 40 8 32
31 3 31 2
79 31 79 30
0 64 6 48
0 150 18 135
13 27 13 26
41 29 41 28
47 31 47 30
0 33 5 33
43 11 43 10
0 133 12 114
0 91 12 78
7 53 7 52
0 144 15 144
3 25 3 24
0 72 7 72
0 160 19 160
0 40 18 36
59 29 59 28
0 153 17 153
0 35 8 28
0 42 12 36
0 180 18 162
0 30 19 30
38 19 38 18
31 5 31 4
0 20 3 20
0 85 9 85
0 36 7 36
0 80 19 80
55 64 55 63
0 63 16 56
0 60 10 50
0 75 9 75
0 16 7 16
0 117 16 104
0 117 17 117
0 36 5 36
0 15 5 15
0 55 9 55
78 55 78 54
0 56 15 56
0 120 18 108
0 54 17 54
0 40 19 40
0 24 10 20
98 73 98 72
41 19 41 18
0 36 5 36
0 15 5 15
53 19 53 18
0 162 16 144
0 21 4 14
41 49 41 48
41 19 41 18
0 36 17 36
23 3 23 2
85 55 85 54
0 80 18 72
0 16 3 16
0 72 11 72
0 72 6 54
0 36 16 32
0 72 10 60
0 44 6 33
7 3 7 2
0 60 8 48
62 43 62 42
0 90 16 80
71 65 71 64
53 23 53 22
0 60 10 50
0 45 5 45
0 91 13 91
31 65 31 64
19 41 19 40
0 126 16 112
78 55 78 54
0 36 16 32
0 48 5 48
29 15 29 14
0 39 5 39
11 5 11 4
0 15 8 12
0 55 8 44
17 11 17 10
17 8 17 7
73 107 73 106
0 54 16 48
0 72 7 72
0 40 19 40
0 112 12 96
0 78 11 78
28 17 28 16
13 67 13 66
61 19 61 18
91 109 91 108
13 59 13 58
0 56 15 56
29 56 29 55
0 72 16 64
35 5 35 4
0 34 3 34
0 60 18 54
0 50 19 50
0 98 13 98
0 51 5 51
0 30 8 24
0 32 15 32
0 126 16 112
67 63 67 62
0 65 8 52
59 29 59 28
0 56 6 42
0 21 12 18
0 144 14 126
0 70 12 60
91 109 91 108
89 82 89 81
3 33 3 32
0 36 6 27
0 35 8 28
59 22 59 21
0 50 9 50
0 60 7 60
0 98 12 84
0 95 9 95
5 9 5 8
11 16 11 15
0 96 14 84
11 46 11 45
0 64 6 48
19 25 19 24
0 88 14 77
0 100 19 100
0 32 15 32
0 133 12 114
5 21 5 20
19 57 19 56
21 29 21 28
16 29 16 28
0 112 13 112
0 50 8 40
79 57 79 56
0 96 14 84
0 28 7 28
0 54 10 45
21 79 21 78
0 95 8 76
54 31 54 30
0 14 3 14
0 64 15 64
0 112 12 96
71 29 71 28
95 75 95 74
61 19 61 18
0 42 12 36
29 11 29 10
0 128 15 128
0 60 8 48
0 34 3 34
0 68 7 68
0 150 19 150
0 128 15 128
0 108 16 96
0 96 14 84
0 72 10 60
21 59 21 58
41 19 41 18
0 21 13 21
0 153 16 136
21 19 21 18
0 56 14 49
3 17 3 16
0 24 6 18
7 53 7 52
0 33 4 22
31 89 31 88
0 36 6 27
63 39 63 38
0 51 4 34
0 85 8 68
0 24 6 18
23 13 23 12
0 162 17 162
67 41 67 40
0 135 16 120
55 50 55 49
36 45 36 44
0 42 4 28
0 55 8 44
0 112 15 112
0 70 12 60
0 60 6 45
0 70 19 70
5 21 5 20
0 60 8 48
7 3 7 2
23 3 23 2
73 89 73 88
0 42 10 35
22 27 22 26
69 51 69 50
9 6 9 5
0 70 13 70
0 135 16 120
0 70 12 60
35 17 35 16
0 21 5 21
0 90 19 90
0 64 15 64
0 50 19 50
73 89 73 88
29 66 29 65
27 18 27 17
0 85 8 68
0 84 10 70
0 36 11 36
19 57 19 56
0 84 12 72
0 144 16 128
29 36 29 35
0 54 10 45
0 50 19 50
0 90 16 80
0 40 14 35
0 70 12 60
69 51 69 50
31 11 31 10
0 80 14 70
0 112 14 98
0 55 8 44
0 70 9 70
3 9 3 8
51 59 51 58
0 42 4 28
0 40 8 32
0 45 16 40
0 76 7 76
31 3 31 2
0 80 18 72
23 5 23 4
0 104 15 104
0 96 10 80
0 136 15 136
0 70 8 56
34 17 34 16
19 49 19 48
21 39 21 38
0 102 10 85
37 53 37 52
0 60 6 45
36 45 36 44
46 29 46 28
30 15 30 14
69 30 69 29
0 40 8 32
0 36 3 36
19 41 19 40
0 54 17 54
3 9 3 8
11 34 11 33
91 89 91 88
0 72 10 60
81 69 81 68
0 48 4 32
0 98 13 98
0 49 12 42
3 17 3 16
0 56 6 42
0 48 5 48
0 15 4 10
0 36 4 24
0 24 14 21
0 12 4 8
0 150 18 135
0 20 8 16
14 21 14 20
0 48 6 36
98 73 98 72
34 17 34 16
0 144 16 128
0 48 10 40
29 11 29 10
7 41 7 40
23 12 23 11
0 66 11 66
0 135 17 135
34 29 34 28
0 27 17 27
69 51 69 50
0 56 6 42
0 108 10 90
89 63 89 62
95 75 95 74
0 8 3 8
0 84 12 72
0 60 6 45
31 3 31 2
0 30 9 30
73 71 73 70
0 30 3 30
0 32 14 28
27 18 27 17
0 42 10 35
0 42 12 36
13 59 13 58
76 59 76 58
0 68 6 51
0 80 19 80
62 43 62 42
0 72 6 54
0 32 6 24
0 70 8 56
0 8 3 8
0 12 4 8
0 42 12 36
43 97 43 96
0 126 12 108
43 11 43 10
11 10 11 9
0 130 18 117
69 51 69 50
21 19 21 18
0 21 4 14
0 24 3 24
0 48 4 32
11 5 11 4
35 37 35 36
0 126 13 126
0 160 18 144
37 53 37 52
45 19 45 18
0 50 8 40
0 20 8 16
0 63 17 63
0 42 12 36
0 117 17 117
0 95 9 95
73 89 73 88
50 49 50 48
0 56 12 48
0 32 6 24
55 50 55 49
0 140 19 140
53 38 53 37
0 36 6 27
0 160 19 160
43 11 43 10
0 126 13 126
41 73 41 72
0 120 15 120
0 27 4 18
0 28 13 28
0 24 3 24
37 13 37 12
7 17 7 16
0 10 3 10
38 19 38 18
31 77 31 76
29 46 29 45
0 108 10 90
69 30 69 29
0 36 10 30
0 63 12 54
67 41 67 40
69 51 69 50
0 42 4 28
69 30 69 29
70 49 70 48
0 18 4 12
0 36 4 24
0 96 14 84
3 25 3 24
35 14 35 13
19 57 19 56
0 42 12 36
0 56 15 56
0 32 15 32
0 64 14 56
0 52 7 52
89 41 89 40
0 15 9 15
59 29 59 28
53 17 53 16
0 152 14 133
0 50 18 45
0 56 14 49
35 19 35 18
0 40 18 36
19 5 19 4
0 18 5 18
0 90 10 75
0 135 16 120
23 5 23 4
0 40 8 32
0 126 17 126
89 82 89 81
0 144 14 126
16 29 16 28
0 38 3 38
0 27 4 18
35 14 35 13
13 67 13 66
0 18 3 18
0 9 4 6
7 41 7 40
0 28 3 28
0 20 6 15
30 15 30 14
73 89 73 88
0 27 16 24
0 80 9 80
0 36 17 36
0 32 6 24
0 153 16 136
0 28 13 28
0 25 8 20
7 41 7 40
0 15 5 15
13 11 13 10
0 117 17 117
0 80 15 80
0 104 14 91
0 72 16 64
69 51 69 50
0 6 3 6
47 21 47 20
0 36 6 27
24 39 24 38
0 84 12 72
0 108 16 96
0 52 7 52
0 190 19 190
0 45 17 45
89 41 89 40
0 21 4 14
55 50 55 49
0 24 4 16
71 65 71 64
0 30 4 20
0 96 14 84
0 70 18 63
19 25 19 24
0 32 6 24
0 70 9 70
0 150 18 135
34 17 34 16
0 27 16 24
0 80 8 64
23 5 23 4
0 40 18 36
0 50 8 40
0 45 5 45
0 64 6 48
0 50 8 40
37 11 37 10
0 36 10 30
0 126 12 108
0 70 12 60
76 59 76 58
35 37 35 36
0 120 18 108
0 90 17 90
0 70 12 60
0 24 3 24
29 11 29 10
0 60 18 54
0 49 13 49
0 70 13 70
0 63 12 54
0 136 14 119
0 6 3 6
0 144 15 144
13 17 13 16
0 9 5 9
13 51 13 50
13 11 13 10
0 8 3 8
0 96 11 96
0 24 7 24
53 23 53 22
0 27 17 27
0 99 16 88
59 45 59 44
0 50 9 50
3 13 3 12
0 144 14 126
0 18 3 18
0 54 5 54
0 25 8 20
0 80 14 70
10 5 10 4
0 90 16 80
31 5 31 4
0 117 17 117
73 107 73 106
0 42 4 28
43 20 43 19
37 13 37 12
0 24 3 24
0 44 7 44
0 24 4 16
43 20 43 19
107 83 107 82
0 119 12 102
0 28 12 24
0 12 7 12
0 24 5 24
21 59 21 58
21 49 21 48
0 140 19 140
11 10 11 9
5 5 5 4
0 33 5 33
21 19 21 18
23 3 23 2
0 126 12 108
21 49 21 48
0 48 6 36
0 66 11 66
17 11 17 10
0 20 8 16
17 33 17 32
13 35 13 34
0 90 16 80
0 66 10 55
0 35 13 35
73 89 73 88
35 19 35 18
0 20 7 20
0 77 12 66
0 84 12 72
59 22 59 21
55 64 55 63
0 60 11 60
7 29 7 28
15 5 15 4
22 27 22 26
0 27 16 24
19 25 19 24
0 63 12 54
21 29 21 28
79 41 79 40
0 104 14 91
107 83 107 82
0 80 18 72
0 60 19 60
0 42 4 28
43 55 43 54
0 32 7 32
29 11 29 10
0 28 13 28
0 57 5 57
0 136 15 136
78 55 78 54
0 48 14 42
43 69 43 68
0 54 16 48
0 114 11 114
7 23 7 22
0 45 5 45
0 160 19 160
41 19 41 18
0 54 16 48
62 43 62 42
0 72 15 72
0 50 8 40
0 66 11 66
0 112 15 112
0 48 15 48
17 33 17 32
31 5 31 4
0 28 7 28
98 73 98 72
63 39 63 38
0 42 11 42
0 152 14 133
41 29 41 28
0 9 4 6
21 49 21 48
0 102 11 102
0 100 19 100
21 49 21 48
0 114 11 114
35 14 35 13
85 55 85 54
3 17 3 16
19 57 19 56
0 45 4 30
0 68 6 51
0 32 3 32
0 27 4 18
11 40 11 39
0 108 11 108
0 12 4 8
0 170 18 153
0 16 6 12
37 53 37 52
0 16 6 12
15 25 15 24
44 33 44 32
0 49 13 49
0 153 16 136
69 51 69 50
0 80 14 70
0 6 3 6
0 18 11 18
0 60 7 60
0 21 4 14
0 55 9 55
0 24 6 18
20 15 20 14
0 96 14 84
64 53 64 52
29 13 29 12
0 60 18 54
17 33 17 32
0 64 14 56
0 99 17 99
36 45 36 44
71 81 71 80
0 96 15 96
0 160 18 144
41 37 41 36
39 27 39 26
0 112 14 98
0 112 15 112
57 55 57 54
49 11 49 10
11 9 11 8
11 22 11 21
0 48 6 36
35 37 35 36
0 160 19 160
0 80 9 80
0 24 5 24
0 133 12 114
0 57 4 38
0 42 12 36
0 38 3 38
5 17 5 16
0 75 9 75
71 65 71 64
0 36 4 24
0 72 16 64
0 21 4 14
0 65 8 52
29 46 29 45
0 32 14 28
0 126 16 112
0 171 17 171
0 36 10 30
0 14 3 14
0 90 10 75
0 30 11 30
0 54 10 45
0 40 15 40
0 14 3 14
0 45 16 40
0 110 18 99
0 85 8 68
62 43 62 42
0 153 17 153
0 6 3 6
0 24 6 18
11 40 11 39
19 11 19 10
43 41 43 40
0 180 18 162
0 42 12 36
0 96 10 80
0 120 18 108
0 160 18 144
0 110 19 110
47 16 47 15
51 29 51 28
57 71 57 70
13 59 13 58
0 48 4 32
0 90 8 72
0 119 13 119
0 162 17 162
55 78 55 77
13 67 13 66
23 33 23 32
7 53 7 52
47 16 47 15
0 78 10 65
89 71 89 70
5 25 5 24
98 73 98 72
0 32 6 24
14 7 14 6
0 20 3 20
0 144 14 126
0 24 3 24
35 14 35 13
0 40 14 35
43 69 43 68
44 33 44 32
11 40 11 39
69 51 69 50
59 29 59 28
0 126 13 126
24 39 24 38
0 108 17 108
33 12 33 11
0 60 7 60
0 34 3 34
0 150 19 150
17 33 17 32
11 40 11 39
0 105 12 90
0 133 12 114
0 40 8 32
0 81 17 81
0 81 17 81
0 60 9 60
34 17 34 16
21 39 21 38
0 130 18 117
79 57 79 56
0 95 8 76
0 180 19 180
0 81 17 81
13 59 13 58
0 70 8 56
88 65 88 64
0 21 4 14
31 3 31 2
0 108 17 108
0 84 13 84
0 35 9 35
0 42 10 35
0 64 14 56
0 68 6 51
0 40 14 35
61 19 61 18
0 24 5 24
79 41 79 40
0 108 16 96
0 21 4 14
5 9 5 8
3 21 3 20
0 54 17 54
0 35 12 30
0 72 11 72
0 42 5 42
0 56 14 49
7 5 7 4
0 96 14 84
11 9 11 8
0 110 19 110
73 107 73 106
11 28 11 27
0 78 10 65
0 78 10 65
0 60 11 60
3 13 3 12
78 55 78 54
0 32 14 28
18 9 18 8
22 27 22 26
0 30 5 30
0 39 4 26
38 19 38 18
0 48 15 48
0 24 11 24
98 73 98 72
0 105 13 105
0 30 4 20
34 17 34 16
91 109 91 108
0 18 10 15
14 21 14 20
0 100 19 100
0 45 9 45
0 64 6 48
0 50 9 50
0 32 15 32
0 102 11 102
3 9 3 8
59 29 59 28
0 64 15 64
41 15 41 14
0 24 5 24
3 25 3 24
35 37 35 36
0 126 12 108
0 70 8 56
21 49 21 48
0 26 3 26
0 42 11 42
0 136 15 136
0 30 4 20
0 68 6 51
0 90 9 90
19 17 19 16
0 100 19 100
0 190 19 190
107 83 107 82
0 108 10 90
19 17 19 16
0 16 3 16
0 32 3 32
0 24 5 24
0 27 17 27
53 19 53 18
0 42 4 28
0 44 6 33
0 56 13 56
13 17 13 16
0 50 9 50
0 133 12 114
0 45 17 45
0 72 6 54
31 53 31 52
0 40 8 32
0 40 15 40
35 3 35 2
10 5 10 4
0 35 9 35
31 29 31 28
0 25 9 25
71 81 71 80
53 23 53 22
0 77 12 66
0 133 13 133
0 28 12 24
21 59 21 58
29 56 29 55
0 52 6 39
0 75 8 60
0 119 12 102
65 39 65 38
0 28 12 24
0 56 6 42
0 70 9 70
61 29 61 28
0 40 18 36
0 28 6 21
0 108 16 96
0 153 16 136
0 80 8 64
0 16 6 12
0 84 12 72
13 43 13 42
0 22 3 22
13 19 13 18
0 75 9 75
29 56 29 55
0 56 13 56
97 53 97 52
0 52 6 39
0 98 12 84
0 90 18 81
0 108 16 96
0 85 9 85
0 34 3 34
0 32 15 32
0 30 4 20
53 19 53 18
3 33 3 32
0 70 9 70
0 80 14 70
0 21 13 21
0 90 16 80
0 120 15 120
0 21 13 21
3 29 3 28
0 81 16 72
0 170 19 170