0 16 3 16
67 63 67 62
0 60 19 60
0 54 16 48
19 3 19 2
0 24 4 16
7 23 7 22
0 38 3 38
0 45 8 36
24 39 24 38
0 36 16 32
0 21 4 14
0 90 16 80
0 18 5 18
54 37 54 36
11 3 11 2
22 27 22 26
0 153 17 153
11 40 11 39
0 21 5 21
7 3 7 2
0 54 16 48
17 11 17 10
0 72 17 72
0 36 4 24
0 30 4 20
11 16 11 15
0 72 6 54
17 11 17 10
0 15 5 15
0 114 11 114
0 8 3 8
17 11 17 10
0 36 4 24
34 17 34 16
3 5 3 4
0 80 14 70
87 66 87 65
0 68 7 68
0 56 13 56
36 45 36 44
0 126 16 112
0 10 3 10
31 29 31 28
0 36 4 24
0 68 7 68
0 95 9 95
0 24 6 18
0 130 19 130
0 57 4 38
0 50 8 40
47 21 47 20
19 25 19 24
34 29 34 28
0 16 6 12
13 51 13 50
69 30 69 29
0 90 11 90
0 32 3 32
73 107 73 106
17 11 17 10
0 70 8 56
95 75 95 74
0 64 15 64
0 30 18 27
0 100 18 90
79 41 79 40
0 50 19 50
11 46 11 45
0 50 9 50
0 21 13 21
81 69 81 68
0 48 4 32
0 40 14 35
0 100 19 100
3 13 3 12
35 5 35 4
0 18 10 15
0 28 6 21
34 21 34 20
0 28 12 24
7 5 7 4
0 152 15 152
0 60 7 60
89 82 89 81
0 96 14 84
0 24 4 16
31 11 31 10
0 126 16 112
0 70 9 70
0 110 18 99
0 54 10 45
57 103 57 102
0 24 5 24
13 7 13 6
0 135 16 120
0 49 12 42
0 54 10 45
69 51 69 50
3 29 3 28
0 35 13 35
0 66 11 66
3 17 3 16
0 33 5 33
0 110 19 110
0 70 12 60
5 13 5 12
0 96 11 96
0 40 6 30
44 33 44 32
0 90 16 80
0 117 17 117
31 41 31 40
13 17 13 16
0 144 17 144
0 126 16 112
0 24 14 21
0 140 19 140
88 65 88 64
0 30 4 20
3 17 3 16
0 112 14 98
0 152 15 152
0 56 13 56
0 45 4 30
0 117 17 117
13 17 13 16
0 45 4 30
31 29 31 28
0 18 5 18
0 84 11 84
45 19 45 18
59 22 59 21
79 57 79 56
79 31 79 30
0 35 12 30
0 160 18 144
0 100 19 100
31 89 31 88
0 162 16 144
53 19 53 18
0 95 8 76
0 18 4 12
29 66 29 65
0 15 8 12
0 40 6 30
0 144 17 144
73 41 73 40
0 91 13 91
0 56 14 49
0 108 11 108
0 45 9 45
65 39 65 38
0 42 12 36
0 28 13 28
67 23 67 22
29 26 29 25
0 27 5 27
0 30 18 27
0 90 16 80
0 112 14 98
0 133 12 114
0 60 9 60
0 20 7 20
0 128 15 128
11 40 11 39
19 33 19 32
0 80 14 70
0 64 14 56
0 140 18 126
0 160 18 144
0 10 3 10
0 100 19 100
21 39 21 38
0 81 17 81
0 112 15 112
0 45 17 45
61 19 61 18
0 130 19 130
0 76 7 76
23 12 23 11
73 41 73 40
17 11 17 10
29 19 29 18
0 96 15 96
0 98 13 98
0 190 18 171
0 136 14 119
0 12 3 12
0 63 13 63
0 80 18 72
0 70 18 63
11 22 11 21
13 19 13 18
89 41 89 40
35 3 35 2
5 21 5 20
0 40 8 32
0 72 17 72
0 104 14 91
3 9 3 8
51 29 51 28
0 26 3 26
0 81 17 81
0 30 9 30
71 81 71 80
0 24 10 20
0 95 8 76
79 41 79 40
0 10 3 10
0 90 9 90
0 36 16 32
0 66 11 66
0 24 4 16
0 42 13 42
0 80 15 80
29 36 29 35
107 83 107 82
37 11 37 10
0 35 9 35
0 48 7 48
0 51 4 34
0 100 19 100
55 50 55 49
0 84 12 72
0 10 3 10
7 3 7 2
0 120 14 105
0 32 14 28
71 65 71 64
0 96 15 96
0 32 6 24
0 28 12 24
51 59 51 58
25 10 25 9
41 73 41 72
0 14 3 14
78 55 78 54
51 29 51 28
0 45 9 45
44 33 44 32
0 45 9 45
11 16 11 15
0 102 10 85
7 53 7 52
0 160 18 144
7 5 7 4
36 45 36 44
47 31 47 30
10 5 10 4
0 96 14 84
0 75 9 75
36 45 36 44
0 72 7 72
0 64 6 48
0 153 16 136
0 39 4 26
0 30 4 20
0 42 4 28
0 40 19 40
21 19 21 18
25 45 25 44
0 70 18 63
37 11 37 10
38 19 38 18
25 11 25 10
0 78 11 78
3 13 3 12
0 119 12 102
0 80 15 80
21 9 21 8
25 10 25 9
0 56 12 48
0 39 5 39
43 55 43 54
0 70 13 70
89 63 89 62
0 96 11 96
0 36 16 32
0 40 7 40
0 108 17 108
31 53 31 52
0 90 10 75
0 18 4 12
0 144 16 128
0 91 12 78
10 5 10 4
61 29 61 28
0 12 4 8
0 84 11 84
0 12 5 12
0 90 8 72
29 66 29 65
5 9 5 8
0 42 12 36
0 45 17 45
0 153 17 153
0 24 10 20
29 36 29 35
71 55 71 54
0 21 13 21
0 34 3 34
0 128 14 112
0 144 16 128
0 136 14 119
0 72 15 72
0 40 8 32
0 30 8 24
0 190 18 171
29 15 29 14
0 144 14 126
0 35 12 30
17 11 17 10
25 45 25 44
29 36 29 35
0 130 18 117
0 45 4 30
47 21 47 20
0 135 16 120
0 54 4 36
0 160 19 160
0 42 5 42
0 30 18 27
0 56 12 48
0 24 7 24
50 49 50 48
0 84 13 84
27 3 27 2
0 49 13 49
0 48 11 48
0 60 7 60
0 112 12 96
5 17 5 16
49 28 49 27
17 11 17 10
0 48 11 48
21 59 21 58
0 36 10 30
25 11 25 10
0 30 10 25
0 96 10 80
0 40 8 32
0 120 15 120
0 39 4 26
43 55 43 54
0 144 14 126
0 60 6 45
0 40 6 30
89 71 89 70
0 130 19 130
19 17 19 16
0 42 10 35
0 63 17 63
0 90 17 90
0 136 14 119
19 25 19 24
0 171 17 171
55 50 55 49
0 72 16 64
0 108 11 108
0 48 7 48
0 162 16 144
89 82 89 81
23 13 23 12
0 96 10 80
70 49 70 48
0 50 8 40
3 25 3 24
0 120 18 108
0 85 8 68
0 130 18 117
0 98 12 84
19 5 19 4
13 35 13 34
34 17 34 16
0 88 15 88
0 36 17 36
78 55 78 54
0 27 16 24
0 24 14 21
19 5 19 4
0 18 11 18
60 35 60 34
0 50 19 50
7 17 7 16
0 30 8 24
0 45 8 36
31 53 31 52
0 180 19 180
0 18 10 15
76 59 76 58
31 23 31 22
0 153 16 136
0 170 19 170
0 30 4 20
0 36 10 30
0 36 10 30
0 108 16 96
0 30 19 30
0 40 14 35
0 120 18 108
0 96 15 96
0 20 8 16
0 12 6 9
13 35 13 34
0 90 11 90
0 30 3 30
0 40 8 32
0 15 8 12
31 29 31 28
57 55 57 54
89 71 89 70
0 35 12 30
41 73 41 72
0 110 19 110
41 37 41 36
71 55 71 54
0 20 9 20
0 98 13 98
3 5 3 4
29 56 29 55
27 18 27 17
0 112 13 112
11 10 11 9
0 91 12 78
65 39 65 38
0 112 12 96
0 180 19 180
0 54 11 54
21 21 21 20
23 13 23 12
0 117 16 104
0 40 6 30
0 120 15 120
70 49 70 48
43 69 43 68
57 103 57 102
71 29 71 28
0 36 4 24
0 99 17 99
0 27 17 27
0 75 9 75
0 36 5 36
0 28 6 21
0 102 10 85
22 27 22 26
31 53 31 52
0 114 10 95
0 90 8 72
0 34 3 34
0 144 14 126
88 65 88 64
0 18 3 18
0 112 12 96
0 63 16 56
59 45 59 44
3 21 3 20
0 180 18 162
0 105 13 105
0 60 8 48
73 71 73 70
0 40 14 35
0 21 5 21
0 60 18 54
57 103 57 102
0 117 17 117
7 47 7 46
0 54 17 54
0 36 10 30
0 32 15 32
0 35 13 35
57 103 57 102
0 40 19 40
0 16 6 12
0 91 13 91
0 95 9 95
3 29 3 28
0 160 18 144
43 11 43 10
0 150 19 150
0 24 14 21
0 144 16 128
0 144 15 144
0 39 5 39
0 28 3 28
44 33 44 32
69 51 69 50
0 100 19 100
0 104 15 104
57 71 57 70
29 13 29 12
0 117 16 104
0 126 17 126
0 48 10 40
29 46 29 45
0 42 12 36
0 126 12 108
0 12 3 12
0 117 16 104
0 66 10 55
62 43 62 42
0 84 11 84
0 40 7 40
11 40 11 39
55 35 55 34
31 11 31 10
0 70 8 56
43 11 43 10
19 17 19 16
0 119 12 102
0 22 3 22
65 39 65 38
0 57 5 57
0 108 11 108
29 26 29 25
0 55 9 55
39 27 39 26
0 56 12 48
0 30 11 30
0 128 15 128
0 16 6 12
0 108 11 108
0 21 5 21
0 20 3 20
0 95 8 76
0 72 7 72
0 72 14 63
19 3 19 2
0 56 13 56
0 56 13 56
0 30 10 25
19 17 19 16
0 48 11 48
15 25 15 24
76 59 76 58
55 64 55 63
0 36 11 36
0 32 14 28
0 22 3 22
0 54 11 54
26 13 26 12
89 63 89 62
0 126 16 112
0 90 11 90
0 40 15 40
0 102 11 102
0 91 12 78
0 60 8 48
67 63 67 62
0 105 13 105
17 33 17 32
0 48 4 32
0 102 11 102
0 144 17 144
0 96 14 84
13 7 13 6
0 105 13 105
0 54 16 48
0 49 12 42
45 19 45 18
19 41 19 40
0 27 5 27
0 72 10 60
29 11 29 10
3 17 3 16
0 25 9 25
29 26 29 25
91 109 91 108
0 108 16 96
0 96 11 96
22 11 22 10
0 64 15 64
0 40 18 36
0 90 16 80
57 103 57 102
0 42 4 28
0 78 10 65
0 180 18 162
0 48 5 48
21 29 21 28
0 78 11 78
0 91 12 78
11 40 11 39
0 48 10 40
0 70 13 70
0 54 5 54
0 98 13 98
0 9 4 6
0 28 6 21
0 98 13 98
0 60 8 48
0 96 10 80
29 46 29 45
13 11 13 10
0 76 7 76
0 12 3 12
21 39 21 38
0 16 7 16
39 27 39 26
0 144 14 126
0 15 5 15
15 3 15 2
18 9 18 8
11 5 11 4
35 17 35 16
0 36 4 24
0 72 6 54
0 35 13 35
0 70 12 60
0 24 15 24
0 33 4 22
0 85 9 85
0 36 16 32
0 153 17 153
0 48 11 48
3 37 3 36
51 59 51 58
9 6 9 5
0 64 14 56
0 70 12 60
95 75 95 74
21 21 21 20
5 17 5 16
29 56 29 55
0 32 6 24
0 160 19 160
0 28 6 21
0 108 17 108
0 152 15 152
70 49 70 48
13 67 13 66
0 60 9 60
0 119 12 102
0 24 10 20
0 126 17 126
47 31 47 30
0 18 4 12
0 21 4 14
57 103 57 102
0 28 3 28
89 41 89 40
65 39 65 38
0 24 5 24
0 90 10 75
0 30 5 30
0 32 14 28
0 54 16 48
3 33 3 32
0 130 19 130
0 144 17 144
0 50 18 45
17 11 17 10
0 80 9 80
0 32 3 32
0 30 8 24
13 27 13 26
13 17 13 16
0 20 8 16
0 16 7 16
76 59 76 58
0 72 17 72
0 15 5 15
0 8 3 8
0 36 4 24
0 104 15 104
0 32 15 32
0 60 10 50
0 140 19 140
0 64 14 56
0 95 8 76
0 45 4 30
5 5 5 4
17 11 17 10
0 144 16 128
0 112 14 98
3 13 3 12
23 5 23 4
91 109 91 108
21 21 21 20
0 36 10 30
54 31 54 30
0 96 14 84
55 50 55 49
29 19 29 18
67 41 67 40
39 27 39 26
0 100 19 100
0 150 19 150
0 55 8 44
0 40 6 30
35 14 35 13
13 43 13 42
37 13 37 12
0 24 7 24
0 24 14 21
65 39 65 38
43 69 43 68
79 31 79 30
0 48 11 48
0 48 5 48
0 27 17 27
0 24 3 24
0 24 3 24
0 98 13 98
13 7 13 6
89 71 89 70
0 76 6 57
0 63 13 63
3 9 3 8
0 40 7 40
55 35 55 34
0 21 5 21
0 112 12 96
59 45 59 44
0 70 12 60
0 39 5 39
0 126 17 126
107 83 107 82
0 68 6 51
63 39 63 38
0 190 19 190
0 48 14 42
25 11 25 10
91 89 91 88
0 140 19 140
57 71 57 70
23 13 23 12
0 108 16 96
0 12 3 12
47 16 47 15
0 50 8 40
0 96 15 96
0 171 17 171
0 54 5 54
10 5 10 4
7 3 7 2
81 69 81 68
0 8 3 8
19 11 19 10
0 63 12 54
0 16 7 16
0 16 3 16
91 89 91 88
39 27 39 26
13 17 13 16
0 70 12 60
29 56 29 55
41 49 41 48
0 16 6 12
23 13 23 12
19 5 19 4
0 96 11 96
0 99 17 99
0 80 15 80
73 107 73 106
0 16 6 12
0 12 7 12
0 130 18 117
11 28 11 27
0 45 4 30
30 15 30 14
0 105 12 90
0 80 18 72
19 17 19 16
71 81 71 80
0 24 3 24
0 60 9 60
30 15 30 14
24 39 24 38
0 128 14 112
0 32 14 28
0 20 8 16
0 45 4 30
22 27 22 26
0 85 8 68
0 24 6 18
0 32 14 28
0 77 13 77
0 48 4 32
0 70 19 70
79 41 79 40
0 52 6 39
0 22 3 22
0 9 5 9
0 96 10 80
0 90 16 80
21 39 21 38
0 65 9 65
53 17 53 16
19 3 19 2
0 45 9 45
7 3 7 2
0 84 13 84
0 32 6 24
14 21 14 20
0 90 17 90
0 77 12 66
30 15 30 14
29 26 29 25
43 11 43 10
0 6 3 6
0 120 18 108
0 65 8 52
23 3 23 2
0 81 17 81
0 16 6 12
0 54 5 54
0 56 6 42
0 20 8 16
0 144 17 144
31 41 31 40
0 66 11 66
3 29 3 28
0 32 6 24
0 72 10 60
11 34 11 33
0 57 5 57
35 3 35 2
57 103 57 102
41 19 41 18
0 36 16 32
0 48 15 48
0 50 18 45
0 120 19 120
0 9 5 9
0 140 18 126
0 110 19 110
0 72 14 63
49 11 49 10
5 13 5 12
0 95 8 76
0 24 4 16
0 126 16 112
0 140 18 126
0 70 9 70
0 60 11 60
0 42 10 35
31 53 31 52
0 108 10 90
0 102 10 85
0 36 16 32
73 71 73 70
73 89 73 88
0 18 4 12
89 82 89 81
38 19 38 18
0 72 10 60
0 128 14 112
0 32 14 28
0 45 9 45
0 90 9 90
49 28 49 27
0 140 18 126
5 33 5 32
31 23 31 22
0 112 12 96
0 15 5 15
0 15 4 10
5 9 5 8
0 40 7 40
0 52 6 39
0 27 17 27
0 81 17 81
0 70 19 70
0 76 7 76
0 28 13 28
0 144 14 126
0 40 18 36
0 120 19 120
37 13 37 12
0 16 7 16
35 19 35 18
21 9 21 8
0 18 11 18
11 3 11 2
3 9 3 8
0 18 4 12
55 64 55 63
0 66 10 55
11 10 11 9
0 55 9 55
0 70 9 70
0 108 16 96
0 22 3 22
0 24 10 20
0 45 16 40
31 23 31 22
3 13 3 12
55 35 55 34
0 78 11 78
55 41 55 40
23 13 23 12
0 60 10 50
27 3 27 2
0 45 4 30
0 16 6 12
0 18 4 12
0 16 6 12
0 6 3 6
0 60 8 48
0 65 8 52
0 30 8 24
0 64 14 56
3 21 3 20
47 31 47 30
0 110 19 110
7 11 7 10
0 24 15 24
33 12 33 11
34 29 34 28
57 87 57 86
0 119 12 102
0 60 10 50
7 35 7 34
11 28 11 27
0 40 15 40
0 105 13 105
55 78 55 77
0 135 17 135
0 8 3 8
0 24 3 24
11 46 11 45
0 63 17 63
0 15 5 15
0 27 16 24
55 50 55 49
0 65 9 65
34 21 34 20
0 30 4 20
0 12 6 9
43 55 43 54
19 49 19 48
0 48 11 48
0 98 12 84
0 30 5 30
41 61 41 60
0 108 16 96
0 64 6 48
5 29 5 28
0 100 18 90
71 65 71 64
0 153 16 136
71 55 71 54
29 56 29 55
0 72 14 63
33 12 33 11
0 21 5 21
0 90 16 80
0 180 18 162
0 110 18 99
0 44 6 33
0 8 3 8
37 13 37 12
11 34 11 33
0 114 10 95
34 21 34 20
21 19 21 18
41 73 41 72
0 39 4 26
0 60 6 45
11 5 11 4
55 78 55 77
0 21 4 14
0 66 11 66
69 51 69 50
7 23 7 22
31 11 31 10
0 68 7 68
0 24 11 24
3 33 3 32
5 9 5 8
31 89 31 88
3 33 3 32
0 52 7 52
0 60 10 50
0 15 8 12
0 9 4 6
0 28 6 21
0 64 7 64
0 6 3 6
0 30 5 30
89 82 89 81
103 67 103 66
0 76 7 76
0 84 13 84
0 152 14 133
3 9 3 8
13 35 13 34
0 35 9 35
0 30 11 30
0 30 8 24
31 11 31 10
29 46 29 45
31 65 31 64
0 36 17 36
76 59 76 58
49 28 49 27
73 41 73 40
0 88 14 77
38 19 38 18