0 20 8 16
0 40 18 36
34 17 34 16
21 49 21 48
0 36 10 30
51 29 51 28
5 9 5 8
0 96 14 84
11 9 11 8
69 51 69 50
43 20 43 19
0 60 11 60
0 84 12 72
0 72 10 60
0 128 15 128
0 42 11 42
0 153 16 136
0 33 5 33
0 33 4 22
13 67 13 66
0 18 5 18
25 45 25 44
0 42 10 35
0 70 12 60
0 36 5 36
0 80 14 70
0 119 13 119
21 59 21 58
0 54 4 36
57 87 57 86
0 90 19 90
0 54 16 48
47 16 47 15
91 109 91 108
89 41 89 40
43 97 43 96
78 55 78 54
19 41 19 40
0 77 12 66
63 39 63 38
107 83 107 82
43 20 43 19
0 51 5 51
0 42 12 36
0 25 9 25
31 77 31 76
0 42 12 36
0 30 4 20
16 29 16 28
0 36 4 24
39 27 39 26
51 29 51 28
41 73 41 72
35 37 35 36
57 87 57 86
25 11 25 10
0 84 10 70
0 60 19 60
43 83 43 82
19 49 19 48
0 54 4 36
23 3 23 2
0 20 9 20
53 17 53 16
0 76 6 57
41 61 41 60
0 150 19 150
3 17 3 16
15 25 15 24
64 53 64 52
0 126 12 108
0 180 19 180
29 11 29 10
0 72 17 72
0 42 12 36
41 29 41 28
91 89 91 88
41 73 41 72
23 13 23 12
0 56 6 42
35 5 35 4
0 100 18 90
7 29 7 28
7 53 7 52
54 31 54 30
0 15 9 15
0 56 12 48
0 36 10 30
0 54 16 48
47 16 47 15
19 57 19 56
0 18 5 18
0 12 6 9
0 144 17 144
0 24 11 24
0 24 4 16
0 6 3 6
0 9 5 9
0 6 3 6
0 70 8 56
89 71 89 70
0 12 6 9
49 28 49 27
0 108 17 108
11 22 11 21
0 160 18 144
0 63 16 56
0 28 13 28
0 170 18 153
41 19 41 18
34 29 34 28
21 49 21 48
89 63 89 62
0 140 18 126
0 80 14 70
3 5 3 4
0 64 6 48
0 98 12 84
0 54 16 48
0 32 14 28
27 3 27 2
41 37 41 36
40 25 40 24
67 41 67 40
0 153 16 136
0 27 16 24
0 80 14 70
41 61 41 60
24 39 24 38
0 170 18 153
0 50 18 45
91 109 91 108
0 65 9 65
0 100 18 90
0 63 17 63
0 56 14 49
0 50 9 50
35 37 35 36
29 15 29 14
49 11 49 10
21 49 21 48
79 57 79 56
0 117 17 117
0 190 18 171
11 10 11 9
5 33 5 32
0 140 19 140
0 99 16 88
0 128 14 112
43 55 43 54
9 6 9 5
0 112 13 112
0 15 8 12
0 12 7 12
0 21 5 21
0 76 7 76
13 7 13 6
0 160 18 144
31 77 31 76
0 84 13 84
0 30 4 20
0 48 4 32
0 54 10 45
0 130 19 130
60 35 60 34
79 31 79 30
23 13 23 12
0 102 11 102
0 15 8 12
0 50 19 50
0 42 13 42
29 11 29 10
23 5 23 4
39 27 39 26
73 107 73 106
0 20 3 20
0 16 6 12
0 56 6 42
0 80 8 64
11 34 11 33
19 11 19 10
0 48 6 36
0 6 3 6
11 22 11 21
107 83 107 82
0 56 7 56
0 99 16 88
0 72 10 60
0 39 5 39
55 35 55 34
0 40 7 40
0 84 12 72
0 20 8 16
35 14 35 13
0 36 3 36
0 33 4 22
0 30 10 25
59 29 59 28
0 96 15 96
47 21 47 20
0 48 7 48
3 25 3 24
5 25 5 24
0 12 6 9
0 49 13 49
37 13 37 12
88 65 88 64
53 38 53 37
69 30 69 29
0 40 15 40
17 33 17 32
0 140 18 126
0 68 6 51
29 66 29 65
0 126 16 112
0 88 14 77
0 28 3 28
91 89 91 88
0 24 15 24
0 36 4 24
0 24 10 20
14 21 14 20
0 40 18 36
0 16 6 12
0 48 4 32
0 70 9 70
71 55 71 54
17 33 17 32
0 162 16 144
0 54 17 54
19 25 19 24
34 21 34 20
3 5 3 4
60 35 60 34
41 37 41 36
0 171 17 171
0 64 14 56
23 5 23 4
0 114 11 114
0 36 17 36
20 15 20 14
0 56 12 48
13 7 13 6
0 44 7 44
17 11 17 10
0 26 3 26
0 54 4 36
0 48 10 40
41 37 41 36
0 81 16 72
0 99 16 88
0 16 7 16
31 77 31 76
31 77 31 76
41 49 41 48
0 112 12 96
0 108 16 96
17 11 17 10
27 3 27 2
13 19 13 18
12 13 12 12
23 12 23 11
0 25 9 25
0 144 15 144
0 60 7 60
22 27 22 26
0 51 4 34
21 29 21 28
13 51 13 50
0 24 4 16
47 16 47 15
0 64 7 64
0 70 12 60
0 48 15 48
0 70 9 70
31 3 31 2
19 57 19 56
0 171 16 152
31 89 31 88
0 6 3 6
37 19 37 18
0 15 5 15
37 11 37 10
0 119 12 102
0 38 3 38
29 46 29 45
41 49 41 48
19 11 19 10
103 67 103 66
0 20 7 20
54 37 54 36
0 77 12 66
0 56 15 56
16 29 16 28
0 18 4 12
0 30 8 24
37 19 37 18
0 162 17 162
0 65 8 52
0 36 10 30
0 110 18 99
13 35 13 34
0 22 3 22
0 28 7 28
0 162 16 144
15 5 15 4
0 72 7 72
0 12 3 12
0 81 17 81
3 13 3 12
0 153 16 136
78 55 78 54
87 66 87 65
0 70 8 56
43 41 43 40
0 98 13 98
0 12 6 9
0 36 11 36
98 73 98 72
47 21 47 20
0 180 18 162
5 17 5 16
89 63 89 62
73 71 73 70
0 20 7 20
17 33 17 32
0 30 9 30
37 53 37 52
0 28 7 28
71 29 71 28
0 64 14 56
98 73 98 72
71 55 71 54
0 30 10 25
0 128 14 112
0 36 16 32
0 28 3 28
0 48 14 42
33 12 33 11
47 41 47 40
0 54 16 48
0 56 12 48
0 153 17 153
0 128 15 128
0 12 6 9
0 40 15 40
0 45 8 36
5 33 5 32
0 40 6 30
11 9 11 8
69 51 69 50
0 24 7 24
0 50 8 40
0 40 6 30
103 67 103 66
0 50 9 50
0 70 9 70
53 19 53 18
0 150 18 135
28 17 28 16
0 15 9 15
0 24 6 18
65 39 65 38
0 95 8 76
0 112 12 96
0 133 12 114
0 32 14 28
0 72 10 60
24 39 24 38
0 90 18 81
18 9 18 8
17 8 17 7
0 126 17 126
0 88 15 88
27 5 27 4
0 150 18 135
0 60 10 50
0 104 14 91
0 153 16 136
54 37 54 36
0 24 15 24
0 42 13 42
53 23 53 22
31 29 31 28
0 119 13 119
0 190 19 190
43 83 43 82
0 126 12 108
0 45 5 45
0 20 3 20
19 3 19 2
34 17 34 16
0 57 4 38
57 71 57 70
0 126 17 126
0 60 8 48
0 108 10 90
0 126 12 108
0 112 13 112
0 16 6 12
0 44 6 33
5 21 5 20
0 20 8 16
0 56 12 48
0 84 10 70
0 77 13 77
0 99 16 88
17 11 17 10
0 120 18 108
0 16 6 12
0 16 6 12
31 29 31 28
0 42 13 42
0 160 19 160
43 41 43 40
0 57 5 57
0 85 8 68
55 41 55 40
0 15 4 10
0 28 3 28
29 15 29 14
0 64 15 64
44 33 44 32
0 36 10 30
0 108 16 96
0 28 12 24
0 90 19 90
0 48 10 40
31 65 31 64
27 5 27 4
0 152 15 152
0 28 3 28
0 84 10 70
0 51 5 51
0 48 14 42
35 5 35 4
5 29 5 28
29 66 29 65
41 61 41 60
0 108 16 96
0 133 12 114
0 130 18 117
0 28 7 28
0 64 6 48
9 6 9 5
0 96 10 80
13 19 13 18
0 60 18 54
91 89 91 88
45 19 45 18
0 95 9 95
15 3 15 2
31 29 31 28
91 89 91 88
0 108 16 96
0 70 12 60
0 190 19 190
83 52 83 51
0 40 18 36
0 70 9 70
3 29 3 28
53 23 53 22
0 16 7 16
20 15 20 14
13 43 13 42
0 64 14 56
0 48 10 40
73 89 73 88
0 76 7 76
69 51 69 50
5 5 5 4
0 30 9 30
69 51 69 50
7 5 7 4
89 63 89 62
0 180 19 180
57 55 57 54
0 40 9 40
0 27 5 27
0 119 13 119
53 17 53 16
0 51 5 51
0 153 16 136
0 33 5 33
103 67 103 66
35 3 35 2
0 32 15 32
0 48 5 48
0 48 10 40
0 36 16 32
0 42 11 42
0 90 17 90
19 17 19 16
37 13 37 12
11 9 11 8
0 49 12 42
0 85 8 68
67 41 67 40
0 20 6 15
0 57 4 38
79 57 79 56
0 136 14 119
41 73 41 72
0 144 14 126
59 45 59 44
37 13 37 12
0 63 16 56
57 55 57 54
0 20 7 20
63 39 63 38
0 32 15 32
0 80 18 72
0 15 4 10
0 100 19 100
0 68 6 51
0 140 19 140
0 105 13 105
0 56 12 48
0 20 8 16
0 81 17 81
11 46 11 45
19 41 19 40
0 90 18 81
0 99 17 99
0 60 9 60
46 29 46 28
0 56 14 49
17 33 17 32
89 41 89 40
0 112 12 96
0 20 8 16
0 112 12 96
0 80 8 64
67 63 67 62
0 56 6 42
37 53 37 52
53 17 53 16
71 81 71 80
0 52 6 39
0 135 16 120
0 18 5 18
49 28 49 27
0 80 15 80
31 53 31 52
0 80 14 70
25 11 25 10
21 49 21 48
0 72 7 72
0 45 5 45
19 17 19 16
0 63 13 63
0 48 7 48
0 40 14 35
0 36 7 36
55 78 55 77
0 90 9 90
0 40 7 40
0 48 4 32
0 84 12 72
0 144 16 128
0 28 12 24
0 10 3 10
0 45 16 40
71 55 71 54
41 15 41 14
88 65 88 64
0 50 8 40
0 15 4 10
31 65 31 64
3 37 3 36
0 88 14 77
43 69 43 68
21 19 21 18
107 83 107 82
0 98 12 84
0 63 13 63
0 80 14 70
0 40 8 32
0 90 18 81
0 56 6 42
0 24 4 16
0 32 14 28
0 27 4 18
7 47 7 46
0 160 19 160
57 55 57 54
0 108 11 108
55 50 55 49
0 190 18 171
0 15 5 15
0 40 8 32
31 11 31 10
71 81 71 80
11 16 11 15
29 36 29 35
20 15 20 14
0 110 19 110
0 99 17 99
0 36 4 24
0 70 12 60
0 72 14 63
0 18 4 12
0 18 5 18
0 60 7 60
7 47 7 46
0 68 6 51
0 84 11 84
7 53 7 52
0 56 6 42
0 98 12 84
0 76 7 76
0 21 5 21
0 126 17 126
0 72 11 72
87 66 87 65
0 78 10 65
0 45 5 45
19 49 19 48
39 27 39 26
0 126 17 126
0 170 19 170
0 40 8 32
0 144 14 126
13 7 13 6
0 33 5 33
0 65 9 65
0 56 12 48
73 41 73 40
0 98 13 98
0 32 6 24
0 126 13 126
0 72 11 72
0 30 8 24
0 60 10 50
5 29 5 28
7 53 7 52
0 90 17 90
41 29 41 28
0 135 17 135
41 73 41 72
35 14 35 13
0 76 7 76
0 72 6 54
0 100 18 90
0 72 17 72
0 70 12 60
43 97 43 96
0 16 7 16
73 41 73 40
28 17 28 16
0 48 15 48
0 18 4 12
0 18 4 12
0 90 19 90
0 48 5 48
29 46 29 45
0 63 12 54
0 20 6 15
0 52 6 39
59 22 59 21
0 120 19 120
47 16 47 15
27 18 27 17
59 45 59 44
41 37 41 36
0 15 4 10
0 63 12 54
35 19 35 18
0 70 18 63
28 17 28 16
0 51 5 51
0 18 5 18
7 35 7 34
0 104 14 91
31 5 31 4
0 15 9 15
79 31 79 30
0 36 16 32
0 140 19 140
0 140 18 126
7 3 7 2
0 140 19 140
0 114 10 95
0 10 3 10
47 21 47 20
10 5 10 4
91 109 91 108
0 48 10 40
0 56 13 56
0 32 15 32
0 48 7 48
0 90 19 90
51 59 51 58
0 18 10 15
0 171 17 171
35 3 35 2
0 60 10 50
50 49 50 48
19 25 19 24
0 52 7 52
0 56 15 56
0 96 10 80
0 112 15 112
0 171 16 152
7 53 7 52
29 11 29 10
0 8 3 8
0 150 19 150
16 29 16 28
33 12 33 11
0 48 4 32
5 5 5 4
0 27 16 24
0 133 12 114
0 85 8 68
91 109 91 108
0 119 13 119
0 33 4 22
0 66 10 55
0 98 13 98
0 160 19 160
0 28 12 24
0 84 10 70
23 13 23 12
0 21 5 21
0 28 12 24
0 112 14 98
0 64 7 64
0 28 3 28
0 39 4 26
0 36 10 30
37 13 37 12
0 16 6 12
0 108 10 90
0 90 9 90
0 36 16 32
0 114 10 95
71 65 71 64
0 88 14 77
11 5 11 4
0 36 3 36
0 50 9 50
88 65 88 64
0 36 10 30
45 19 45 18
0 9 4 6
51 21 51 20
0 56 14 49
11 28 11 27
0 40 8 32
0 68 6 51
0 95 9 95
91 89 91 88
55 64 55 63
0 130 18 117
34 21 34 20
39 27 39 26
55 64 55 63
79 31 79 30
0 60 8 48
0 117 16 104
0 105 13 105
0 170 18 153
11 10 11 9
43 41 43 40
64 53 64 52
0 30 3 30
0 45 17 45
0 9 5 9
0 119 13 119
0 20 8 16
0 12 3 12
0 25 8 20
0 96 14 84
11 46 11 45
0 44 6 33
0 24 11 24
3 17 3 16
29 36 29 35
0 42 4 28
14 7 14 6
103 67 103 66
3 17 3 16
62 43 62 42
0 56 14 49
0 180 18 162
0 105 12 90
0 162 17 162
19 41 19 40
34 21 34 20
29 19 29 18
7 3 7 2
0 128 14 112
0 180 18 162
29 19 29 18
19 57 19 56
3 33 3 32
73 41 73 40
21 49 21 48
0 108 16 96
41 37 41 36
0 78 10 65
0 40 18 36
29 66 29 65
0 144 14 126
37 19 37 18
0 112 12 96
0 24 10 20
51 59 51 58
11 16 11 15
14 21 14 20
57 87 57 86
107 83 107 82
103 67 103 66
0 135 16 120
0 32 7 32
0 117 16 104
34 17 34 16
91 89 91 88
25 11 25 10
0 66 10 55
5 13 5 12
0 90 11 90
0 48 7 48
0 72 16 64
0 80 18 72
34 29 34 28
7 29 7 28
0 190 19 190
0 35 13 35
0 133 12 114
7 5 7 4
0 30 8 24
59 29 59 28
0 54 11 54
0 54 4 36
0 15 8 12
0 40 18 36
34 29 34 28
0 28 7 28
57 55 57 54
11 3 11 2
0 12 5 12
0 28 13 28
0 64 14 56
0 24 11 24
14 21 14 20
0 36 4 24
0 18 4 12
0 57 5 57
3 25 3 24
36 45 36 44
69 51 69 50
50 49 50 48
29 36 29 35
29 56 29 55
0 36 10 30
87 66 87 65
0 42 4 28
0 32 6 24
0 72 16 64
0 39 5 39
95 75 95 74
7 3 7 2
57 71 57 70
0 84 13 84
0 126 12 108
55 64 55 63
21 49 21 48
0 100 18 90
7 35 7 34
27 5 27 4
0 30 8 24
0 85 8 68
11 9 11 8
7 11 7 10
0 90 11 90
0 36 4 24
0 25 9 25
0 45 8 36
0 78 10 65
0 162 16 144
46 29 46 28
0 88 14 77
17 8 17 7
0 24 11 24
0 38 3 38
0 60 19 60
0 91 12 78
91 89 91 88
53 38 53 37
19 49 19 48
0 30 8 24
21 69 21 68
53 17 53 16
0 140 18 126
0 64 7 64
13 43 13 42
0 12 6 9
0 70 18 63
0 105 12 90
0 70 12 60
0 144 16 128
0 18 4 12
29 66 29 65
0 40 6 30
22 11 22 10
59 22 59 21
41 61 41 60
29 13 29 12
21 59 21 58
19 5 19 4
0 48 14 42
55 35 55 34
17 11 17 10
47 41 47 40
0 136 14 119
0 63 16 56
0 60 6 45
0 135 17 135
0 90 8 72
0 140 18 126
0 72 11 72
0 102 11 102
0 120 15 120
0 44 7 44
0 70 12 60
0 39 5 39
87 66 87 65
0 60 18 54
69 30 69 29
0 117 16 104
0 16 6 12
3 5 3 4
0 140 19 140
0 44 6 33
3 29 3 28
0 136 14 119
31 23 31 22
43 11 43 10
0 48 14 42
0 48 4 32
55 41 55 40
107 83 107 82
21 9 21 8
0 126 13 126
79 41 79 40
0 8 3 8
0 128 14 112
0 54 11 54
55 78 55 77
0 32 14 28
0 30 4 20
0 88 15 88
0 48 6 36
0 42 10 35
11 3 11 2
31 29 31 28
0 55 9 55
0 60 11 60
0 24 10 20
34 17 34 16
19 41 19 40
91 109 91 108
77 40 77 39
0 126 17 126
78 55 78 54
0 42 12 36
0 130 18 117
0 91 12 78
0 40 18 36
27 18 27 17
0 12 4 8
0 130 18 117
0 24 6 18
43 55 43 54
3 13 3 12
0 40 6 30
67 63 67 62
0 60 18 54
0 60 9 60
0 64 14 56
21 29 21 28
0 54 4 36
47 21 47 20
19 41 19 40
41 15 41 14
0 21 4 14
64 53 64 52
0 112 14 98
21 59 21 58
0 135 16 120
0 30 9 30
0 49 12 42
0 20 3 20
0 96 14 84
0 56 15 56
0 80 14 70
0 70 9 70
0 36 4 24