0 48 7 48
0 18 5 18
43 97 43 96
0 50 8 40
0 45 4 30
13 19 13 18
0 15 4 10
41 29 41 28
11 16 11 15
9 6 9 5
14 7 14 6
7 17 7 16
0 135 16 120
69 30 69 29
11 16 11 15
55 50 55 49
0 40 18 36
13 7 13 6
0 130 19 130
79 57 79 56
41 37 41 36
3 25 3 24
0 40 15 40
0 36 3 36
55 41 55 40
0 40 18 36
29 15 29 14
59 22 59 21
11 16 11 15
78 55 78 54
0 30 4 20
0 60 8 48
55 41 55 40
55 64 55 63
3 17 3 16
0 120 19 120
0 21 13 21
0 36 11 36
0 64 6 48
0 30 4 20
15 5 15 4
88 65 88 64
0 32 3 32
11 40 11 39
0 160 18 144
15 3 15 2
0 36 11 36
0 152 14 133
0 40 14 35
21 9 21 8
11 28 11 27
0 28 13 28
0 48 14 42
41 73 41 72
0 36 6 27
0 24 3 24
0 104 14 91
0 48 4 32
64 53 64 52
0 36 17 36
0 36 10 30
0 27 5 27
0 84 13 84
0 35 13 35
0 42 12 36
0 24 10 20
35 19 35 18
0 84 13 84
0 160 18 144
13 67 13 66
0 104 14 91
0 171 17 171
47 31 47 30
70 49 70 48
0 34 3 34
0 126 12 108
0 49 13 49
0 100 18 90
41 29 41 28
0 91 12 78
0 56 15 56
43 11 43 10
0 144 17 144
0 30 8 24
37 19 37 18
46 29 46 28
73 41 73 40
64 53 64 52
33 12 33 11
34 29 34 28
13 43 13 42
0 54 10 45
19 41 19 40
95 75 95 74
0 30 8 24
0 108 17 108
7 35 7 34
0 34 3 34
0 78 11 78
54 37 54 36
0 48 14 42
0 78 11 78
9 6 9 5
0 40 18 36
0 108 10 90
0 18 4 12
73 107 73 106
0 153 17 153
0 48 11 48
0 72 14 63
0 25 8 20
0 105 12 90
0 80 8 64
0 50 8 40
62 43 62 42
0 30 10 25
0 21 13 21
0 90 11 90
53 23 53 22
0 78 11 78
11 3 11 2
0 80 14 70
0 40 14 35
0 64 6 48
0 85 8 68
0 100 18 90
0 81 16 72
3 33 3 32
0 28 13 28
0 42 11 42
0 81 17 81
59 22 59 21
57 103 57 102
0 54 5 54
0 114 11 114
0 112 15 112
7 47 7 46
0 72 10 60
0 120 18 108
0 144 16 128
0 85 9 85
0 16 3 16
0 144 16 128
0 114 10 95
0 112 13 112
25 45 25 44
19 25 19 24
0 44 6 33
35 37 35 36
13 17 13 16
0 36 10 30
31 3 31 2
7 23 7 22
11 22 11 21
0 60 11 60
0 21 13 21
0 112 12 96
0 9 5 9
7 5 7 4
28 17 28 16
41 49 41 48
67 23 67 22
0 20 8 16
38 19 38 18
0 119 13 119
0 144 17 144
45 19 45 18
43 41 43 40
73 71 73 70
16 29 16 28
0 16 3 16
0 50 8 40
0 153 16 136
35 5 35 4
0 140 18 126
31 29 31 28
5 9 5 8
51 29 51 28
0 16 6 12
0 98 12 84
0 33 4 22
0 112 13 112
65 39 65 38
25 45 25 44
0 160 18 144
0 64 15 64
0 39 5 39
0 39 5 39
0 144 16 128
0 48 4 32
53 17 53 16
5 17 5 16
41 61 41 60
11 16 11 15
0 30 9 30
0 112 14 98
27 18 27 17
13 67 13 66
57 55 57 54
41 19 41 18
0 14 3 14
0 24 10 20
0 70 9 70
13 59 13 58
0 84 10 70
0 171 17 171
0 32 6 24
0 28 12 24
0 15 8 12
0 90 18 81
41 37 41 36
0 16 7 16
30 15 30 14
0 104 15 104
0 50 8 40
0 70 19 70
0 153 17 153
0 32 6 24
15 3 15 2
0 108 17 108
0 60 9 60
0 24 15 24
27 5 27 4
0 70 13 70
0 12 4 8
17 11 17 10
13 59 13 58
54 37 54 36
0 65 8 52
0 24 10 20
0 48 5 48
0 100 18 90
0 108 10 90
0 96 10 80
0 90 18 81
0 40 18 36
0 12 6 9
7 3 7 2
0 50 8 40
0 80 8 64
0 72 6 54
77 40 77 39
0 30 9 30
0 80 18 72
67 63 67 62
0 91 12 78
78 55 78 54
3 25 3 24
0 140 18 126
78 55 78 54
0 120 18 108
0 21 5 21
43 11 43 10
14 21 14 20
0 90 16 80
0 72 10 60
3 25 3 24
0 56 6 42
0 180 18 162
23 12 23 11
0 70 12 60
0 42 5 42
79 41 79 40
60 35 60 34
0 48 4 32
0 20 7 20
0 21 4 14
0 60 7 60
0 64 14 56
0 32 3 32
0 48 5 48
0 108 17 108
0 36 7 36
53 19 53 18
0 112 14 98
0 63 13 63
0 108 10 90
21 21 21 20
19 33 19 32
19 41 19 40
0 54 17 54
9 6 9 5
21 79 21 78
13 11 13 10
15 25 15 24
0 42 12 36
0 88 15 88
0 120 18 108
0 54 17 54
47 31 47 30
49 28 49 27
0 40 6 30
0 140 18 126
0 24 14 21
0 32 7 32
0 110 19 110
0 21 13 21
0 20 7 20
0 72 7 72
27 3 27 2
0 36 11 36
21 19 21 18
0 96 11 96
33 12 33 11
0 54 11 54
0 72 7 72
0 28 12 24
21 49 21 48
29 26 29 25
0 44 6 33
0 126 12 108
0 32 14 28
37 19 37 18
0 56 6 42
0 32 14 28
0 60 6 45
0 30 3 30
0 36 16 32
0 140 19 140
0 108 16 96
0 36 4 24
20 15 20 14
0 72 7 72
0 60 7 60
0 144 16 128
0 36 7 36
83 52 83 51
0 30 4 20
19 17 19 16
55 35 55 34
0 55 8 44
0 72 11 72
0 56 12 48
30 15 30 14
0 28 3 28
0 80 15 80
0 136 15 136
31 11 31 10
0 48 6 36
0 54 4 36
7 29 7 28
0 32 6 24
0 96 11 96
0 35 9 35
0 27 4 18
29 56 29 55
0 32 15 32
9 6 9 5
0 50 8 40
53 19 53 18
0 16 6 12
24 39 24 38
11 34 11 33
31 29 31 28
0 21 12 18
0 72 6 54
0 80 8 64
0 39 4 26
47 21 47 20
0 60 18 54
7 53 7 52
3 21 3 20
0 72 14 63
0 70 13 70
0 110 19 110
0 140 18 126
0 18 4 12
0 39 4 26
25 45 25 44
22 11 22 10
89 41 89 40
0 49 12 42
0 100 18 90
25 10 25 9
0 56 14 49
41 61 41 60
0 63 16 56
0 21 4 14
0 70 8 56
27 5 27 4
91 109 91 108
23 13 23 12
67 23 67 22
0 18 3 18
73 89 73 88
0 102 10 85
19 57 19 56
0 77 12 66
0 24 3 24
3 17 3 16
0 70 12 60
69 51 69 50
11 34 11 33
89 71 89 70
0 24 10 20
0 32 15 32
49 11 49 10
0 44 7 44
0 39 4 26
55 50 55 49
0 45 8 36
0 30 8 24
0 120 19 120
0 63 13 63
0 15 9 15
0 48 14 42
0 60 10 50
25 45 25 44
23 3 23 2
49 28 49 27
0 35 8 28
0 108 10 90
0 56 14 49
27 5 27 4
0 120 18 108
29 11 29 10
0 42 12 36
0 105 13 105
0 33 4 22
0 72 16 64
0 36 7 36
0 180 18 162
63 39 63 38
0 108 16 96
0 128 14 112
0 12 3 12
0 24 5 24
0 36 6 27
0 15 9 15
47 31 47 30
57 103 57 102
7 5 7 4
0 81 16 72
0 112 15 112
23 12 23 11
0 57 4 38
59 29 59 28
9 6 9 5
76 59 76 58
0 102 11 102
0 135 16 120
0 60 8 48
0 72 11 72
53 38 53 37
47 21 47 20
0 72 10 60
0 42 13 42
71 81 71 80
0 85 8 68
11 9 11 8
7 29 7 28
70 49 70 48
0 136 14 119
76 59 76 58
0 28 13 28
41 29 41 28
71 29 71 28
0 64 15 64
0 70 12 60
0 20 3 20
0 32 6 24
0 24 6 18
0 28 7 28
0 6 3 6
0 12 7 12
0 105 13 105
0 24 4 16
0 126 16 112
0 126 13 126
37 19 37 18
0 40 7 40
27 3 27 2
0 16 3 16
0 54 4 36
0 72 6 54
7 5 7 4
0 48 14 42
0 27 17 27
89 63 89 62
0 39 4 26
0 40 8 32
30 15 30 14
0 56 14 49
54 31 54 30
79 31 79 30
60 35 60 34
57 87 57 86
0 104 15 104
0 70 12 60
0 40 15 40
0 152 14 133
53 38 53 37
0 24 5 24
19 17 19 16
14 21 14 20
0 27 16 24
0 150 18 135
0 48 14 42
61 19 61 18
97 53 97 52
0 36 7 36
7 11 7 10
0 90 17 90
0 102 10 85
0 32 14 28
31 65 31 64
81 69 81 68
0 30 8 24
0 140 19 140
10 5 10 4
0 16 6 12
17 11 17 10
31 41 31 40
0 57 5 57
0 42 5 42
0 80 9 80
0 90 16 80
0 40 8 32
0 39 5 39
31 23 31 22
21 59 21 58
0 42 11 42
25 10 25 9
0 80 8 64
0 153 17 153
0 96 14 84
69 30 69 29
71 81 71 80
21 21 21 20
0 63 17 63
0 28 3 28
0 84 11 84
0 95 9 95
35 14 35 13
0 48 10 40
57 55 57 54
0 21 5 21
0 76 6 57
0 68 7 68
0 114 11 114
7 3 7 2
0 50 19 50
0 40 6 30
0 128 14 112
0 72 10 60
0 32 15 32
0 100 18 90
40 25 40 24
0 24 10 20
0 28 13 28
0 45 17 45
0 8 3 8
0 42 12 36
0 12 5 12
22 27 22 26
0 50 8 40
0 72 6 54
31 41 31 40
0 70 12 60
0 40 6 30
0 36 6 27
0 56 12 48
0 48 6 36
0 91 13 91
53 19 53 18
0 48 4 32
43 20 43 19
0 133 12 114
0 117 16 104
0 39 4 26
57 55 57 54
88 65 88 64
0 77 13 77
0 100 19 100
20 15 20 14
0 30 8 24
0 42 12 36
0 48 7 48
0 76 7 76
0 56 15 56
5 13 5 12
0 75 8 60
0 24 4 16
7 23 7 22
5 9 5 8
53 17 53 16
0 33 5 33
5 25 5 24
0 95 8 76
0 30 9 30
0 54 16 48
0 136 15 136
23 3 23 2
0 28 12 24
0 64 6 48
0 16 6 12
3 13 3 12
5 9 5 8
0 27 4 18
0 44 7 44
35 37 35 36
0 126 12 108
0 54 4 36
15 3 15 2
0 95 9 95
0 36 11 36
0 50 19 50
23 12 23 11
0 54 17 54
59 45 59 44
43 55 43 54
0 162 17 162
0 20 7 20
0 96 14 84
0 54 16 48
0 48 14 42
0 126 12 108
21 39 21 38
3 25 3 24
0 100 18 90
0 108 16 96
35 14 35 13
0 117 17 117
71 29 71 28
0 84 10 70
0 30 4 20
7 17 7 16
0 55 8 44
0 117 17 117
53 38 53 37
0 32 15 32
0 63 16 56
3 25 3 24
16 29 16 28
0 39 5 39
3 33 3 32
0 120 18 108
71 65 71 64
73 107 73 106
89 41 89 40
0 76 7 76
0 70 12 60
7 23 7 22
57 55 57 54
21 19 21 18
0 64 6 48
63 39 63 38
85 55 85 54
0 171 17 171
5 25 5 24
5 5 5 4
0 102 11 102
43 11 43 10
65 39 65 38
25 10 25 9
0 60 8 48
25 10 25 9
0 49 13 49
0 72 6 54
19 3 19 2
0 18 4 12
0 48 5 48
64 53 64 52
0 54 11 54
37 13 37 12
0 48 10 40
0 130 19 130
97 53 97 52
0 40 6 30
0 20 8 16
16 29 16 28
43 41 43 40
28 17 28 16
0 27 4 18
0 35 13 35
0 90 18 81
0 36 6 27
0 30 8 24
27 3 27 2
0 56 14 49
0 126 16 112
23 5 23 4
0 36 5 36
0 117 17 117
0 27 16 24
0 30 18 27
0 48 6 36
29 56 29 55
20 15 20 14
17 33 17 32
0 144 17 144
3 13 3 12
23 3 23 2
0 60 7 60
0 68 6 51
0 27 17 27
0 75 8 60
0 38 3 38
0 30 11 30
21 79 21 78
0 24 3 24
53 19 53 18
0 54 4 36
50 49 50 48
0 108 10 90
89 71 89 70
0 144 14 126
0 72 15 72
0 24 4 16
33 12 33 11
46 29 46 28
0 120 18 108
51 29 51 28
76 59 76 58
71 81 71 80
0 21 5 21
23 13 23 12
0 27 16 24
10 5 10 4
0 119 12 102
0 84 11 84
13 7 13 6
35 17 35 16
0 54 10 45
0 21 13 21
69 30 69 29
0 64 14 56
0 36 10 30
0 77 13 77
0 112 14 98
0 70 13 70
0 171 17 171
0 45 17 45
19 17 19 16
0 36 5 36
0 96 15 96
0 12 3 12
43 83 43 82
7 23 7 22
0 36 4 24
0 15 5 15
0 48 11 48
43 97 43 96
43 11 43 10
81 69 81 68
0 36 11 36
0 21 4 14
0 60 10 50
0 126 12 108
0 72 6 54
0 64 14 56
47 16 47 15
0 170 19 170
0 56 6 42
0 30 9 30
0 56 6 42
0 45 4 30
3 9 3 8
29 56 29 55
30 15 30 14
89 71 89 70
0 42 11 42
0 72 15 72
0 133 12 114
0 35 13 35
0 44 7 44
0 72 10 60
3 25 3 24
0 54 4 36
11 40 11 39
0 42 12 36
7 29 7 28
0 12 4 8
89 63 89 62
0 40 6 30
0 112 15 112
0 70 9 70
91 89 91 88
0 84 12 72
0 96 11 96
71 65 71 64
0 60 7 60
0 96 14 84
0 64 6 48
5 5 5 4
22 11 22 10
0 150 19 150
29 15 29 14
0 102 10 85
0 32 6 24
0 102 10 85
31 65 31 64
33 12 33 11
0 16 7 16
0 40 15 40
0 54 4 36
0 80 8 64
19 57 19 56
33 12 33 11
0 135 17 135
0 100 18 90
0 15 5 15
0 40 18 36
0 15 5 15
0 42 12 36
34 29 34 28
51 29 51 28
0 12 5 12
0 60 7 60
0 117 16 104
34 29 34 28
0 63 17 63
0 72 10 60
57 103 57 102
21 29 21 28
0 80 18 72
15 3 15 2
0 140 18 126
0 104 14 91
0 84 12 72
0 28 12 24
28 17 28 16
0 51 4 34
0 102 11 102
0 40 19 40
0 45 8 36
0 56 15 56
79 31 79 30
0 171 16 152
41 49 41 48
0 45 4 30
13 35 13 34
0 153 17 153
10 5 10 4
37 13 37 12
5 13 5 12
0 12 6 9
0 108 17 108
0 70 19 70
21 29 21 28
0 32 6 24
0 30 10 25
0 110 19 110
43 55 43 54
0 48 7 48
23 3 23 2
13 67 13 66
3 17 3 16
0 54 16 48
34 17 34 16
0 120 18 108
21 19 21 18
0 32 7 32
0 84 11 84
57 103 57 102
15 3 15 2
0 84 13 84
0 54 16 48
0 84 12 72
0 35 9 35
0 50 19 50
0 150 19 150
0 90 8 72
27 3 27 2
46 29 46 28
0 20 8 16
9 6 9 5
36 45 36 44
0 32 15 32
41 37 41 36
79 57 79 56
41 37 41 36
103 67 103 66
0 90 18 81
0 45 17 45
0 12 6 9
21 19 21 18
0 6 3 6
3 9 3 8
0 14 3 14
0 28 13 28
47 16 47 15
21 29 21 28
0 12 5 12
21 49 21 48
65 39 65 38
0 27 5 27
0 108 17 108
0 36 10 30
51 21 51 20
39 27 39 26
21 59 21 58
0 36 10 30
0 51 5 51
38 19 38 18
0 117 17 117
33 12 33 11
13 19 13 18
0 25 9 25
29 66 29 65
0 162 16 144
21 79 21 78
0 56 6 42
73 89 73 88
21 59 21 58
0 90 19 90
0 120 15 120
0 48 10 40
0 49 12 42
73 71 73 70
79 57 79 56
0 36 10 30
0 48 11 48
73 107 73 106
0 50 19 50
0 80 14 70
0 144 15 144
0 108 11 108
0 48 5 48
0 100 19 100
0 114 10 95
53 19 53 18
59 29 59 28
0 72 7 72
0 126 16 112
0 42 12 36
0 162 16 144
0 84 11 84
0 114 10 95
0 110 18 99
0 9 4 6
0 36 10 30
0 12 7 12
23 5 23 4
45 19 45 18
0 48 4 32
0 36 17 36
0 96 14 84
0 84 10 70
62 43 62 42
0 30 10 25
0 15 5 15
3 37 3 36
0 136 15 136
0 64 15 64
0 152 14 133
53 38 53 37
0 70 8 56
0 32 6 24
0 45 8 36
73 71 73 70
0 60 6 45
21 29 21 28
5 17 5 16
73 89 73 88
3 33 3 32
0 150 18 135
0 28 7 28
83 52 83 51
0 112 14 98
0 99 17 99
89 82 89 81
41 73 41 72
43 97 43 96
0 60 11 60
0 36 10 30
0 81 17 81
0 65 8 52
0 42 13 42
19 17 19 16
0 30 10 25
31 77 31 76
0 40 9 40
0 24 5 24
0 98 13 98
0 90 16 80
65 39 65 38
0 36 16 32
31 65 31 64
0 9 5 9
43 83 43 82
29 19 29 18
34 17 34 16
31 3 31 2
0 77 13 77
79 57 79 56
73 71 73 70
0 60 19 60
0 64 15 64
0 30 10 25
0 70 18 63
55 41 55 40
29 11 29 10
0 16 3 16
13 27 13 26
0 72 11 72
31 89 31 88
51 29 51 28
0 30 11 30
0 112 14 98