34 21 34 20
11 22 11 21
0 12 7 12
0 144 14 126
0 170 18 153
3 13 3 12
46 29 46 28
0 40 19 40
17 11 17 10
0 30 8 24
0 52 6 39
55 78 55 77
3 9 3 8
0 90 16 80
13 59 13 58
0 24 6 18
0 140 18 126
0 24 3 24
0 72 11 72
0 77 13 77
0 128 14 112
0 90 8 72
57 55 57 54
13 7 13 6
15 5 15 4
23 12 23 11
0 22 3 22
0 60 6 45
13 17 13 16
0 72 10 60
7 17 7 16
0 162 16 144
0 52 6 39
41 29 41 28
0 60 7 60
0 84 11 84
0 88 14 77
0 40 8 32
0 42 5 42
11 10 11 9
0 91 13 91
0 130 18 117
0 180 19 180
55 78 55 77
3 13 3 12
79 57 79 56
0 112 12 96
0 30 4 20
0 36 6 27
0 42 5 42
0 54 17 54
18 9 18 8
0 33 5 33
0 24 6 18
91 109 91 108
53 38 53 37
0 42 5 42
0 10 3 10
0 180 19 180
29 66 29 65
0 27 17 27
29 15 29 14
0 98 12 84
0 24 11 24
7 3 7 2
71 55 71 54
0 120 18 108
26 13 26 12
0 16 3 16
0 36 16 32
71 29 71 28
0 24 14 21
51 21 51 20
0 50 8 40
5 29 5 28
0 40 14 35
0 66 11 66
30 15 30 14
0 18 4 12
0 55 8 44
0 9 4 6
0 15 5 15
26 13 26 12
0 98 12 84
0 25 8 20
23 33 23 32
0 84 10 70
7 41 7 40
69 30 69 29
0 33 5 33
89 82 89 81
19 41 19 40
0 40 19 40
0 24 4 16
0 36 11 36
5 33 5 32
0 80 8 64
63 39 63 38
41 49 41 48
3 37 3 36
0 128 14 112
41 73 41 72
0 133 13 133
0 112 13 112
79 41 79 40
0 36 11 36
0 114 11 114
65 39 65 38
29 19 29 18
0 126 16 112
5 13 5 12
0 28 12 24
37 11 37 10
0 18 3 18
0 64 6 48
0 80 8 64
0 48 15 48
0 77 13 77
21 29 21 28
57 55 57 54
0 42 12 36
0 72 10 60
30 15 30 14
3 21 3 20
0 84 10 70
0 80 14 70
0 27 5 27
35 17 35 16
17 11 17 10
0 54 4 36
0 51 4 34
5 33 5 32
0 27 17 27
78 55 78 54
0 30 5 30
0 45 17 45
0 88 15 88
0 96 14 84
41 15 41 14
0 91 12 78
0 66 10 55
0 27 4 18
0 36 6 27
0 24 6 18
23 3 23 2
0 104 15 104
0 18 10 15
0 12 6 9
0 126 16 112
0 36 4 24
89 71 89 70
17 11 17 10
0 30 18 27
69 30 69 29
0 27 17 27
0 28 3 28
11 9 11 8
19 49 19 48
0 16 3 16
41 49 41 48
0 105 12 90
0 40 15 40
0 48 6 36
0 28 13 28
0 98 12 84
0 9 5 9
0 36 16 32
3 17 3 16
87 66 87 65
0 48 6 36
0 84 12 72
40 25 40 24
0 16 7 16
78 55 78 54
0 72 6 54
0 150 18 135
0 66 11 66
0 60 9 60
79 57 79 56
13 35 13 34
0 40 14 35
0 54 16 48
37 53 37 52
39 27 39 26
25 11 25 10
21 19 21 18
0 68 6 51
11 28 11 27
0 42 10 35
0 96 15 96
15 25 15 24
107 83 107 82
0 12 5 12
19 25 19 24
7 41 7 40
15 25 15 24
0 63 13 63
89 63 89 62
0 96 10 80
0 36 7 36
0 108 11 108
31 53 31 52
55 64 55 63
0 40 15 40
0 20 6 15
0 20 9 20
0 54 16 48
0 30 19 30
41 49 41 48
73 71 73 70
0 36 7 36
7 17 7 16
0 70 13 70
0 144 16 128
0 128 14 112
0 162 16 144
15 25 15 24
0 12 5 12
21 59 21 58
29 36 29 35
0 55 9 55
23 3 23 2
17 33 17 32
0 48 6 36
0 76 6 57
19 3 19 2
0 24 10 20
0 144 17 144
23 3 23 2
0 98 12 84
0 42 12 36
5 13 5 12
31 3 31 2
0 15 4 10
0 28 6 21
29 36 29 35
16 29 16 28
34 21 34 20
0 104 15 104
0 30 10 25
31 65 31 64
0 171 17 171
38 19 38 18
54 37 54 36
0 128 14 112
59 45 59 44
5 25 5 24
0 105 12 90
0 150 18 135
0 64 6 48
0 24 10 20
0 42 12 36
0 80 18 72
0 40 9 40
0 28 7 28
57 55 57 54
0 88 14 77
0 104 15 104
0 162 16 144
41 37 41 36
0 152 14 133
0 40 15 40
21 9 21 8
0 12 7 12
0 36 6 27
60 35 60 34
23 3 23 2
57 103 57 102
0 12 4 8
55 41 55 40
0 24 15 24
0 88 15 88
0 63 12 54
0 40 6 30
0 144 16 128
0 45 9 45
0 52 7 52
79 41 79 40
53 17 53 16
0 180 18 162
0 24 3 24
0 112 14 98
21 59 21 58
11 34 11 33
3 29 3 28
107 83 107 82
0 72 11 72
0 63 17 63
0 30 3 30
0 18 10 15
0 32 14 28
54 31 54 30
19 41 19 40
0 72 7 72
0 90 16 80
0 162 17 162
0 45 4 30
0 40 18 36
0 114 11 114
0 110 19 110
0 65 9 65
0 22 3 22
0 70 18 63
0 63 17 63
0 95 9 95
19 49 19 48
0 153 17 153
0 133 12 114
0 48 7 48
0 70 19 70
0 20 3 20
43 97 43 96
0 16 6 12
0 144 16 128
0 108 17 108
0 136 15 136
0 21 13 21
0 56 13 56
0 21 13 21
85 55 85 54
0 90 18 81
0 110 19 110
0 80 8 64
35 3 35 2
39 27 39 26
0 112 14 98
0 70 8 56
0 126 16 112
55 64 55 63
0 20 7 20
0 126 16 112
35 3 35 2
0 72 6 54
0 50 8 40
29 19 29 18
103 67 103 66
0 50 8 40
0 35 13 35
0 112 14 98
0 117 17 117
0 152 15 152
5 5 5 4
0 60 18 54
31 65 31 64
0 18 3 18
46 29 46 28
0 120 18 108
0 112 14 98
43 69 43 68
107 83 107 82
0 45 17 45
0 90 16 80
0 108 10 90
0 45 5 45
0 27 17 27
67 23 67 22
35 14 35 13
0 16 6 12
13 35 13 34
29 66 29 65
13 51 13 50
34 21 34 20
0 36 10 30
0 180 19 180
89 41 89 40
0 112 12 96
40 25 40 24
0 78 10 65
78 55 78 54
50 49 50 48
0 21 13 21
0 28 13 28
3 29 3 28
13 17 13 16
0 44 6 33
0 32 7 32
0 56 7 56
5 25 5 24
0 54 5 54
11 40 11 39
3 13 3 12
27 5 27 4
0 56 7 56
31 89 31 88
0 48 4 32
0 90 10 75
91 109 91 108
0 36 4 24
0 21 5 21
11 9 11 8
0 18 11 18
34 29 34 28
29 13 29 12
10 5 10 4
11 3 11 2
89 82 89 81
25 10 25 9
0 54 17 54
69 51 69 50
0 60 10 50
19 17 19 16
0 36 17 36
0 50 18 45
11 5 11 4
11 22 11 21
0 72 15 72
37 53 37 52
0 60 7 60
0 35 8 28
0 63 13 63
0 70 12 60
0 45 17 45
0 20 6 15
0 84 10 70
0 160 18 144
57 103 57 102
0 120 18 108
0 42 4 28
0 12 4 8
0 48 5 48
31 3 31 2
55 41 55 40
34 21 34 20
0 162 17 162
0 112 12 96
11 16 11 15
0 40 6 30
0 120 18 108
0 102 10 85
0 15 4 10
43 20 43 19
0 34 3 34
69 51 69 50
0 84 10 70
0 40 14 35
0 144 14 126
67 41 67 40
0 78 11 78
10 5 10 4
0 60 10 50
0 88 14 77
11 3 11 2
0 91 13 91
0 100 19 100
0 16 6 12
17 11 17 10
25 45 25 44
0 70 9 70
0 72 17 72
98 73 98 72
0 30 8 24
0 104 14 91
0 66 11 66
3 29 3 28
0 60 18 54
0 68 7 68
0 18 4 12
0 70 19 70
0 36 11 36
0 190 19 190
0 153 17 153
0 45 16 40
0 50 8 40
13 11 13 10
0 50 19 50
55 50 55 49
0 72 11 72
85 55 85 54
0 180 19 180
0 110 18 99
0 133 12 114
0 36 11 36
0 40 7 40
0 30 11 30
0 70 18 63
21 69 21 68
15 25 15 24
18 9 18 8
29 15 29 14
7 35 7 34
0 144 17 144
31 89 31 88
0 40 9 40
0 90 8 72
0 98 12 84
17 11 17 10
0 42 12 36
3 13 3 12
5 9 5 8
0 44 6 33
15 3 15 2
31 53 31 52
61 29 61 28
0 120 18 108
0 12 3 12
0 24 10 20
7 29 7 28
79 41 79 40
0 9 4 6
0 162 16 144
31 3 31 2
0 96 10 80
0 150 19 150
15 5 15 4
11 3 11 2
0 90 18 81
0 48 15 48
0 50 18 45
0 24 6 18
0 180 18 162
0 100 19 100
0 30 8 24
0 30 19 30
41 49 41 48
0 42 12 36
55 78 55 77
0 144 14 126
19 33 19 32
0 91 12 78
14 7 14 6
3 17 3 16
0 90 19 90
0 60 19 60
0 80 8 64
13 59 13 58
83 52 83 51
7 11 7 10
0 114 11 114
31 23 31 22
103 67 103 66
0 30 8 24
0 90 11 90
0 24 10 20
0 24 6 18
71 65 71 64
29 15 29 14
3 5 3 4
11 34 11 33
0 60 6 45
0 12 4 8
13 51 13 50
0 70 19 70
25 45 25 44
43 55 43 54
0 171 16 152
0 50 19 50
0 18 4 12
0 102 11 102
36 45 36 44
0 90 8 72
3 21 3 20
0 36 11 36
0 50 19 50
55 41 55 40
0 35 12 30
33 12 33 11
0 48 11 48
0 24 4 16
11 16 11 15
0 99 16 88
27 5 27 4
0 70 13 70
11 9 11 8
67 63 67 62
43 83 43 82
0 100 18 90
0 40 15 40
0 16 3 16
17 33 17 32
0 144 16 128
69 51 69 50
0 60 18 54
79 31 79 30
0 30 10 25
89 82 89 81
19 25 19 24
0 136 14 119
0 70 8 56
0 30 4 20
0 190 18 171
97 53 97 52
31 3 31 2
79 31 79 30
0 72 17 72
0 60 11 60
0 48 7 48
0 128 15 128
0 45 17 45
34 21 34 20
43 83 43 82
22 27 22 26
0 16 7 16
0 68 6 51
0 120 18 108
0 152 15 152
73 71 73 70
0 24 6 18
0 60 6 45
54 31 54 30
0 42 12 36
27 18 27 17
0 15 8 12
0 56 13 56
34 17 34 16
3 21 3 20
91 89 91 88
0 48 11 48
0 24 4 16
3 21 3 20
0 24 7 24
7 3 7 2
0 77 13 77
0 6 3 6
69 51 69 50
0 80 9 80
0 32 7 32
0 36 3 36
0 81 16 72
0 42 12 36
0 24 10 20
0 72 6 54
0 108 10 90
0 90 16 80
0 48 5 48
13 43 13 42
0 12 5 12
0 80 18 72
0 99 16 88
19 25 19 24
15 25 15 24
69 51 69 50
38 19 38 18
0 81 17 81
67 63 67 62
23 3 23 2
0 48 4 32
0 56 12 48
35 17 35 16
0 144 14 126
0 99 16 88
0 52 7 52
0 48 6 36
79 57 79 56
0 28 13 28
38 19 38 18
0 16 6 12
0 57 4 38
0 170 18 153
21 29 21 28
0 150 19 150
27 18 27 17
0 48 4 32
89 82 89 81
0 85 8 68
11 10 11 9
91 109 91 108
0 24 7 24
70 49 70 48
0 84 10 70
0 72 17 72
0 64 6 48
59 22 59 21
5 13 5 12
0 120 18 108
5 5 5 4
43 83 43 82
57 103 57 102
0 72 11 72
0 45 17 45
0 80 19 80
0 105 12 90
0 36 4 24
0 153 16 136
37 13 37 12
29 56 29 55
0 8 3 8
0 6 3 6
0 150 19 150
37 19 37 18
0 91 12 78
0 180 18 162
0 112 13 112
0 60 11 60
5 17 5 16
0 84 11 84
71 55 71 54
0 84 12 72
37 11 37 10
76 59 76 58
3 9 3 8
0 54 10 45
0 50 19 50
13 19 13 18
49 11 49 10
0 130 18 117
0 20 9 20
15 25 15 24
0 55 8 44
0 32 6 24
0 70 19 70
0 30 19 30
51 29 51 28
0 117 16 104
22 11 22 10
0 20 9 20
51 29 51 28
0 36 16 32
0 120 18 108
0 99 16 88
57 71 57 70
31 41 31 40
0 76 7 76
0 104 14 91
0 33 5 33
0 72 10 60
0 42 11 42
0 160 18 144
0 36 16 32
0 40 6 30
49 28 49 27
31 53 31 52
0 54 11 54
0 54 4 36
0 38 3 38
0 135 16 120
41 19 41 18
65 39 65 38
13 43 13 42
0 108 10 90
29 36 29 35
0 100 18 90
13 7 13 6
0 102 11 102
7 23 7 22
22 27 22 26
43 11 43 10
0 6 3 6
0 20 3 20
0 36 10 30
11 28 11 27
0 60 10 50
0 119 13 119
0 36 6 27
0 40 18 36
0 60 10 50
14 21 14 20
71 55 71 54
0 112 14 98
0 80 14 70
62 43 62 42
24 39 24 38
0 55 9 55
25 11 25 10
0 84 11 84
0 12 5 12
0 84 11 84
21 39 21 38
0 44 7 44
3 9 3 8
0 51 5 51
21 9 21 8
0 42 4 28
0 84 10 70
0 30 10 25
29 26 29 25
0 105 12 90
0 39 4 26
29 66 29 65
0 160 18 144
0 54 16 48
0 40 18 36
0 55 9 55
0 38 3 38
7 35 7 34
0 28 12 24
0 40 8 32
0 25 9 25
16 29 16 28
71 81 71 80
0 12 6 9
0 140 19 140
15 25 15 24
11 9 11 8
0 140 18 126
0 70 9 70
57 55 57 54
0 40 18 36
21 29 21 28
0 27 5 27
0 65 9 65
0 24 14 21
5 29 5 28
0 70 19 70
0 98 13 98
69 30 69 29
0 180 18 162
0 63 16 56
0 42 5 42
83 52 83 51
0 24 14 21
0 54 10 45
0 105 13 105
0 60 8 48
0 9 5 9
13 19 13 18
21 49 21 48
0 60 18 54
0 70 8 56
0 84 12 72
0 40 8 32
0 81 16 72
57 87 57 86
0 136 14 119
0 80 19 80
0 63 13 63
31 65 31 64
103 67 103 66
21 69 21 68
0 25 9 25
0 25 8 20
0 78 11 78
0 50 9 50
34 29 34 28
11 34 11 33
0 42 12 36
0 16 6 12
36 45 36 44
0 130 18 117
0 130 18 117
0 77 13 77
0 28 13 28
71 65 71 64
71 81 71 80
0 130 19 130
0 133 13 133
63 39 63 38
69 51 69 50
0 10 3 10
29 56 29 55
0 54 4 36
0 70 19 70
0 24 10 20
0 40 15 40
34 21 34 20
0 54 16 48
41 29 41 28
0 50 8 40
22 27 22 26
0 32 14 28
57 87 57 86
14 21 14 20
0 16 3 16
0 35 12 30
0 108 10 90
0 63 12 54
0 144 17 144
0 162 17 162
61 29 61 28
0 56 6 42
0 119 13 119
0 30 18 27
71 65 71 64
103 67 103 66
0 80 8 64
0 126 17 126
0 77 12 66
30 15 30 14
5 17 5 16
27 18 27 17
0 135 16 120
73 41 73 40
27 5 27 4
43 83 43 82
31 5 31 4
0 96 10 80
41 73 41 72
0 48 6 36
0 30 8 24
0 36 5 36
0 105 12 90
11 16 11 15
0 95 8 76
0 50 8 40
0 55 8 44
27 18 27 17
0 96 15 96
0 45 4 30
0 104 14 91
0 56 15 56
69 51 69 50
3 17 3 16
20 15 20 14
0 24 6 18
0 144 15 144
0 54 10 45
0 15 9 15
17 11 17 10
0 40 8 32
0 25 8 20
0 70 12 60
0 54 4 36
17 8 17 7
0 64 15 64
0 160 18 144
0 30 19 30
0 20 3 20
19 25 19 24
0 45 17 45
5 29 5 28
7 23 7 22
0 45 5 45
5 33 5 32
30 15 30 14
35 14 35 13
14 21 14 20
20 15 20 14
83 52 83 51
0 16 3 16
49 28 49 27
5 25 5 24
55 41 55 40
0 56 6 42
21 79 21 78
25 10 25 9
0 70 8 56
65 39 65 38
0 48 6 36
35 17 35 16
7 29 7 28
0 30 9 30
0 112 14 98
45 19 45 18
0 28 7 28
21 19 21 18
29 36 29 35
0 36 10 30
0 48 15 48
0 40 18 36
38 19 38 18
55 50 55 49
0 56 12 48
0 85 9 85
19 11 19 10
37 13 37 12
3 17 3 16
51 59 51 58
37 13 37 12
0 99 17 99
59 29 59 28
0 56 6 42
0 18 5 18
0 68 7 68
0 36 16 32
0 66 11 66
10 5 10 4
0 60 18 54
61 29 61 28
0 48 15 48
0 18 11 18
0 56 12 48
0 49 12 42
0 33 5 33
0 140 19 140
17 11 17 10
0 64 15 64
0 50 18 45
0 130 19 130
0 49 12 42
51 59 51 58
0 42 11 42
21 29 21 28
0 30 8 24
0 128 14 112
41 37 41 36
19 11 19 10
0 48 4 32
0 24 11 24
0 84 10 70
0 44 6 33
0 98 12 84
0 42 12 36
0 153 17 153
10 5 10 4
0 77 12 66
0 133 12 114
0 16 7 16
0 126 12 108
0 153 17 153
13 35 13 34
7 17 7 16
0 60 18 54
0 50 19 50
0 12 7 12
0 128 14 112
0 16 6 12
0 136 15 136
0 18 10 15
0 14 3 14
0 28 7 28
0 99 17 99