14 14
15 9
15 5
14 6
14 14
18 14
10 12
6 6
5 10
15 9
10 18
18 6
19 14
13 15
14 12
18 19
6 6
10 16
18 4
13 4
10 13
16 17
19 20
6 17
10 8
14 17
19 5
15 15
6 11
13 12
18 14
14 20
10 10
6 6
18 4
16 13
15 6
5 18
11 16
10 20
16 11
16 11
19 13
18 17
19 19
19 4
13 15
5 10
13 19
12 11
6 17
16 12
13 6
17 14
13 9
19 14
8 4
19 20
20 8
20 12
8 13
16 11
10 5
7 18
18 12
14 6
19 17
10 5
11 5
6 7
14 10
16 6
4 7
15 20
5 11
15 8
9 11
20 15
18 20
7 6
13 20
19 14
18 7
15 14
19 20
19 19
14 16
19 12
7 15
9 9
9 14
19 12
14 19
14 9
18 8
4 4
17 15
14 10
16 10
19 17
12 16
16 19
5 15
11 9
8 19
20 10
11 12
8 18
7 8
18 19
19 8
13 13
5 17
7 19
12 17
15 8
6 5
8 8
15 14
4 6
4 9
7 13
15 10
17 7
7 6
6 6
5 11
9 9
4 17
11 20
17 7
16 19
10 8
10 14
12 13
12 6
6 18
20 13
14 13
20 6
19 16
14 4
19 8
17 20
5 19
11 16
18 18
8 9
7 13
19 19
4 20
6 19
4 18
11 4
18 10
10 8
9 20
17 14
8 17
11 11
16 10
5 8
14 17
14 18
13 6
6 6
12 10
14 19
8 16
13 19
7 18
5 20
5 11
18 19
8 15
13 6
6 6
8 18
19 17
8 5
15 12
8 15
5 18
4 13
14 20
9 19
9 4
13 12
19 7
5 17
13 11
12 7
4 5
13 9
14 15
11 17
17 16
8 19
11 11
16 6
14 14
16 12
15 8
15 17
14 19
5 17
17 6
8 11
14 6
4 8
4 9
12 9
8 7
5 10
20 18
7 17
19 8
5 20
17 13
14 12
10 9
20 8
8 20
20 20
18 8
8 16
17 10
9 17
4 20
18 4
7 19
6 20
15 14
18 6
7 9
5 16
15 17
20 13
14 9
11 16
15 7
4 13
19 15
11 13
20 20
19 18
18 4
10 7
8 9
9 18
11 10
16 8
15 13
20 10
7 4
9 6
13 15
19 6
17 7
11 8
12 15
11 20
5 16
20 13
13 4
19 8
10 10
18 5
17 14
11 9
16 17
13 15
8 8
10 11
20 10
20 9
10 17
8 4
9 16
17 13
10 20
20 17
8 20
7 13
5 16
17 16
13 9
18 4
18 8
16 20
17 16
13 17
13 15
13 11
16 10
8 15
4 14
18 17
8 10
8 15
10 4
7 7
20 6
12 5
20 12
10 7
12 17
18 5
18 9
7 7
8 9
19 18
12 18
16 17
15 14
18 9
15 5
12 9
15 16
11 13
16 7
8 20
13 4
13 9
4 5
4 13
18 18
8 11
14 7
16 15
5 6
11 14
16 17
11 13
8 13
8 6
10 20
9 16
6 20
18 18
19 10
9 10
18 9
15 11
7 12
19 8
13 13
17 17
13 10
10 11
6 20
11 17
6 15
11 13
15 16
6 14
11 15
15 15
12 9
15 10
6 4
20 11
15 5
9 9
6 17
20 8
4 17
9 19
4 14
14 16
17 11
18 16
15 9
6 17
17 8
12 10
18 11
20 9
16 7
18 9
10 15
6 15
11 18
9 9
19 4
15 8
7 18
6 4
15 6
18 20
13 11
20 15
17 5
15 14
8 13
10 4
15 7
17 6
6 5
13 5
4 15
5 5
16 19
5 9
14 5
13 7
18 19
6 17
17 17
9 11
5 16
16 6
7 10
12 12
16 18
14 9
4 18
15 16
15 7
19 11
16 19
20 17
5 4
13 13
16 7
4 17
7 10
16 18
16 4
5 15
9 10
8 11
7 13
18 8
18 15
18 7
9 20
14 15
19 7
9 7
15 9
5 4
5 5
7 13
20 14
19 13
6 18
7 6
14 19
15 16
8 10
8 5
13 4
17 5
4 8
16 9
19 14
17 19
20 9
8 16
11 9
5 9
8 18
7 13
14 18
20 10
18 18
18 11
9 13
9 7
15 14
15 20
13 14
10 7
17 20
6 18
19 14
19 12
16 16
10 5
5 14
13 4
5 20
8 6
6 4
6 19
18 12
15 10
19 11
11 18
7 11
10 13
12 18
15 16
15 5
11 18
14 17
7 5
13 5
13 15
14 4
7 14
19 8
7 13
8 16
5 16
9 15
14 8
13 20
4 10
11 16
7 20
20 15
6 19
8 15
9 12
5 19
4 12
7 6
16 11
16 17
4 14
9 9
15 18
19 18
19 15
18 5
20 4
10 5
7 14
20 8
10 4
4 5
16 6
15 4
6 7
6 15
18 18
4 17
17 10
5 18
9 7
18 17
5 14
6 9
16 6
6 6
6 8
14 18
11 16
14 15
9 17
16 15
4 4
8 17
10 7
18 7
13 13
13 17
14 8
20 20
6 18
13 20
8 5
15 14
9 5
17 16
11 5
13 15
8 19
11 8
9 7
15 10
16 19
6 17
4 17
17 9
4 14
5 19
11 9
16 6
17 7
11 9
6 16
7 11
19 13
11 13
18 15
16 9
13 19
11 18
11 13
13 4
5 16
7 19
8 14
11 14
10 13
18 15
4 4
19 16
12 5
4 6
16 8
6 8
5 4
17 12
7 8
8 19
4 18
12 17
16 13
11 10
8 4
19 15
10 4
19 6
6 9
11 15
6 5
11 17
4 18
14 18
20 18
15 5
9 14
5 20
13 4
12 8
9 5
9 14
19 20
18 13
5 13
4 8
9 6
16 10
14 10
15 20
7 6
5 4
12 6
8 10
4 13
19 13
14 10
13 7
12 12
8 7
5 9
20 5
12 8
11 17
12 11
6 14
18 18
9 12
6 8
12 13
13 13
9 18
17 14
11 12
12 6
4 10
14 7
4 17
11 8
10 13
10 10
12 20
14 15
19 20
9 19
7 20
15 5
14 14
9 8
5 16
5 14
20 6
18 16
14 19
7 15
16 14
7 17
20 12
10 6
16 6
17 20
8 15
7 17
14 15
10 16
11 9
12 12
15 16
7 16
20 5
4 18
8 8
18 19
12 17
8 12
20 15
10 14
4 5
14 10
18 12
11 20
14 10
20 12
7 14
14 20
10 4
19 8
16 5
18 7
17 4
10 5
17 6
19 12
5 5
18 19
5 7
20 9
5 7
16 5
14 11
8 14
18 17
16 15
11 15
4 4
4 12
16 8
8 5
12 10
7 7
10 7
13 15
18 13
7 12
7 19
20 5
9 15
12 18
18 9
19 16
13 16
17 19
13 12
11 12
15 15
15 16
14 16
6 20
8 5
11 6
13 7
16 9
17 20
17 10
9 6
20 13
20 5
7 13
20 4
11 4
16 10
17 16
13 5
9 17
8 5
14 9
15 10
5 15
15 17
20 18
7 11
8 4
16 11
6 12
10 11
6 16
8 4
6 17
12 19
18 9
14 15
18 18
4 4
7 7
17 6
6 10
12 14
19 19
7 13
17 11
13 19
17 19
12 20
7 18
10 16
16 16
18 8
17 5
19 9
18 14
19 18
19 14
20 8
16 7
20 6
7 18
14 11
16 20
15 4
18 19
9 7
6 7
11 4
19 15
13 4
7 14
6 15
16 14
14 11
17 6
16 15
11 16
19 14
18 7
13 18
5 18
16 8
18 4
16 20
20 5
17 6
16 13
20 13
9 9
10 18
10 18
13 10
6 17
12 10
14 19
16 17
20 9
19 20
10 18
18 8
15 9
18 17
8 5
4 17
13 18
13 14
8 10
8 11
9 15
18 7
6 15
8 20
9 6
12 20
13 17
8 5
7 4
12 4
7 18
6 13
13 12
15 6
8 15
4 6
13 15
8 5
12 20
20 18
13 6
14 11
14 11
11 12
8 4
14 19
5 15
6 9
14 7
11 6
14 5
6 19
7 16
5 12
18 19
16 14
11 5
6 17
20 20
4 11
14 5
11 20
10 10
17 7
11 10
5 16
18 12
6 4
11 16
9 16
7 16
9 6
14 4
16 9
19 13
15 9
14 10
14 4
8 12
18 16
11 5
18 7
19 10
9 8
11 20
20 20
19 20
19 11
9 8
9 4
17 4
9 6
4 18
8 18
15 5
12 7
9 14
12 5
11 10
20 13
6 18
19 7
14 12
9 9
6 16
4 19
6 5
8 10
10 12
6 10
19 16
8 19
12 13
20 14
5 13
16 10
17 10
14 7
16 9
18 13
13 16
5 13
15 7
15 10
10 18
5 19
8 7
13 17
18 17
17 9
5 7
13 13
14 8
12 4
8 8
16 10
17 10
9 14
15 20
14 7
15 13
10 19
13 17
18 10
18 4
5 16
11 5
8 18
18 4
15 10
11 15
4 14
11 17
16 16
4 14
16 4
10 17
18 20