5 9
5 19
6 17
14 10
7 11
10 16
7 4
13 15
8 5
15 16
9 14
11 12
13 13
13 11
17 16
8 12
18 17
12 6
12 5
20 8
7 6
20 7
8 11
11 13
13 6
11 15
18 14
16 10
19 5
18 16
10 20
7 17
7 18
20 20
13 20
20 14
14 19
15 8
12 13
12 17
19 20
9 14
18 6
7 13
6 10
18 12
7 13
11 5
18 5
13 5
11 12
10 16
19 12
16 9
18 16
6 12
15 11
7 20
18 14
17 8
19 5
4 13
5 10
7 20
20 7
17 12
16 20
10 4
16 5
18 13
19 13
19 20
5 16
9 18
7 13
10 14
18 20
19 12
8 9
15 7
4 20
11 19
12 6
20 6
10 17
4 10
9 13
7 11
7 17
7 18
19 8
7 6
4 7
17 18
5 12
9 5
4 4
4 6
4 4
15 9
16 20
4 7
11 14
13 18
11 6
17 19
8 17
5 14
18 19
8 15
14 9
14 10
16 19
15 19
11 15
4 4
17 7
15 13
7 17
5 15
4 15
13 12
10 13
12 18
18 17
4 17
11 15
17 12
18 7
18 19
6 19
20 20
14 10
11 19
8 18
8 15
11 10
16 9
8 11
6 20
14 10
16 17
14 18
20 19
7 6
19 4
15 20
12 17
17 15
14 14
5 6
17 14
4 9
4 8
8 6
20 8
5 8
17 19
18 12
13 14
11 5
17 5
10 11
14 20
10 19
11 20
8 9
18 12
4 9
6 20
7 14
5 16
4 14
11 12
20 18
11 4
5 7
15 7
17 9
15 6
6 10
13 7
4 4
11 6
20 19
15 8
12 17
13 11
14 6
12 15
11 8
13 13
5 9
7 14
19 4
12 5
6 11
11 16
13 16
8 17
13 8
14 4
15 4
4 7
8 14
5 20
18 17
13 14
11 18
6 16
20 5
15 19
18 7
19 10
15 17
12 15
15 4
18 20
4 16
13 5
5 11
14 5
5 19
5 7
17 5
15 10
14 18
20 5
19 17
7 18
11 8
10 11
4 4
10 19
13 12
20 18
9 15
4 14
20 12
5 18
10 7
9 13
5 8
12 8
8 7
14 4
19 5
9 11
13 12
10 17
12 17
5 8
18 12
18 12
15 12
17 13
13 17
7 8
4 15
8 8
10 5
7 10
6 10
19 16
16 8
14 7
18 5
10 10
16 8
9 5
7 18
17 8
11 13
7 16
15 10
4 17
19 8
20 17
20 12
4 4
8 14
6 6
6 16
18 13
20 4
15 10
15 12
6 10
17 20
6 8
14 13
12 13
8 16
18 5
7 5
7 9
8 14
19 18
14 9
7 11
12 19
12 8
12 4
8 8
19 17
4 10
19 8
7 4
10 18
8 4
18 17
14 19
17 18
15 9
12 14
15 14
4 7
7 12
18 19
8 17
19 19
11 4
16 19
16 18
6 8
20 5
7 10
20 9
8 8
10 20
9 15
18 19
14 18
6 11
17 15
5 17
15 4
7 15
5 18
16 11
7 17
9 13
18 18
17 16
4 7
6 16
10 9
19 4
11 7
8 5
15 16
7 8
11 9
11 7
17 20
11 10
15 10
8 18
16 19
10 9
4 10
7 7
13 16
20 9
17 13
20 13
5 15
13 11
18 7
10 19
6 9
5 10
15 18
12 16
4 16
16 19
11 11
14 15
18 17
14 13
4 16
7 14
8 19
10 12
18 14
20 20
18 14
19 13
16 6
11 4
4 11
6 17
20 5
16 16
15 18
13 9
19 11
19 13
17 14
5 7
12 7
13 4
5 9
9 13
15 11
12 14
12 17
8 7
13 19
5 7
5 7
10 12
7 14
17 20
12 14
20 6
18 9
12 16
6 5
15 4
8 11
9 16
14 11
7 11
13 17
5 13
10 20
9 11
16 12
4 16
20 16
15 4
15 11
18 6
7 15
4 20
17 4
19 10
17 12
13 17
20 13
14 19
8 8
17 7
5 6
17 11
8 8
7 19
18 20
8 16
20 10
4 9
10 12
18 20
13 17
11 13
20 20
15 18
5 19
15 10
16 4
8 19
5 8
10 7
14 8
9 15
9 11
18 18
20 8
15 16
5 4
7 10
16 15
4 6
16 19
19 20
14 16
9 10
10 6
18 14
7 20
18 6
18 17
12 6
17 20
4 19
5 16
17 6
9 11
5 17
8 12
11 18
9 8
5 20
8 5
8 13
18 9
12 18
6 7
20 5
16 17
18 15
19 12
19 15
16 13
5 20
8 17
14 16
6 8
12 17
5 16
9 19
6 5
11 20
18 7
15 20
16 14
9 13
5 9
10 18
19 6
15 8
10 19
12 18
13 10
10 15
8 15
20 5
13 20
17 13
5 9
17 13
17 9
20 13
15 7
20 9
7 20
19 16
14 7
16 17
7 6
11 14
11 16
14 12
11 15
6 12
14 10
19 8
16 6
9 8
10 14
13 8
6 15
10 8
19 14
19 10
11 8
17 5
13 13
17 17
5 13
6 4
6 17
14 18
7 16
18 17
11 9
6 5
16 12
20 4
12 15
16 14
8 10
19 20
15 13
10 14
11 15
9 9
10 19
15 7
9 5
5 15
10 5
18 6
17 20
14 16
19 12
15 14
20 19
6 6
9 9
6 14
19 16
9 6
13 10
10 7
12 20
12 18
13 5
11 13
10 15
7 5
7 6
16 8
18 6
18 7
15 12
20 6
15 7
15 13
20 8
8 6
15 18
13 12
17 18
14 11
16 6
17 8
11 12
15 18
18 20
9 9
19 15
5 8
12 6
14 10
9 13
12 19
15 14
9 7
19 14
13 12
7 9
11 11
17 4
20 6
11 18
10 14
16 18
19 12
7 14
20 8
19 7
11 19
9 18
11 13
20 14
5 8
12 19
10 9
7 16
7 5
7 5
10 20
17 6
15 10
10 13
6 7
14 7
9 18
13 20
7 18
9 10
16 13
13 12
6 5
10 13
9 12
8 19
10 9
18 6
7 6
14 6
14 15
4 18
4 10
11 20
5 17
15 20
15 19
4 5
15 20
20 11
6 4
8 17
6 5
20 20
9 11
9 14
5 16
13 8
10 20
20 11
4 11
20 18
4 19
11 11
18 11
11 8
14 8
8 16
17 11
15 16
20 17
20 6
5 16
5 4
16 20
18 5
5 18
17 5
5 4
4 17
20 13
18 9
20 20
18 14
12 5
12 11
15 14
17 20
5 13
15 11
8 9
8 6
5 13
15 15
17 8
15 4
14 5
7 11
5 20
5 7
19 11
19 10
5 17
20 11
17 16
12 15
4 8
19 4
11 10
18 17
7 11
8 16
4 5
9 16
8 15
13 6
9 9
18 7
20 10
18 20
17 14
14 19
10 11
12 11
17 14
11 20
13 9
14 17
16 14
18 19
7 6
12 14
18 13
16 4
6 18
4 6
18 14
5 9
7 4
6 9
13 15
19 6
12 7
5 12
10 4
13 10
15 5
6 7
17 20
10 4
14 15
8 15
19 19
16 13
19 18
15 8
10 11
8 12
4 5
17 15
19 19
8 12
19 8
18 4
12 19
14 10
13 17
13 12
14 11
5 19
19 10
19 15
8 14
17 13
5 11
20 11
9 6
14 5
18 16
19 20
17 20
16 17
9 8
14 17
6 17
18 20
6 12
12 11
9 4
16 12
13 8
9 17
9 19
14 9
12 6
20 20
6 14
20 13
4 6
7 9
11 16
10 12
19 5
4 9
5 19
14 9
8 8
14 16
4 7
5 6
5 14
9 15
5 12
14 5
13 5
7 5
20 6
14 4
18 9
16 15
18 11
13 10
17 10
7 11
17 18
15 5
9 7
9 17
14 6
20 17
4 5
16 16
13 14
19 13
17 14
14 10
11 19
14 6
4 16
7 9
18 9
8 5
6 6
16 12
13 5
6 10
10 9
14 11
19 17
10 15
12 15
5 10
5 12
20 4
7 20
14 13
18 20
13 14
17 8
7 9
18 10
7 20
15 19
17 8
14 8
4 7
8 19
16 13
11 13
17 17
7 5
19 10
11 7
6 11
9 18
17 12
7 12
16 10
4 12
7 15
12 15
8 7
16 11
18 15
8 17
16 7
16 18
19 9
15 19
13 12
18 12
16 16
12 8
11 13
14 6
17 18
7 19
11 18
14 17
5 7
4 4
15 20
12 7
16 4
18 15
12 9
6 18
7 15
17 5
12 16
19 20
5 12
19 14
12 20
5 4
17 15
10 12
19 14
5 15
11 5
12 16
13 7
8 11
4 7
10 12
12 10
11 12
5 11
6 17
15 8
20 20
13 18
15 18
14 19
7 13
14 19
14 13
5 19
9 10
5 5
14 19
7 7
14 14
8 4
11 7
20 13
7 19
13 10
9 15
10 10
19 5
8 17
15 8
7 16
8 5
18 13
15 15
16 10
16 17
7 10
8 13
11 4
13 15
8 16
11 15
15 10
13 5