13 8
7 6
20 14
11 9
16 5
8 8
6 5
10 14
9 6
5 6
6 7
8 6
16 17
11 18
9 6
15 14
5 19
5 8
14 20
16 17
13 12
14 4
6 16
19 4
12 16
5 19
8 11
9 18
9 6
14 19
11 5
13 9
12 16
17 14
10 4
13 20
4 14
7 12
17 7
11 5
4 10
18 17
17 4
17 6
17 19
4 9
7 12
20 15
6 15
5 12
13 6
5 14
7 15
19 12
10 7
13 4
14 15
17 5
18 13
5 18
7 11
10 6
13 14
6 14
7 13
5 11
9 12
13 14
17 19
20 8
14 15
20 18
12 13
14 17
18 4
19 13
8 14
11 19
10 14
14 13
8 16
6 18
17 18
7 9
8 14
10 15
12 19
18 13
5 18
14 9
14 8
10 11
15 8
20 17
7 9
13 18
14 6
18 4
14 12
14 13
7 15
14 12
5 6
5 19
19 11
7 5
20 18
18 18
9 12
10 15
6 9
16 13
17 9
11 9
14 15
6 11
4 14
16 12
8 19
14 12
4 7
11 15
6 15
17 7
18 9
11 19
10 17
18 4
5 14
8 12
10 18
9 18
20 16
19 6
20 12
15 16
18 6
13 11
13 19
17 17
18 10
9 4
17 17
20 11
17 14
20 7
11 8
12 7
16 9
12 5
7 11
4 17
10 6
11 6
11 12
4 14
17 13
4 6
4 6
10 9
15 12
9 20
5 9
6 19
18 14
17 18
8 16
12 14
16 18
18 5
9 4
11 9
18 17
4 20
15 19
10 12
7 4
10 16
5 7
15 13
12 5
17 14
13 16
20 7
17 19
9 16
14 6
14 6
17 17
17 5
7 20
11 4
17 12
9 6
7 10
15 15
9 10
20 8
14 16
8 15
8 4
5 11
15 10
18 8
15 11
20 18
9 7
5 13
4 9
10 19
13 12
5 8
6 15
14 16
11 9
8 20
18 18
9 7
4 9
13 18
13 10
4 16
4 16
11 14
5 5
7 8
18 8
14 13
14 9
5 11
17 6
11 19
19 11
17 11
10 19
5 19
4 7
4 5
11 9
17 9
19 7
13 18
7 10
9 19
20 13
14 13
14 19
14 4
15 19
14 19
13 19
8 6
6 18
14 5
11 17
13 11
14 4
15 7
19 19
7 10
11 13
15 6
12 20
10 19
17 5
6 8
8 5
16 8
9 15
17 4
17 6
13 18
10 8
8 18
15 15
10 14
19 11
12 7
13 8
15 8
7 18
5 6
20 10
6 8
16 5
7 13
12 16
13 19
7 18
12 13
11 14
11 7
15 19
4 15
9 8
12 20
4 14
6 8
19 8
4 15
7 12
8 10
17 12
5 18
10 12
19 8
5 13
14 10
11 10
12 7
19 13
5 15
8 14
15 7
5 15
16 7
16 4
5 17
15 20
13 17
13 5
10 7
19 8
16 8
17 17
10 8
15 18
11 5
9 8
12 15
12 9
13 12
9 13
6 15
15 4
11 16
18 16
6 14
13 7
19 5
12 6
9 7
17 12
8 10
10 5
17 10
5 16
5 6
11 9
8 18
5 7
18 7
15 6
10 12
4 13
19 7
17 9
14 5
8 17
7 19
20 6
12 4
10 15
11 14
12 20
15 19
7 5
14 5
20 7
6 11
13 20
8 13
11 19
5 14
8 15
17 12
8 17
8 5
15 9
4 16
20 20
8 9
9 20
10 4
18 18
18 11
19 8
12 13
13 4
10 4
11 13
16 15
15 6
16 20
5 11
5 16
6 20
12 8
14 5
15 14
10 9
7 9
13 20
10 14
4 10
7 15
11 11
20 7
4 13
11 14
8 9
19 11
8 15
4 16
13 19
5 16
7 13
16 14
12 5
9 17
10 8
19 19
12 17
13 17
17 15
7 4
9 6
10 7
4 10
12 13
20 16
4 6
10 17
15 16
7 10
20 5
11 16
5 6
18 15
18 12
16 17
13 9
13 12
13 14
8 17
13 11
7 14
19 16
18 9
8 5
12 6
14 17
18 15
18 15
5 14
10 14
10 20
9 16
11 13
11 4
9 7
7 7
8 8
4 4
4 8
16 14
9 5
15 17
19 14
8 14
11 8
4 15
9 4
19 5
19 7
4 6
7 15
4 18
16 19
14 5
9 9
6 15
8 15
10 17
11 20
10 19
18 16
14 16
11 13
6 16
20 15
13 14
9 6
9 8
14 5
4 17
16 19
7 15
8 20
15 20
10 8
6 6
11 18
18 11
5 15
16 12
20 15
7 9
15 20
6 5
5 7
7 8
12 12
20 6
15 6
17 10
11 17
9 9
14 6
12 9
16 10
8 12
5 14
17 9
18 18
13 15
11 18
19 16
12 7
8 18
15 4
15 12
20 10
7 14
9 11
14 16
8 6
20 7
18 8
20 12
4 5
6 20
11 7
17 15
13 11
5 16
11 19
10 13
5 11
5 14
6 18
5 4
7 13
5 6
14 7
11 9
19 7
12 12
11 13
11 7
10 7
9 13
13 7
14 14
8 18
17 5
9 14
20 13
14 17
14 5
14 16
18 17
12 14
11 20
10 7
7 9
7 13
13 8
20 8
8 16
9 4
16 9
9 5
10 6
7 4
7 20
12 6
15 4
20 9
7 10
7 17
18 16
4 13
5 13
17 7
5 7
8 4
7 4
10 5
12 8
16 9
19 13
19 5
4 9
20 10
7 12
6 20
7 10
7 18
16 13
14 14
19 18
6 8
13 15
7 17
7 15
19 13
12 10
14 4
11 19
13 17
7 14
14 18
10 20
15 11
11 5
8 6
12 9
14 18
13 14
5 16
8 17
14 4
18 5
14 6
18 4
13 19
17 16
20 18
13 20
20 8
11 13
10 6
14 16
8 10
17 7
12 17
14 20
20 18
15 4
5 4
18 12
6 18
13 16
5 14
13 9
5 14
8 14
19 7
4 11
7 5
17 6
18 13
10 12
5 20
9 11
14 20
15 20
11 7
5 9
18 5
12 14
10 9
10 5
6 14
10 19
10 7
7 9
4 15
8 15
15 17
4 14
13 6
14 18
4 17
4 19
13 7
17 10
10 7
20 5
17 18
8 4
4 13
16 8
18 7
4 18
16 9
20 4
6 12
20 10
13 4
8 18
19 5
18 11
19 11
16 20
19 15
10 16
9 5
5 18
10 15
13 19
10 16
18 15
19 16
8 6
8 9
4 17
6 5
18 13
15 12
5 8
8 13
10 11
4 14
11 18
9 15
7 11
12 14
15 15
11 14
20 18
6 18
9 8
13 6
13 16
7 4
18 14
10 6
13 5
6 6
9 12
20 14
6 18
20 15
7 12
8 5
11 11
19 13
19 7
9 15
7 18
18 20
15 7
7 10
15 7
16 5
6 4
17 10
6 15
16 20
8 12
10 16
20 13
6 14
12 8
13 11
14 4
19 5
17 6
7 13
12 6
5 5
16 19
11 7
15 16
15 10
18 20
13 13
17 12
17 16
16 8
13 15
17 7
5 4
6 11
16 20
8 11
18 11
9 7
18 11
16 12
5 18
5 8
6 16
19 5
17 9
19 8
5 18
16 18
11 19
6 6
5 19
6 6
7 13
14 9
10 16
5 6
16 8
14 17
14 9
8 18
13 11
20 16
10 10
9 19
4 9
15 19
14 15
13 13
5 13
10 9
18 5
18 12
5 20
10 9
8 16
11 20
20 17
15 12
16 5
12 8
18 18
6 5
5 20
9 4
4 7
13 18
8 20
10 10
9 7
6 11
12 20
14 14
13 8
4 13
20 8
10 4
7 17
6 17
13 19
8 10
9 8
15 12
20 16
4 9
13 14
7 17
13 13
8 10
6 20
16 20
19 9
4 15
10 15
5 9
5 6
18 9
5 16
13 12
16 17
13 12
17 20
10 19
6 18
4 7
8 10
4 4
6 4
8 4
5 14
7 18
10 10
5 6
14 10
13 16
10 6
13 18
7 11
9 16
12 11
16 10
7 11
18 6
6 19
14 18
5 18
8 8
6 10
19 10
19 17
20 10
15 7
18 18
16 10
10 20
16 16
9 11
8 13
16 18
16 17
7 11
9 12
20 18
6 20
11 15
19 16
19 12
17 6
11 20
20 11
8 18
11 16
19 8
15 17
7 13
19 17
15 12
20 11
12 19
4 5
7 11
4 8
4 14
8 16
17 5
5 18
13 15
15 11
14 15
6 11
6 6
20 4
18 16
9 16
20 15
13 14
15 9
9 7
10 9
16 18
16 7
10 10
11 4
18 18
18 4
16 19
8 8
15 18
15 15
12 18
19 18
19 12
20 14
11 12
7 11
10 18
14 9
7 14
9 8
6 11
18 12
9 10
9 6
15 14
11 17
13 16
5 17
16 12
4 6
18 14
8 12
6 17
4 17
12 14
16 17
16 18
7 20
9 16
6 11
8 19
12 16
5 16
9 4
10 8
13 12
20 12
10 16
6 12
15 15