9 4
20 13
7 20
7 17
4 11
9 5
10 6
20 4
10 9
18 7
5 17
8 5
11 17
7 6
14 13
4 7
14 7
18 18
17 6
8 6
4 5
7 17
7 8
9 18
13 5
11 5
9 6
19 7
7 8
6 6
20 12
5 4
7 8
13 5
6 17
4 4
11 15
17 18
18 8
9 14
18 9
15 17
6 4
10 12
13 5
18 8
20 10
7 7
14 20
20 5
11 9
8 17
11 8
14 9
5 7
16 8
11 18
16 12
17 4
20 18
7 8
15 9
20 17
9 16
4 19
11 19
12 20
6 20
19 6
11 10
4 14
20 15
17 5
6 15
11 20
8 4
4 20
4 11
8 7
10 11
5 13
4 6
20 16
16 8
19 18
13 15
9 5
6 14
15 17
15 10
12 19
10 11
20 16
9 6
5 8
16 17
8 13
10 11
16 15
16 4
6 14
12 12
10 4
12 6
12 20
11 13
9 4
17 12
11 7
14 11
11 17
14 18
12 12
12 5
17 18
15 17
4 15
15 20
18 17
11 5
10 4
15 15
20 16
9 14
16 5
14 18
12 5
16 5
10 12
7 6
15 12
8 16
9 18
16 17
11 20
6 13
17 19
11 20
20 12
19 17
8 18
20 9
7 5
19 10
4 9
11 7
17 18
12 19
14 14
8 15
19 12
10 10
13 16
7 13
5 14
9 20
11 10
10 6
4 19
11 17
15 15
20 13
13 10
6 8
17 16
17 6
13 8
11 15
9 15
15 19
17 19
6 4
11 20
12 10
10 18
15 16
6 18
8 20
14 20
20 8
7 10
12 19
7 8
8 12
13 16
15 14
20 19
18 15
7 4
10 14
9 19
8 19
11 6
8 8
13 20
4 19
13 4
9 9
9 18
14 15
6 4
10 16
14 4
10 18
7 10
19 16
5 11
20 9
12 20
6 4
19 10
5 17
12 12
9 5
7 14
11 16
13 10
20 19
6 16
8 10
13 8
18 5
11 20
15 14
13 13
6 4
4 5
16 15
5 15
17 16
13 16
9 7
5 13
20 11
5 14
19 12
8 4
14 19
10 16
10 10
14 11
10 10
9 6
18 11
20 6
17 19
4 6
18 9
12 13
6 5
13 15
16 10
18 9
19 8
17 7
18 17
14 5
11 5
15 5
5 20
8 10
20 7
8 19
6 16
6 19
6 12
14 12
8 4
18 13
11 16
5 12
5 14
9 13
14 6
14 14
11 14
16 19
17 12
5 17
11 8
13 18
14 12
16 11
7 5
17 17
14 13
6 5
10 18
5 5
15 12
5 6
19 9
19 10
7 4
7 13
6 18
18 18
5 11
13 10
14 18
4 14
18 4
17 15
17 17
18 15
10 16
9 9
7 9
20 19
8 11
19 15
6 13
7 8
20 7
13 10
14 19
16 5
8 17
16 17
19 5
17 20
15 6
4 19
9 13
7 8
18 11
13 14
4 15
8 14
9 12
16 8
17 13
11 4
11 14
8 7
9 12
16 10
7 11
6 12
6 11
17 11
9 9
16 16
14 5
14 14
19 15
16 7
11 7
16 20
14 20
9 8
8 11
8 18
11 18
18 15
11 8
20 18
15 14
9 17
19 12
13 8
19 17
19 18
8 9
17 11
14 17
11 9
14 4
13 19
18 9
14 19
15 13
4 12
12 8
6 17
12 16
5 18
14 19
4 17
4 15
4 12
4 12
10 19
6 20
8 6
7 9
10 9
14 12
19 20
4 11
18 15
12 9
18 17
18 20
11 5
7 11
7 11
13 17
4 20
6 15
13 19
13 16
5 9
4 7
12 8
16 12
16 4
9 9
4 9
10 12
14 16
16 20
6 13
19 12
12 20
13 12
14 18
5 10
15 14
4 4
17 10
9 10
17 14
7 6
14 13
13 16
17 13
19 20
10 12
12 7
8 9
14 17
11 7
16 16
14 17
16 14
20 16
10 20
13 5
12 18
4 18
16 10
13 6
8 7
18 11
14 7
14 12
20 11
19 9
18 4
19 15
18 17
10 4
17 13
8 17
16 13
12 4
19 19
16 14
13 9
16 18
6 15
8 6
7 19
20 16
14 18
18 6
7 18
7 11
5 16
6 14
20 16
5 20
5 7
14 14
20 10
16 4
17 19
6 18
16 20
4 15
17 17
19 16
14 6
15 4
14 11
16 15
11 20
14 16
16 16
7 12
14 17
15 18
9 11
15 10
7 13
19 13
7 4
14 17
12 11
14 15
15 12
11 8
17 6
12 15
6 14
15 9
6 18
9 8
18 13
12 4
13 16
20 6
19 12
11 10
12 10
11 12
9 13
6 12
17 16
5 7
19 12
8 6
11 4
20 9
19 8
10 15
4 11
9 14
9 14
6 11
9 8
9 12
16 5
18 15
17 14
7 12
5 15
12 4
10 12
6 13
16 19
15 17
16 12
6 16
18 12
14 13
13 9
20 13
16 14
20 5
17 5
18 12
17 18
13 15
5 8
16 14
7 17
8 13
8 16
15 8
10 6
13 11
5 16
10 4
6 10
11 10
20 20
13 17
17 12
6 11
9 16
5 19
11 17
20 16
15 5
14 11
19 19
17 6
10 10
14 12
14 13
17 6
9 11
11 14
19 6
15 14
4 5
8 7
15 14
13 9
17 11
15 10
6 8
20 8
7 4
12 10
5 8
11 12
19 15
6 6
4 9
6 9
4 8
8 13
13 5
19 7
6 14
11 13
4 16
12 5
18 10
5 17
18 18
9 12
20 4
20 11
5 6
9 15
11 13
20 17
12 7
11 4
17 10
9 7
17 20
8 7
13 18
20 16
14 17
20 8
13 10
18 13
5 11
15 18
12 13
7 5
8 5
20 16
15 4
13 20
13 16
9 6
16 11
11 6
5 15
7 17
18 4
14 20
17 18
6 19
8 7
17 10
17 4
7 9
10 8
12 5
5 9
5 8
18 15
9 18
6 6
5 4
13 5
14 16
5 16
11 11
15 20
9 15
20 9
16 5
5 4
7 8
17 17
15 15
8 4
4 14
20 20
12 7
7 11
10 17
13 15
15 14
8 12
12 18
12 11
11 20
16 20
12 9
11 7
7 14
14 8
5 20
7 8
4 15
13 16
16 14
11 20
9 12
17 6
4 18
13 4
13 4
15 14
5 8
16 20
20 7
10 14
6 4
11 8
12 15
8 6
17 13
16 13
11 13
14 6
15 18
20 19
18 7
12 17
20 20
7 15
6 12
18 20
15 20
16 16
8 9
13 17
7 4
7 18
11 9
13 16
20 18
19 6
6 5
4 5
20 15
5 4
6 10
10 13
5 8
9 4
18 20
11 12
12 5
11 13
17 10
15 12
5 7
8 9
4 12
17 12
12 18
11 16
20 18
5 7
4 8
14 19
13 6
16 5
6 15
16 13
9 19
9 8
19 16
13 4
13 10
6 15
18 7
17 15
5 15
5 9
16 5
14 7
18 9
7 7
5 15
12 14
17 5
8 20
12 20
14 7
12 4
4 6
17 11
11 17
12 10
14 10
7 20
4 11
10 10
4 5
13 14
9 7
14 5
11 18
12 13
6 15
11 10
6 18
4 4
13 19
14 9
4 13
10 18
5 7
19 6
15 7
5 9
17 18
12 12
12 12
16 4
9 7
13 11
15 6
20 6
4 19
20 16
8 15
5 17
7 16
6 19
13 20
4 6
15 19
12 20
10 15
6 20
9 4
20 9
9 5
15 17
15 19
15 10
11 12
8 11
14 12
19 11
18 11
5 17
16 18
18 18
7 5
19 18
6 19
13 11
17 15
5 15
10 10
19 10
11 14
15 19
19 4
12 9
17 13
6 6
6 5
7 4
11 8
14 7
4 18
10 18
8 20
20 8
5 14
19 15
5 19
13 20
5 20
5 8
9 12
5 12
4 12
4 7
6 4
7 5
17 14
12 11
7 6
12 10
15 10
13 17
12 4
5 11
6 17
12 9
8 4
12 15
14 12
12 16
8 9
11 11
4 15
16 5
5 7
7 5
5 7
4 4
13 9
14 9
7 9
9 15
12 4
12 13
12 20
6 6
4 16
5 18
14 9
18 16
18 13
11 11
14 6
13 6
6 16
16 14
19 14
16 18
5 4
13 4
19 6
8 18
6 6
4 17
15 14
14 10
10 11
11 5
4 7
14 14
17 8
9 12
15 13
11 6
17 12
13 17
17 7
17 4
11 19
17 16
18 17
14 18
17 10
10 15
5 18
8 6
11 17
19 19
12 19
12 7
5 4
5 20
15 6
20 11
10 11
8 10
19 12
14 5
16 7
4 8
19 14
8 5
12 12
15 16
10 6
6 14
18 8
5 12
18 4
7 4
20 12
18 4
14 8
11 11
4 9
4 5
8 7
17 8
4 4
11 6
19 18
17 20
20 8
13 14
20 15
6 4
12 8
8 10
6 12
7 9
6 14
15 10
16 12
5 18
18 15
11 14
12 19
12 15
6 19