69,56 69,55 69,54 68,53 68,52 68,51 68,50 68,49 68,48 68,47 68,46 68,45 68,44 68,43 68,42 68,41 68,40 68,39
171,7 171,8 171,9 171,10 171,11 171,12 171,13 172,14 172,15 172,16 172,17 172,18 172,19 172,20 171,21 171,22 170,23 170,24 170,25 170,26 169,27 169,28 168,29 167,29 166,30 165,30 164,29
223,129 222,130 221,131 220,132 219,133 218,134 217,134 216,135 215,135 214,135 213,135 212,135 211,136 210,136 209,136 208,136 207,136 206,136 205,137 204,138 203,139 202,140 201,141 200,142 199,143 198,144 197,145
213,241 214,241 215,241 216,240 217,239 218,239 219,238 220,238 221,238 222,239 222,240 221,241 220,242 220,243 219,244
199,129 200,130 200,131 201,132 201,133 202,134 203,134 204,134 205,134 206,134 207,135 208,135 209,135 210,135 211,136 212,136 213,136 214,136 215,136 216,136 217,137 218,138 219,139 220,139 221,139 222,139 223,139 224,139 225,138 226,137 227,136
164,103 164,102 164,101 164,100 163,99 162,98 161,97 161,96 161,95 161,94 161,93 161,92 161,91 161,90 161,89 161,88 161,87 161,86 161,85 161,84 161,83 161,82 161,81 161,80 162,79
125,24 125,25 125,26 126,27 126,28 126,29 126,30 126,31 126,32 126,33 127,34 128,34 129,35 130,35 131,34 132,33
63,125 63,126 62,127 62,128
26,213 25,212 24,211 23,211 22,211 21,212 20,212 19,212 18,213 18,214 18,215 18,216 19,217 20,218 21,219 22,220 23,221 24,222 25,223 26,224
121,0 121,1 122,2 123,3 124,4 125,5 126,6 127,7 128,8 129,9 130,10 130,11 130,12 130,13 130,14 130,15 131,16 132,17 133,17 134,17 135,17 136,17 137,18 138,19 139,20 140,21 141,22 142,22 143,23
66,107 66,108 65,109 64,110 63,111 62,112 61,113 60,114 59,115 58,116 57,117 56,118 55,118 54,118 53,118 52,119 51,120 50,121 50,122 49,123 48,124 47,125 46,126 46,127 46,128
25,15 25,16 25,17 25,18 25,19 24,20 24,21 24,22 23,23 23,24 22,25 22,26 22,27 22,28 22,29 22,30 21,31
2,209 1,209 0,208 0,207 0,206 0,205 0,204 0,203 0,202 0,201 0,200 0,199 0,198 0,197 0,196 0,195 0,194 0,193 0,192 0,191 0,190 0,189 0,188 0,187 0,186 1,185
245,139 245,138 245,137 245,136 245,135 245,134 245,133 245,132 245,131 245,130 245,129 245,128 245,127 245,126 245,125 244,124 243,123 242,122 241,121 240,120 239,119 238,118 237,117 236,116
122,164 122,163 122,162 122,161 122,160 122,159 121,158 121,157 121,156 121,155 121,154 121,153 121,152 121,151 121,150 121,149 121,148 121,147 121,146 121,145 121,144 121,143 121,142 120,141
169,54 168,54 167,54 166,55 165,56 164,57 163,58 162,59 161,60 160,60 159,61 158,62 157,62 156,62
199,147 198,146 197,145 196,144 195,143 194,142 193,141 192,141 191,140 190,139 189,139 188,138 187,138 186,138 185,138 184,138 183,138 182,138 181,137 181,136 181,135 181,134 181,133 181,132 181,131 181,130 181,129 181,128 182,127 183,126
176,60 177,61 178,62 179,63 180,64 181,65 182,66 183,66 184,67 185,67 186,67 187,67 188,68
58,167 59,167 60,166 61,167 62,168
85,41 85,42 84,43 83,44 83,45 83,46 83,47 83,48 83,49 83,50 83,51 84,52 85,53
9,103 9,102 8,101 8,100 8,99 8,98 8,97 8,96 9,95 10,94 11,93 12,92 12,91 12,90 13,89 14,88 14,87 15,86 16,85 16,84 17,83 18,82 19,81 20,80 21,79 22,78 23,77 23,76 23,75 23,74
83,26 84,26 85,25 86,24 87,23 88,22 89,22 90,22 91,22 92,22 93,22 94,21 95,21 96,21 97,21 98,21 99,21
224,202 225,203 226,204 227,205 228,206 229,206 230,206 231,206 232,206 233,206 234,207 234,208 234,209 234,210 234,211 235,212 235,213 236,214 237,215 238,216 238,217 238,218 238,219 238,220 238,221 239,222 240,223 241,224 242,225 242,226 243,227
25,38 25,37 25,36 25,35 25,34 26,33 27,32 27,31 27,30 27,29 27,28 27,27 27,26 27,25 27,24 28,23 28,22 28,21 28,20 28,19 28,18 29,17 30,16
153,7 152,7 151,7 150,7 149,8 148,9 147,10 146,10 145,10 144,10 143,10 142,11 141,12 140,13 139,14 138,15 137,16 136,16 135,16
32,249 31,249 30,249 29,249 28,249 27,248 26,247 25,247 24,247 23,247 22,247 21,246 20,246 19,246 18,246 17,246 16,246 15,246 14,246 13,246 12,246 11,246 10,246 9,246 8,246 7,246 6,246 5,246 4,246 3,246
22,83 23,84 23,85 24,86 25,87 26,87 27,87 28,88 29,89 29,90 30,91 31,92 32,93 33,94 33,95 34,96 34,97 34,98 35,99 36,100 37,101 38,102 39,103 40,104 41,105 42,106 43,107 44,108 45,109 46,110 46,111
198,163 198,164 198,165 198,166 199,167 199,168 200,169 200,170 200,171 200,172 201,173 201,174 201,175 201,176 201,177 201,178 201,179 201,180 202,181 203,182 204,183 205,184
74,65 73,66 72,66 71,67 70,68 69,69 68,70 67,70 66,70 65,70 64,70 63,71 62,72 61,73 60,74 59,75 58,75 57,75 56,75 55,75 54,75 53,75 52,75 51,75 50,75 49,75 48,75 47,76 47,77 47,78 47,79 47,80 47,81 47,82 47,83 47,84 47,85 47,86 47,87 47,88 47,89 46,90 47,91 47,92 47,93 47,94
108,156 109,155 110,155 111,155 112,155 113,155 114,155 115,155 116,156 117,157 118,158 119,159
103,34 103,33 103,32 103,31 103,30 103,29 103,28 104,27 104,26 104,25 104,24 104,23 104,22 104,21 103,20 102,20 101,20 100,20 99,20 98,19
196,104 197,103 198,102 199,101 200,100 201,99 202,99 203,98 203,97 203,96 204,95 204,94 204,93 204,92 204,91
23,110 24,110 25,111 26,112 27,113 28,113 29,114 30,115 31,116 32,117 33,118 34,119
10,61 11,60 12,59 13,59 14,59 15,59 16,58 17,58 18,58 19,57 20,56 20,55 20,54 20,53 20,52 20,51 19,50
100,185 100,184 100,183 99,182 98,181 97,180 96,179 95,178 94,177 93,176 92,175 91,174 92,173 92,172 93,171 94,170 95,169 96,168 97,168 98,168 99,168 100,168 101,169 102,170 103,171 104,172 105,173
228,153 229,153 230,153 231,153 232,153 233,154 234,154 235,154 236,155 237,156 238,157 239,157 240,158 241,159 242,160 243,160 244,161 245,162 245,163
51,179 50,180 49,181 48,182 47,183 47,184 47,185 46,186 45,187 44,187 43,187 42,187 41,187 40,187 39,188 38,188 37,188 36,189 35,190 34,190 33,190 32,190 31,190 30,190
197,101 197,102 197,103 197,104 197,105 196,106 197,107 197,108 197,109 198,110 198,111 198,112 198,113 198,114 198,115 199,116 199,117 200,118 201,118 202,118 203,118 204,117 205,117 206,116 206,115 206,114 207,113 208,112 209,111 210,110
8,88 9,88 10,87 11,87 12,87 13,86 14,85 15,85 16,85
182,242 183,242 184,242 185,242 186,242 187,243 188,243 189,242 190,241 190,240 190,239 190,238 190,237 190,236 190,235 191,234 191,233 191,232 192,231 192,230 193,229 194,228 195,227 195,226 196,225 197,224 198,223 199,222 200,221 200,220 201,219 202,218 203,217 204,216 205,215 205,214 206,213 206,212
16,215 16,216 17,217 18,218 19,219 19,220 20,221 20,222 20,223 20,224 20,225 20,226 20,227 20,228 20,229 20,230 20,231 20,232 21,233 22,234 23,235 24,236 25,237
239,143 239,142 239,141 239,140 239,139 238,138 237,137 236,136 235,135 234,134 233,133 232,132 232,131 232,130 231,129 231,128 231,127 231,126 231,125 231,124 231,123 230,122
31,185 30,185 29,185 28,184 27,183 26,182 25,181 24,180 23,180 22,180 21,180 20,180 19,180 18,180 17,180 16,180 15,180 14,179 13,178 12,177
71,192 72,192 73,191 74,190 73,189 72,188 71,187 70,186 69,186 68,185 67,185 66,185 65,185 64,186 63,187 63,188 63,189 63,190 63,191 63,192 63,193
246,41 245,41 244,41 243,41 242,42 241,43 240,44 239,45 238,45 237,45 236,46 235,46 234,47 233,48 232,48 231,48 230,48 229,48 228,48 227,48 226,48 225,48 224,49 223,49 222,49 221,50 220,51 219,52 218,52
51,167 51,168 52,169 53,170 53,171 53,172 53,173 53,174 54,175 55,176 56,177 56,178 57,179 58,180 59,180 60,180 61,180 62,180 63,180 64,181 65,182 66,183 67,184 68,185
222,88 222,89 222,90 222,91 223,92 224,93 225,94 225,95 225,96 225,97 226,98 227,99 226,100 225,101 224,102 223,103 222,104 221,105 220,106 219,107 219,108 219,109 219,110 219,111 219,112
87,110 88,110 89,110 90,111 91,112 92,113 93,114 93,115 94,116 95,117 96,118 97,119 98,120 99,121 100,122 101,123 101,124 102,125 103,125 104,126 105,126 106,126 107,126
65,183 64,184 63,185 62,186 61,187 60,188 59,189 58,190 57,190 56,190 55,190 54,190 53,190 52,190 51,190 50,191 49,192 48,192 47,192 46,192 45,192 44,192 43,192 42,192 41,192 40,193 39,193 38,193 37,194 36,195 36,196 36,197 37,198 38,199 39,200 40,201 40,202 40,203 40,204 40,205 40,206 40,207 40,208 40,209 40,210 40,211
183,96 182,95 182,94 182,93 182,92 182,91 183,90 183,89 183,88 183,87 183,86 183,85 183,84 183,83 184,82 185,81 185,80 185,79 185,78 185,77 185,76 185,75 185,74 185,73 185,72 184,71 183,70 183,69
236,20 235,21 234,22 233,23 232,24 231,25 230,26 229,27 228,28 228,29 227,30 226,31 226,32 225,33 224,33 223,34 222,34 221,34 220,34 219,34 218,34 217,34
64,50 65,50 66,50 67,50 68,49 69,48 70,47 71,47 72,47 73,46
54,76 55,76 56,75 57,74 58,74 59,74
0,152 0,153 1,154 2,154 3,154 4,155 5,155 6,155 7,155 8,155 9,155 10,155 11,155 12,155 13,154 14,153 15,152 16,151 17,150 18,149 19,150 20,151 21,151 22,152 23,153 24,154 24,155 24,156 23,157 23,158 23,159 23,160 23,161 23,162 22,163 21,163 20,163
141,74 142,74 143,74 144,75 145,76 146,76 147,77 148,78 149,79 150,80 151,81 152,82 153,82 154,83 155,84 156,85 157,86 158,87 159,88 160,89 161,90 162,91 163,92 164,93 165,94 166,95 167,96 168,97 169,98 170,99
67,157 68,157 69,157 70,157 71,157 72,157 73,157 74,158 75,159 76,159 77,159 78,159 79,159 80,159 81,159 82,159 83,160 84,160 85,160 86,160 87,160
69,184 70,184 71,184 72,184 73,185 74,185 75,185 76,185 77,185 78,185 79,185 80,185 81,186 82,186 83,186 84,186 85,186 86,186 87,186 88,186 89,186 90,186 91,187 92,187 93,187 94,187 95,187 96,188 97,189 98,189 99,188
71,3 70,4 69,4 68,5 67,6 66,6 65,6 64,7 63,8 62,9 61,10 60,11 59,12 58,13 57,13 56,14 55,14 54,15 54,16 53,17
103,157 103,156 103,155 103,154 102,153 102,152 101,151 101,150 101,149 101,148 101,147 101,146 101,145 101,144 100,143 100,142
83,4 84,5 85,5 86,5 87,6 88,7 89,8 90,9 91,10 92,11 93,12 94,13 95,13 96,13 97,14 98,15 99,16 100,17 101,18 102,19 103,20 104,21 105,22 106,23 107,24 108,25 109,25 110,25 111,25 112,26
128,125 128,124 128,123 128,122 128,121 128,120 128,119 128,118 128,117 127,116
119,240 120,240 121,239 122,238 123,238
22,148 22,147 22,146 23,145 24,144 25,143 26,142 27,141 27,140 28,139 29,138 29,137 29,136 29,135 30,134 30,133 30,132 31,131 32,130 32,129 32,128 32,127 32,126 32,125 32,124 33,123 34,123 35,123 36,123 37,123 38,123 39,123 40,122
87,55 86,54 85,53 85,52 85,51 86,50 87,50 88,50 89,50 90,50 91,50 92,50 93,50 94,50 95,50 96,50 97,50 98,50 99,49 100,50 101,50 102,51 103,52 103,53 103,54 103,55 103,56 103,57 103,58 103,59 103,60 103,61 103,62 103,63 103,64 103,65 103,66 103,67 103,68 103,69 103,70 103,71 103,72 103,73 103,74 103,75 102,76 101,77 100,78 100,79 100,80 100,81 99,82 99,83 99,84 99,85
18,234 19,235 20,236 21,236 22,236 23,237 24,238 25,239 26,240 27,241 28,242 29,243 30,244 31,245 32,246 33,247 34,248 35,249 36,249 37,249 38,249 39,249 40,249 41,249
157,169 156,169 155,169 154,169 153,169 152,170 151,171 150,171 149,171 148,171 147,171 146,172 145,173 144,173 143,173 142,174 141,175 140,176 139,177 138,177 137,178 137,179 136,180 135,181 134,182
87,166 88,166 89,166 90,166 91,166 92,166 93,167 94,168 95,168 96,168 97,169 98,169 99,169 100,169 101,169 102,170 102,171 102,172 103,173 103,174 103,175 103,176 103,177 104,178
126,67 125,67 124,67 123,66 122,66 121,65 120,65 119,65 118,65 117,65 116,65 115,65 114,64 113,64 112,63 111,62 110,61 109,60 108,60 107,59 106,58 106,57 106,56 106,55 106,54 106,53 106,52 105,51 105,50
26,77 25,77 24,78 23,78 22,78 21,78 20,79 19,79 18,79 17,79 16,79 15,79 14,79 13,79 12,79 11,79 10,78 9,77
86,57 85,58 84,59 83,60 82,61 81,61 80,62 79,62 78,62 77,62 76,62 75,62 74,63 74,64 74,65 74,66 75,67 75,68 75,69 75,70 75,71 76,72 77,73 78,74
21,179 22,178 23,177 24,176 25,175 25,174 26,173 27,172 28,171 28,170 29,169 30,168 31,167 32,166 33,165 34,164 35,163 36,162 37,161 38,160 39,159 40,158 41,157 42,157 43,157 44,157 45,156
96,106 95,107 94,108 93,109 92,110 91,111 90,111 89,111 88,111 87,112 86,113 86,114 86,115 85,116 84,117 83,118 82,119 82,120 81,121
144,78 145,79 146,80 147,81 148,82 149,83 150,84 151,84 152,84 153,84 154,85 154,86 155,87 155,88 155,89 155,90 155,91 155,92 156,93 157,94 158,95 159,96 160,97 161,98 162,99 163,100 164,101 165,102 166,103 167,104 168,105
179,117 180,117 181,117 182,117 183,117 184,118
87,25 86,25 85,25 84,24 83,24 82,23 81,22 80,22 79,21 78,20 77,19 76,18 75,17 74,16 73,15 72,14 71,13 70,12 69,11 68,10 67,9 66,8 65,7 64,6 63,5 62,4 61,3 60,3 59,2
167,64 166,63 166,62 165,61 164,60 163,59 163,58 163,57 163,56 163,55 163,54 163,53 162,52 161,51 160,50 159,49 158,48 157,47 156,46 155,45 154,44 153,43 152,42 151,41 151,40 150,39 149,38 148,38 147,38 146,38 145,37
39,238 40,238 41,238 42,238 43,238 44,238 45,239 46,239 47,240 48,239 48,238 48,237 49,236 49,235 49,234 48,233 47,232 46,231 45,230 44,229 44,228 44,227 44,226 44,225 43,224 42,223 42,222 41,221 41,220 41,219 41,218 41,217
173,15 173,16 173,17 173,18 173,19 173,20 173,21 173,22 173,23 173,24 173,25 173,26 173,27 173,28 172,29 172,30 172,31 172,32
66,49 65,50 65,51 64,52 63,53 62,54 61,55 60,56 59,57 58,58 57,59 56,60 55,61 54,62 53,63 52,64 52,65 52,66 52,67 52,68 51,69 50,69 49,70 48,70 47,71 46,72 45,73 44,74 43,74 42,74 41,74 40,74 39,75
36,10 37,10 38,10 39,10 40,10 41,10 42,10 43,10 44,10 45,10 46,10 47,10 48,10 49,10 50,10 51,10 52,11 53,12 54,12 55,13 56,14 57,15 58,16 58,17 58,18 58,19 58,20 59,21 60,22 61,23 62,24 63,25
55,73 56,74 57,75 58,76 59,77 60,77 61,77 62,77 63,77 64,78 65,79 66,80 67,80 68,81 69,82 70,83 71,84 72,85 73,85 74,86 75,87 76,88 77,89 78,90
126,42 126,43 126,44 126,45 126,46 126,47 126,48 126,49 126,50 126,51 126,52 126,53 126,54 126,55 126,56 126,57 126,58 126,59 126,60 125,61 125,62 125,63 125,64 125,65 125,66 126,67 126,68 126,69 127,70
247,102 246,101 245,101 244,100 243,99 242,98 241,98 240,98 239,98 238,98 237,98 236,98 235,98 234,98 233,97 232,97 231,97 230,97 229,97 228,96 227,95 226,94
98,150 98,149 98,148 98,147 98,146 98,145 98,144 98,143 98,142 99,141 99,140 99,139 99,138 99,137 99,136 98,135 98,134 98,133 98,132 98,131 98,130 99,129 99,128 99,127 99,126 99,125 100,124
125,74 124,75 123,76 122,77 121,77 120,78 119,79 118,79 117,79 116,79 115,79 114,79 113,79 112,79 111,79 110,79 109,79 108,79 107,78 106,78 105,77 104,77 103,77 102,77 101,77 100,78 99,78 98,78 97,78 96,79
8,178 9,179 10,179 11,180 12,181 13,182 13,183 13,184 14,185 15,186 16,187 17,188 18,189 19,190 20,191 21,192 22,193 22,194 22,195 23,196 23,197 23,198 23,199
52,115 51,114 50,113 49,112 48,111 47,111 46,110 45,109 44,108 43,107 42,106 41,105 40,104 39,103 38,103 37,102
216,201 216,202 216,203 215,204 214,205 213,205 212,205 211,205 210,205 209,205 208,205 207,205 206,205 205,205 204,205 203,205 202,206 201,207 200,207 199,207 198,207 197,207
78,31 77,31 76,31 75,31 74,31 73,31 72,30 71,29 70,29 69,29 68,29 67,29 66,29 65,29 64,29 63,28 62,28 61,28 60,27
59,8 59,9 59,10 59,11 59,12 59,13 59,14 59,15 59,16 59,17 59,18 59,19 59,20 59,21 59,22 59,23 59,24 59,25 59,26 59,27 59,28 59,29 58,30 57,31 56,32 55,33
27,50 27,49 27,48 27,47 27,46 27,45 27,44 27,43 26,42 26,41 26,40 26,39 26,38 26,37 26,36 27,35 27,34 27,33 27,32 27,31 27,30 27,29 27,28 27,27 27,26 27,25 27,24 26,23 27,22
204,71 204,70 203,69 202,68 201,67 200,66 199,65 198,64
213,85 214,86 215,87 216,88 217,89 218,90 219,91 220,92 221,93 222,94 223,95 224,96 225,97 226,98 227,99 228,100 229,101 230,102 231,103 232,104 233,105 234,106 235,107 236,108 237,109 238,110 239,111 240,112 241,113 242,114
224,117 224,118 223,119 223,120 224,121 224,122
108,120 108,119 108,118 109,117 110,117 111,117 112,117 113,117 114,117 115,117 116,117 117,117 118,117 119,117 120,117
74,61 74,62 74,63 74,64 75,65 76,66 77,67 77,68 77,69 78,70 78,71 78,72 78,73 78,74 78,75 78,76 78,77 78,78 78,79 78,80 79,81 80,82 81,83 81,84 82,85 83,86 83,87
93,132 92,133 91,134 90,135 89,136 88,137 87,138 86,139 85,140 84,140 83,141 82,142 81,142 80,142 79,143 78,144 77,145 76,146 75,147 74,148 73,149 72,150 71,150 70,151 69,152 68,153
203,75 204,74 205,73 206,72 207,71 208,70 209,69 210,68 211,67 212,66 213,65 214,64 215,63 215,62 216,61 217,60 218,59 219,58 219,57 220,56 221,55 222,54 223,53 224,52 225,51 226,50 227,50 228,49
236,41 235,41 234,41 233,42 232,43 231,43 230,44 229,45 228,45 227,45 226,45 225,45 224,45 223,44 223,43 222,42 222,41
54,94 55,95 56,96 57,97 58,98 59,99 60,100 61,101 62,102 63,103 64,104 65,105 66,106 67,107 67,108 68,109 69,109 70,109 71,109 72,109 73,109 74,109 75,109 76,109 77,109 78,109 79,109 80,110 81,111