76,90 76,89 76,88 77,87 78,86 79,85 80,84 80,83 80,82 80,81 80,80 80,79 80,78 81,77 82,76 82,75 83,74 84,73 85,72 85,71
47,12 48,13
36,6 35,7 35,8 35,9 34,10 33,11 32,12 31,13 30,14 30,15 31,16 32,17 33,18 34,18 35,18 36,18 37,19 38,19 39,19 40,19 41,19 42,19 43,19 44,20 44,21 44,22 44,23 44,24 43,25
27,7 26,7 25,7 24,7 23,8 22,9 21,10 20,10 19,11 18,12 17,13 16,14 15,15 14,16 13,17 12,18 11,19 10,19 9,19 8,19 7,19 6,19 5,20 4,21 4,22 3,23 2,24 1,25 0,26 0,27 0,28 0,29 0,30
48,57 48,56 48,55 48,54 48,53 48,52 47,51 46,50 46,49 47,48 48,47 49,46
91,39 91,38 92,37 93,36 94,35 94,34 95,33 96,32 97,31 98,30 99,29 99,28 99,27 99,26 99,25 99,24 99,23 99,22 99,21 99,20 99,19 99,18 99,17 99,16 99,15 99,14 99,13 98,12 97,11 96,10 95,9
12,28 12,29 12,30 12,31 12,32 12,33 12,34 13,35 14,36 14,37 14,38 14,39 14,40 14,41 14,42 14,43 13,44 13,45 12,46 11,47 10,48 10,49 10,50
91,18 90,18 89,18 88,19 87,20 86,21 85,21 84,21 83,22 82,23 81,23 80,23 79,23 78,23 77,23 76,23 75,24 74,25 73,26 72,27 71,27 70,27 69,28 68,29 67,30 66,30 65,31 64,31 63,31 62,31 61,31
52,97 52,96 52,95 52,94 52,93 52,92 52,91 53,90 53,89 53,88 54,87 55,86 55,85 55,84 56,83 57,82 58,81 59,81 60,80 61,79 62,78 63,78 64,78 65,78 66,77 67,76 67,75 67,74 67,73 67,72 67,71 68,70
97,90 96,89 95,88 94,87 93,86 93,85 93,84 92,83 91,83 90,83 89,83 88,83 87,82 86,81 85,80 84,80 83,80 82,79 81,78 80,77 79,76 78,75 77,74 76,73 75,72 74,71
22,7 21,7 20,7 19,7 18,8 17,9
99,23 99,24 99,25 99,26 99,27 99,28 99,29 98,30 97,31 96,32 95,32 94,32 93,31 92,31 91,30 90,29 89,28 88,27 87,26 86,25 85,24
27,18 26,19 25,20 24,21 23,22 22,23 21,24 20,25 19,26 19,27 18,28 18,29 17,30 17,31 17,32 17,33 17,34 17,35 17,36
97,61 96,61 95,61 94,62 93,63 92,64 91,64 90,64 89,64 88,65 87,66 86,67 85,68 84,69 83,70 82,70 81,70 80,70 79,71 78,71 77,71 76,71 75,70
42,99 41,98 40,97 39,96 38,95 37,94 36,93 35,92 34,91 33,90 32,89 31,88 30,87 29,86 29,85 29,84 29,83 29,82 28,81 27,80 26,79 25,78 24,77 23,76
45,52 45,51 45,50 45,49 45,48 44,47 43,46 42,46 41,46 40,45 39,44 38,43 37,42 36,41
87,71 88,72 89,73 90,74 91,75 92,76 92,77 93,78 94,79 94,80 95,81 96,82
36,33 36,32 35,31 34,30 33,29 33,28 32,27 32,26 32,25 32,24 32,23 32,22 32,21 32,20 32,19 32,18 32,17 31,16 30,15 30,14 30,13 30,12 30,11 30,10 30,9 30,8 30,7 30,6 30,5 31,4 32,3
1,73 2,72 2,71 3,70 4,69 5,68 6,67 7,66 8,65 8,64 9,63 10,62 11,61 12,60 13,59 14,58 15,57 16,56 17,55 18,54 19,53 20,52 21,51 22,50 23,49 24,49 25,48
23,56 24,56 25,56 26,55 27,55 28,55 29,54 30,53 31,52 31,51 32,50 33,49 34,48 34,47 34,46 35,45 36,44 36,43 36,42 36,41 36,40 36,39 36,38 37,37 37,36 38,35 39,35 40,34 41,33 42,32 43,32 44,32 45,32 46,32 47,33
18,11 19,11 20,11 21,10 22,10 23,10 24,10 25,11 25,12 25,13 25,14 25,15 25,16 25,17 24,18 24,19 24,20 24,21 24,22 23,23 22,24 21,25 20,26 19,27 18,28 18,29 17,30 16,31 15,32 14,33 13,34 12,35
76,44 75,44 74,45 73,45 72,45 71,45 70,46 69,47 68,48 67,49 66,50 65,51 64,52 63,53 63,54 62,55 61,56 61,57 61,58 61,59 61,60 61,61 61,62 60,63 59,64 58,64 57,64 56,65 55,65 54,66 53,66 52,66 51,66 50,66 49,66 48,65
54,8 55,9 56,10 56,11 56,12 56,13 56,14 56,15 56,16 56,17 56,18 57,19 58,19 59,19 60,19 61,19 62,19 63,19 64,19 65,19 66,19 67,19 68,19 69,19 70,19 71,19 72,19 73,19 74,20 75,21 76,22 77,23 78,24 79,25 80,26
3,11 4,12 5,12 6,12 7,12 8,12 9,12 10,12 11,13 12,13 13,13 14,13 15,13 16,13 17,13 18,12 19,11 20,11 21,10 22,10 23,10 24,10 25,11 25,12 25,13 25,14 25,15 25,16 25,17 25,18 25,19 25,20 25,21 25,22 25,23 25,24 26,25
72,19 72,18 72,17 72,16 72,15 72,14 73,13 73,12
6,42 7,43 8,44 8,45 8,46 9,47 9,48 9,49 9,50 9,51 10,52 11,52 12,52 13,53 14,53 15,54 16,55 17,56 18,57
0,89 1,89 2,89 3,90 4,90 5,90 6,89 7,88 8,87 8,86 8,85 8,84 8,83
72,57 72,56 72,55 72,54 71,53 70,52 69,51 69,50 69,49 68,48 68,47 68,46 68,45 68,44 68,43 68,42 68,41 68,40 68,39 68,38 68,37 68,36 69,35 70,34 70,33 70,32
57,37 56,36 55,36 54,36 53,35 52,34 51,34 50,34 49,33 48,32 47,31 46,30 45,30 44,29 43,29 42,29 41,28 40,28 39,27 39,26 39,25 38,24 37,23 36,22 35,21 34,20 33,19 32,18 31,17 30,16 29,15 28,14 27,13
61,58 61,59 61,60 61,61 61,62 60,63 59,64 59,65 59,66 58,67 58,68 57,69 56,70 55,71 54,72 54,73 54,74 54,75 54,76 54,77 54,78 54,79 54,80 54,81 54,82 54,83 54,84 54,85 55,86
80,10 81,11 82,12 82,13 82,14 82,15 82,16 82,17 82,18 83,19 84,20 85,21 86,21 87,21
55,42 54,43 53,44 52,45 51,46 50,46 49,46 48,47 47,48 46,49 46,50 46,51 46,52 46,53 46,54 46,55 46,56 46,57 47,58 47,59 48,60 48,61 49,62 49,63 49,64
8,53 8,54 8,55 8,56 8,57 8,58 8,59 8,60 8,61 9,62 8,63 7,63 6,63 5,63 4,63 3,63 2,63 1,63
19,21 20,21 21,21 22,22 23,22 24,22 25,23
30,76 30,75 30,74 30,73 30,72 30,71 30,70 30,69 30,68 30,67 30,66 30,65 30,64 30,63 30,62 30,61 30,60 30,59 30,58 30,57 31,56 32,55 33,54 33,53 33,52 33,51
46,11 45,11 44,11 43,11 42,12 41,13 40,14 39,14 38,15 37,16 36,16 35,17 34,18 33,18 32,18 31,17 30,16 29,15 28,14 27,14 26,13 25,12
69,46 68,46 67,46 66,45 65,44 64,43 63,43 62,42 61,41 60,40 59,39 58,38 57,38 56,37 55,36 54,35 53,34 52,33 51,32 50,31 49,31 48,31 47,31 46,30 45,29 45,28 45,27 45,26 44,25
63,39 64,39 65,40 66,41 67,42 68,43 69,43 70,43 71,43 72,43 73,43 74,43 75,44 76,44 77,44 78,45 79,46 79,47 79,48 80,49 80,50 80,51 81,52 82,53 83,54 84,55 85,56 86,57 86,58 86,59 86,60 87,61
19,48 20,49 21,49 22,49 23,48 23,47 24,46 24,45 24,44 25,43 25,42 25,41 25,40 26,39 27,38 27,37 28,36 28,35 29,34 30,33 31,32
89,21 88,21 87,21 86,21 85,21 84,20 83,19 82,18 82,17 81,16 81,15 80,14 79,13 78,12 77,11 76,10
51,70 50,70 49,70 48,69 47,69 46,68 45,67 44,67 43,66 42,66 41,65 40,65 39,65 38,64 37,64 36,64 35,64 34,65 33,66 32,66 31,66 30,66 29,66
34,99 33,99 32,99 31,99 30,99 29,99 28,98 28,97 27,96 27,95 27,94 26,93 26,92 26,91 26,90 26,89 26,88 26,87 25,86 25,85 25,84 25,83 25,82 25,81 25,80 25,79 25,78 24,77 24,76 24,75 24,74
80,42 81,41 82,40 83,40 84,40 85,40 86,40 87,40 88,40 89,40 90,39 91,38 92,37 92,36 93,35 94,34 95,33 96,32 97,31 98,30 99,29 99,28 99,27 99,26 99,25 99,24 99,23 99,22 99,21 99,20 99,19 99,18 98,17
15,64 16,64 17,64 18,63 19,62 20,62 21,61 22,61 23,60 24,59 25,58 26,57 27,56 28,55 29,54 30,53 31,52 32,51
14,36 14,37 14,38 14,39 15,40 15,41 15,42 15,43 16,44 16,45 16,46 16,47 16,48 16,49 16,50 16,51 17,52 17,53 18,54
70,93 71,92 72,91 73,90 74,89 75,88 75,87 76,86 77,85 78,84 79,83 80,82 81,81 82,80 83,79 84,78 85,77 86,76 87,75 88,74 89,73 90,72 91,71 92,70 92,69 92,68 93,67
84,37 83,36 82,36 81,35 80,34 79,34 78,33 77,33 76,32 75,31 74,30 73,30 72,29 71,29 70,29 69,28 68,28 67,28 66,28 65,27 64,26 63,25 62,24 61,23 60,22 59,21 58,20 57,19 56,18 56,17 56,16 56,15 56,14 56,13
25,3 26,4 27,4 28,5 29,6 30,7 31,8 32,9
58,99 57,99 56,99 55,99 54,99 53,99 52,99 51,99 50,99 49,99 48,99 47,99 46,99 45,99 44,99 43,99 42,99 41,99 40,99 39,99 38,99 37,99 36,99 35,99 34,99 33,99 32,99 31,99 30,99 29,99 28,98 29,97
71,68 70,68 69,68 68,68 67,69 66,70 65,71 64,71 63,71 62,71 61,71 60,71 59,72 58,73