RRRRRRRPRRRRRRRPPRRRRRRSSSSSSSSS
RPPPPPPPPPPPPPSSSSSSSSSSSSSSSSSS
RRRRRRPRRRRRRPRRRRRRPRRRRRRPPRSS
RPRPRPPSSSSSSSSSSSSSSSSSSSSSSSSS
RRRRRPRRRRRPRRRRRPRRRRRPPRRRRSSS
RPRPRPRPRPRPPSSSSSSSSSSSSSSSSSSS
RRRRRRRPRRRRRRRPRRRRRRRPPRRRRSSS
RRPRRPRRPRRPRRPRRPRRPRRPPPSSSSSS
RRRPRRRPRRRPRRRPRRRPRPPPSSSSSSSS
RRRPRRRPRRRPRRRPRRRPRRRPRRRPPSSS
RPPPPPPPPPPPPPPPPPSSSSSSSSSSSSSS
RPRPRPPPSSSSSSSSSSSSSSSSSSSSSSSS
PRRRRRRRRSSSSSSSSSSSSSSSSSSSSSSS
RRPRRPRRPRRPRRPRRPRRPRRPRRPPRSSS
RRRRRRRPRRRRRRRPRRRRRRRPPRRRRRSS
RPRPRPRPRPRPRPRPRPPPPPSSSSSSSSSS
PRRRRRRRRRRRSSSSSSSSSSSSSSSSSSSS
RPRPRPRPRPRPRPRPRPRPRPPPPPPPPPSS
RPRPRPPPPPPPPPPSSSSSSSSSSSSSSSSS
RRRRRRRPRRRRRRRPRRRRRRRPPRRRSSSS
RPRPRPRPRPRPRPRPRPRPPPPPPPPPSSSS
RRRRPRRRRPRRRRPRRRRPPRSSSSSSSSSS
RRRRRRRPRRRRRRRPPRRRRRSSSSSSSSSS
RPRPRPRPRPRPRPRPRPRPRPRPPPPPPPPS
RRPRRPRRPRRPRRPRRPRRPRRPRPPPPPSS
RRRRRRRRPRRRRRRRRPPRRRRRRRSSSSSS
RRPRRPRRPRRPRRPRRPRRPPPPPPPPSSSS
RRRPRRRPRRRPRRRPRRRPRRRPRRRPPPPS
RPRPRPRPRPRPRPRPRPRPRPPPPPSSSSSS
RRRPRRRPRRRPRRRPRRPPPSSSSSSSSSSS
RRRRPRRRRPRRRRPRRRRPPSSSSSSSSSSS
RRRRRPRRRRRPRRRRRPRRRRRPPSSSSSSS
RRPRRPRRPRRPRPPPSSSSSSSSSSSSSSSS
RRRRRRRPRRRRRRRPPRRRRRSSSSSSSSSS
RRPRRPRRPRRPRRPRRPRRPRPPPPPPPSSS
RPRPRPRPRPPPPPPPPPPPPPPPPPPSSSSS
RPRPRPRPRPPPPPPPPPPPPPSSSSSSSSSS
RPRPRPRPRPRPRPRPRPRPPPPPPPPPPPPS
RRPRRPRRPRRPRRPRRPRRPRRPPPPPPSSS
RRRRRRRPRRRRRRRPPRRRRRSSSSSSSSSS
PRRRRRRRRRRRRRRRSSSSSSSSSSSSSSSS
RPRPRPRPRPRPRPRPRPRPRPPPPPPPPPPS
RRRRPRRRRPRRRRPRRRRPPRRRSSSSSSSS
RRRRRPRRRRRPRRRRRPPRSSSSSSSSSSSS
RRRRPRRRRPRRRRPRRRRPRRRRPPRSSSSS
RRRRRRRRRRRPRRRRPRRRRRSSSSSSSSSS
RRRRPRRRRPRRRRPRRRPPSSSSSSSSSSSS
RPRPPPPPPPPPPPPPPPPPPPSSSSSSSSSS
RRRRRPRRRRRPPRRRSSSSSSSSSSSSSSSS
RRRPRRRPRRRPRRRPRRRPRRRPRRPPPSSS