RRRPRRRPRRRPRRRPRRRPPRRSSSSSSSSS
RRPRRPRRPRRPRRPRRPPPSSSSSSSSSSSS
RRRRRRRRRRRPRRRRPRRRRRSSSSSSSSSS
RRRPRRRPRRRPRRRPRRRPRRRPRRRPRPPS
RRRPRRRPRRRPRRRPRRRPRRPPPSSSSSSS
RRRPRRRPRRRPRRRPRRRPRRRPRRPPPSSS
RRRRRPRRRRRPRRRRRPRRRRRPRRRRRPPS
RPRPPPPPPPPPPPPPPPPSSSSSSSSSSSSS
RRRPRRRPRRRPRRRPRRRPRRRPRRPPPPSS
RRRPRRRPRRRPRRRPRRRPRRRPPSSSSSSS
RRRRRRPRRRRRRPRRPRRRSSSSSSSSSSSS
RPRPRPRPRPRPRPRPRPRPRPPPPSSSSSSS
RPRPRPRPRPRPRPRPRPRPRPRPPPSSSSSS
RRRRRRRRRPRRRRRRRRRPPRRRRRRSSSSS
RRRRRRPRRRRRRPRRRRRRPRRRRRRPPRRS
RRRPRRRPRRRPRRRPRRRPRRPPPSSSSSSS
RRRRRRRRRRPRRRRRPRRRRSSSSSSSSSSS
RRRRRRRRRPRRRRRRRRRPPRRRRRRSSSSS
RRRPRRRPRRRPRRRPRRRPRRRPRRRPPRRS
RRRRPRRRRPRRRRPRRRRPRRRRPPRRRSSS
RPRPRPRPRPPPPPPPSSSSSSSSSSSSSSSS
RRRRRPRRRRRPRRRRRPRRRRRPPRRSSSSS
RRPRRPRRPRRPRPPPPSSSSSSSSSSSSSSS
RRRPRRRPRRRPRRRPRRRPRRRPRRRPPRSS
RRPRRPRRPRRPRRPRPPPSSSSSSSSSSSSS
RRRRPRRRRPRRRRPRRRRPPRRSSSSSSSSS
RRPRRPRRPRRPRRPPPPSSSSSSSSSSSSSS
RPRPRPPPPPPPPSSSSSSSSSSSSSSSSSSS
RRRRRRPRRRRRRPRRPRRRSSSSSSSSSSSS
RRRRRRPRRRRRRPRRRRRRPPRRRSSSSSSS
RPRPRPRPRPPSSSSSSSSSSSSSSSSSSSSS
RRRRRRRRRRRRPRRRPRRRRRRRSSSSSSSS
RRRRRPRRRRRPRRRRRPPRRSSSSSSSSSSS
RRPRRPRRPRRPRRPRRPRRPPPSSSSSSSSS
RPPPPPPPPPPPPPPPPPPPPPPPPPPPPPPS
RRRRRPRRRRRPRRRRRPRRRRRPRRRRPPSS
PRRRRRSSSSSSSSSSSSSSSSSSSSSSSSSS
RPRPPPPPPPPSSSSSSSSSSSSSSSSSSSSS
RRRRPRRRRPRRRRPRRRRPPRSSSSSSSSSS
RRRRPRRRRPRRRRPRRRRPRRRRPRRRPPSS
RRPRRPRRPRRPRRPRRPRRPRPPPPPPPSSS
RPRPRPRPRPRPRPPPPPPPPSSSSSSSSSSS
RRPRRPRRPRRPRRPRRPRRPRRPRRPRRPPS
RPRPRPRPRPRPRPRPRPRPRPPPPPSSSSSS
RRRRRRRPRRRRRRRPPRRRRRRSSSSSSSSS
RRRRRRRRPRRRRRRRRPPRRRRRRRSSSSSS
RRRRRRPPRRRRSSSSSSSSSSSSSSSSSSSS
RRRRPRRRRPRRRRPRRRRPRRRRPPRRRSSS
RPPPPPSSSSSSSSSSSSSSSSSSSSSSSSSS
RRRRRRRRRRRRPRRRPRRRRRRRSSSSSSSS