60,109 61,108 62,107 63,106 64,105 65,104 66,103 67,102 67,101 67,100 67,99 68,98 68,97 68,96 68,95 68,94 69,93 70,93 71,93 72,93 73,93 74,93 75,93 76,93 77,93 78,93 79,93 80,93 81,92 82,91 83,91 84,90 85,89 86,88 87,87 88,86 89,85
48,15 47,15 46,15 45,15 44,15 43,15 42,15 41,16 40,17 39,18 38,19 37,19 36,20 35,21 34,22 33,22 32,22 31,22 30,22 29,22 28,22 27,23 26,24 25,25 24,26 23,27 22,28
51,17 51,18 50,19 50,20 49,21 49,22 48,23 48,24 48,25
245,249 244,249 243,249 242,249 241,249 240,249 239,249 238,249 237,249 236,249 235,249 234,248
152,112 151,111 150,110 149,109 148,108 147,107 146,106 145,105 144,104 143,103 142,102 141,101 140,100 139,99 138,99 137,98 136,97 135,96 134,95 133,94 132,93 132,92 132,91 132,90 133,89 134,88 135,87 136,86 136,85 136,84 137,83
66,70 65,70 64,70 63,70 62,69 61,68 60,67 59,67 58,67 57,67 56,67 55,66 54,65
0,86 0,87 0,88 1,89 2,89 3,89 4,89 5,89 6,89 7,89
180,190 180,191 181,192 182,193 183,194 184,195 185,196 186,197 187,198 188,199 189,200 190,200 191,201 192,202 192,203 192,204 192,205 192,206 192,207 191,208 190,209 190,210 189,211 189,212 188,213 188,214 187,215 187,216 187,217 187,218 186,219
124,0 125,0 126,1 127,2 128,3 129,4 130,5 131,6 132,7 133,8 134,8 135,8 136,8 137,8 138,9 139,9 140,10 140,11 140,12 140,13 141,14 142,15 142,16 142,17
18,85 18,84 18,83 18,82 19,81 20,80 21,79 22,78
126,6 127,7 127,8 127,9 128,10 129,11 129,12 129,13 129,14 129,15 130,16 131,17 132,18 133,19 134,20 135,21 136,22 137,23 138,24 139,25 139,26 139,27 140,28
59,177 58,176 57,176 56,175 55,174 54,173 53,173 52,173 51,173 50,172 49,171 48,170 47,169 46,169 45,168 44,167 43,166 42,165 41,165 40,165 39,164 38,163 37,162 36,161 35,160
0,35 1,35 2,34 3,33 4,33 5,33 6,33 7,33 8,33 9,33 10,33 11,33 12,33 13,33 14,33 15,33 16,32 17,32 18,32 19,32 20,32 21,32 22,32 23,31 24,30 25,29 26,29 27,29
150,215 150,216 150,217 149,218 148,219 147,220 147,221 146,222 147,223 148,224 149,225 150,226 151,227 152,228 153,229 154,230 155,231 156,232 156,233 156,234 155,235
216,109 216,110 216,111 216,112 216,113 216,114 216,115 215,116 215,117 215,118
128,13 129,14 130,15 130,16 131,17 132,18 133,19 134,20 134,21 135,22 136,23
102,205 102,204 102,203 101,202 100,201 99,200 99,199 99,198 99,197 98,196 97,195 96,195 95,194 95,193 95,192 95,191 95,190 95,189 94,188 93,187
34,18 35,18 36,18 37,18 38,18 39,18 40,18 41,17 42,16 43,16 44,15 45,15 46,15 47,15 48,15 49,15 50,15 51,15 52,15
148,249 148,248 148,247 148,246 149,245 149,244 149,243 149,242 150,241 150,240 150,239 150,238 150,237 150,236 150,235 150,234 151,233 151,232 152,231 153,230 153,229 153,228 153,227 153,226 153,225 153,224
138,80 138,79 138,78 138,77 138,76 138,75 138,74 139,73 139,72 139,71
130,78 131,78 132,78 133,79 134,79 135,80 136,80 137,80 138,80 139,80 140,81 141,81 142,81 143,81 144,81 145,81 146,81 147,81
5,244 5,243 5,242 5,241 5,240 5,239 5,238 6,237 6,236 6,235 6,234 6,233 6,232 6,231 6,230 7,229 7,228 8,227 9,226 10,225
8,244 9,244 10,244 11,243 12,242 13,241 14,240 15,240 16,240 17,240 18,240 19,240 20,240 21,240 22,240 23,240 24,240 25,240 26,240 27,239 28,239 29,239
23,121 22,120 21,119 20,118 20,117 19,116 19,115 19,114 19,113 19,112 19,111 19,110 19,109 19,108 18,107 18,106 17,105 16,104 15,104 14,104 13,104 12,104 11,104 10,104 9,104 8,104 7,104 6,104 5,104 4,104 3,104 2,104 1,104 0,103 0,102 0,101 0,100
67,37 67,38 67,39 67,40 67,41 68,42 69,43 69,44 70,45 71,46 71,47 71,48 71,49 71,50 71,51 71,52 71,53 71,54 71,55 71,56 71,57 71,58 71,59 71,60 72,61 72,62 72,63 72,64
210,12 209,12 208,12 207,13 206,13 205,14 204,15 203,15 202,15 201,15 200,15 199,16
41,47 40,48 40,49 40,50 40,51 40,52 40,53 41,54 42,55 43,56 44,57 44,58 44,59 44,60 44,61 44,62 44,63 44,64 44,65 44,66 45,67 45,68 46,69 47,70 48,70 49,70 50,70 51,71 52,72 53,73 54,74 55,75 56,75 57,75 58,76
203,190 203,189 203,188 204,187 205,186 206,185 206,184 206,183 206,182 207,181 208,180 209,179 210,178 210,177 211,176 212,175 213,174 214,174 215,174 216,173 216,172 216,171 216,170 216,169 216,168 215,167 214,166 213,165 212,164
114,84 113,83 112,82 111,81 111,80 110,79 109,78 108,77 107,76 106,75 105,74 105,73 105,72 104,71 103,70 102,69 101,68 100,67 99,66 98,65 97,64 96,63 95,62 95,61 94,60
204,116 203,117 202,118 201,119 201,120 201,121 201,122 201,123 201,124 201,125 201,126 201,127 201,128 201,129 201,130 202,131
123,240 123,239 124,238 125,237 125,236 125,235 126,234 127,233 127,232 128,231 129,230 129,229 129,228 130,227 131,226 132,225 133,224 134,223 135,222 136,221 136,220 135,219 134,218 133,218 132,218 131,218 130,217 129,216 128,216 127,216 126,215
178,167 177,166 176,165 175,164 174,163 173,162 173,161 172,160 171,159 170,158 169,157 168,156 167,155 166,154 166,153 166,152 166,151 166,150 165,149 164,148 163,147 163,146 162,145 162,144 162,143 161,142 160,141 159,140 158,139 157,138 156,138 155,138 154,138 153,137
191,111 191,110 192,109 193,108 194,107 194,106 195,105 196,104 197,103 198,102 199,101 200,100 200,99 200,98 201,97 202,96 203,95 204,94 205,93 206,92 206,91 207,90 208,89 209,89 210,89 211,89 212,88
246,139 246,140 246,141 246,142 246,143 246,144 246,145 246,146 246,147 246,148 246,149 245,150 244,151 243,151 242,152 241,152 240,152 239,152 238,152 237,152 236,152 235,152 234,153 233,153 232,153 231,153 230,153 229,153 228,153 227,153 226,153 225,153 224,154 223,155 222,155 221,155 220,155 219,155 218,156 217,156
124,41 125,41 126,41 127,42 128,42 129,42 130,42 131,42 132,42 133,42 134,43 135,44 136,45 137,46 138,47 139,47 140,48 141,49 142,50 143,51 144,52
76,99 76,98 75,97 74,96 74,95 74,94 73,93 72,93 71,93 70,93 69,93 68,92 67,91 66,91 65,91 64,90 63,89
143,228 142,227 141,226 140,225 139,224 138,223 137,222 136,221 136,220 135,219 134,218 133,218 132,217 131,216 130,216 129,215 128,214 127,214 126,213 125,212 124,211 123,210 122,210 121,210 120,210 119,210 118,210
154,141 153,141 152,141 151,141 150,140 149,139 148,138 147,137 146,136 145,136 144,135 143,134 142,134 141,134 140,133 139,132 138,131 137,130 136,129 135,128 134,127 133,126 132,125 131,124 130,123 130,122 129,121 128,120 128,119 127,118
62,78 62,77 62,76 62,75 62,74 62,73 62,72 63,71 63,70 63,69 63,68 63,67 63,66 63,65 63,64 63,63 62,62 62,61 62,60 61,59 60,58 60,57 59,56 59,55 59,54 58,53 58,52 57,51 56,51 55,50 54,49
155,70 156,70 157,71 158,72 159,72 160,72 161,71 162,71 163,71 164,71 165,70 166,69 167,69 168,69 169,69 170,69 171,69 172,69 173,69 174,69 175,69 176,69 177,70 178,70 179,70 180,70 181,69 182,69
200,188 199,188 198,189 197,189 196,190 195,190 194,191 193,191
246,0 247,0 248,0 249,1 249,2 249,3 249,4 249,5 249,6 249,7 249,8 249,9 249,10 249,11 249,12 249,13 249,14 249,15 249,16 249,17 249,18 249,19 249,20 249,21 249,22 249,23 249,24 249,25 248,26
50,23 51,24 52,25 53,26 54,27 55,28 56,29 57,30 58,31 59,32 60,33 61,34 62,35 63,36 63,37 64,38 65,39 66,39 67,39 68,39 69,40 70,40 71,41 72,41 73,41 74,41 75,42 76,42
114,206 115,205 116,204 117,203 117,202 117,201 118,200 118,199 118,198 118,197 118,196 118,195 118,194 118,193 118,192 119,191 120,190 120,189 120,188 121,187 122,186 123,185 124,184 125,183 125,182
173,210 174,211 175,212 176,213 177,214 178,214 179,214 180,214 181,214 182,214 183,214 184,214 185,214 186,214 187,214 188,214 189,214 190,214 191,214 192,214 193,214
205,29 204,29 203,29 202,29 201,28 200,27 199,26 198,25 197,24 196,23 195,22 194,21 193,21 192,21
151,69 150,69 149,69 148,69 147,69 146,68 145,68 144,67 143,66 142,65 141,64 140,63 139,62 138,61 137,60 136,59 135,58 134,57 133,56 132,55 131,54 130,53 129,52 128,52 127,52 126,51 126,50 125,49 124,48 123,47 122,46 122,45 122,44 121,43
167,201 166,200 165,199 164,199 163,198 162,197 161,196 160,195 159,195 158,194 157,193 156,192 155,191 154,190 153,189 152,188 151,187 150,187 149,187 148,187 147,187 146,187 145,187 144,187 143,186
182,145 181,144 180,144 179,143 178,142 177,141 176,140 176,139 175,138 175,137 174,136 173,135 173,134 173,133 173,132 172,131 171,130 170,129 169,128 168,127 167,126 166,125 165,125 164,125 163,125 162,125 161,124 160,123 159,122 159,121 160,120 161,119 162,118 163,117 163,116 164,115
135,130 134,131 133,132 132,133 131,134 130,135 129,136 128,137 127,138 126,139 126,140 126,141 125,142 124,142 123,142 122,142 121,142 120,141 119,141 118,141 117,141 116,140 115,140 114,139 113,138 112,138 111,138 110,138 109,138 108,138 107,138
148,218 148,217 147,216 146,215 145,214 144,213 144,212 143,211 142,210 141,209 140,208 139,207 138,206 137,205 136,204 136,203 136,202 136,201 136,200 135,199 135,198 135,197 135,196 135,195 135,194 135,193 134,192 134,191 134,190 133,189 132,189 131,189 130,189 129,189 128,189 127,189
57,35 58,34 58,33 59,32 60,31 61,30 62,29 63,28 64,27 65,26 66,25 67,25 68,25 69,25 70,25 71,24 72,23 73,22 74,21 75,20 76,19 77,18 78,17 79,17 80,17 81,16 82,15 83,15 84,14 85,13 86,12
67,201 68,201 69,201 70,201 71,201 72,201 73,201 74,201 75,201 76,201 77,201 78,201 79,201 80,201 81,201 82,201 83,201 84,201 85,201 86,201 87,201 88,201 89,201 90,201 91,201 92,200 93,199 94,198 95,197 96,196
172,110 171,109 170,108 169,107 168,106 167,105 166,104 165,103 164,102 163,101 163,100 162,99 161,98 160,97 159,96 158,95 157,94 156,93 155,92 154,91 153,90 152,89 151,88
6,229 7,229 8,229 9,230 10,230 11,230 12,230 13,230 14,231 15,232 16,232 17,232 18,233 19,233 20,233 21,233 22,233 23,233 24,233 25,233 26,233 27,233 28,233 29,233 30,233 31,233 32,233
169,159 170,159 171,160 172,161 173,161 174,161 175,162 176,162 177,163 178,163 179,163 180,164 181,165 182,166 183,167 184,168 185,169 186,170 187,171 188,172 189,173 190,174 191,175 192,176 193,177 194,178 195,179
182,191 183,192 183,193 184,194 185,195 186,196 187,197 188,198 189,199 190,200 191,201 192,202 192,203 192,204 191,205 190,206 189,207 188,208 187,209 186,209 185,209 184,209 183,210 182,210 181,211 180,212 179,213 178,213 177,213 176,213 175,213 174,213 173,213 172,213 171,213 170,213 169,213 168,213 167,213 166,214 165,214 164,215 163,215 162,215 161,216 160,216 159,216 158,216 157,216
219,108 220,108 221,107 222,106 223,106 224,105 225,104 226,103 227,102 228,101 229,101 230,101 231,101 232,100
78,39 78,38 77,37 76,36 75,35 74,34 73,33 72,32 71,31 70,30 69,29 68,28 67,27 66,26 65,25 64,24 64,23 63,22 62,22 61,21 60,20 59,19 58,18 57,17 56,16 55,15 54,14 53,13
19,20 20,20 21,21 22,22 23,23 24,24 25,25 26,26 27,27 28,27 29,28 30,29 31,30 32,30 33,30 34,31 35,32 36,33 37,34 38,35 39,36 40,37 41,38 41,39 41,40 41,41 42,42 43,43 44,43 45,43 46,43 47,43 48,42 48,41 48,40 48,39 48,38 48,37 49,36
26,89 27,90 28,91 29,92 30,93 31,94 32,94 33,94 34,94 35,94 36,93 37,93 38,93 39,93 40,92 41,92 42,91 43,90 44,89 45,88 46,87 47,86
2,172 2,171 2,170 2,169 2,168 2,167 2,166 2,165 2,164 2,163 2,162 2,161 2,160 2,159 2,158 2,157 2,156 2,155 2,154 2,153 2,152 1,151 1,150 0,149 0,148 0,147 0,146 1,145 1,144 1,143 1,142
62,14 61,14 60,15 60,16 60,17 60,18 60,19 60,20 60,21 60,22 60,23 60,24
27,134 26,133 25,133 24,132 23,131 22,131 21,131 20,131 19,131 18,130 17,130 16,130 15,129 15,128 15,127 15,126 15,125 15,124 15,123 15,122 14,121 13,120 12,119
1,123 1,122 1,121 1,120 1,119 0,118 0,117 0,116 0,115 0,114 0,113 0,112 0,111 0,110
243,10 242,11 241,11 240,11 239,12 239,13 238,14 238,15 238,16 237,17 236,18 236,19 236,20 235,21 234,22 233,23 232,24 231,25 230,26 229,27 228,28 228,29 227,30 226,31 225,32 224,33 223,34 222,35 221,36 220,37 219,37 218,38
201,105 200,104 199,103 198,102 197,102 196,102 195,101 194,100 193,99 192,98 191,97 190,96 189,95 188,94 187,93 186,92
103,218 102,219 101,220 100,221 99,222 98,222 97,223 96,224 95,224 94,225 93,226 92,227 91,228 90,229 89,229 88,229 87,229 86,230 85,230 84,230 83,231 82,232 82,233 83,234 84,234 85,234
109,70 109,69 108,68 107,67 106,66 105,65 104,64 104,63 104,62 104,61 105,60 105,59 105,58 105,57 106,56 106,55 107,54
114,59 115,58 116,57 117,56 117,55 118,54 119,53 120,52 121,51 122,50 123,49 124,48 125,47 125,46 126,45 127,44 128,43 129,43 130,42
221,177 220,178 219,179 218,180 217,181 216,182 215,182 214,183 213,184 212,184 211,184 210,184 209,185 208,185 207,185 206,185 205,185 204,185 203,185 202,185 201,186 200,186 199,186 198,187 197,188 196,189 195,189 194,189 193,189 192,189 191,190
54,4 55,5 56,5 57,5 58,5 59,5 60,6 60,7 60,8 60,9 59,10 59,11 59,12 59,13 59,14 59,15 58,16 58,17 57,18 56,19 55,20 54,21
159,40 160,40 161,40 162,40 163,40 164,40 165,40 166,41 167,42 168,43 169,43 170,43 171,44 172,45 173,45 174,45 175,46 176,47 177,48 178,48 179,48 180,49 181,49 182,50 183,51 184,52 185,53 186,54 186,55 186,56 186,57 187,58
176,223 177,224 178,224 179,224 180,224 181,223 182,222 183,221 184,220 185,219 186,218 187,217 188,216 189,215
137,3 138,4 139,5 140,6 141,7 142,8 143,9 144,10 145,11 146,12 146,13 147,14 148,15 149,16 150,17 151,17 152,17 153,18 154,18 155,18 156,18 157,19
236,224 236,225 237,226 238,227 238,228 238,229 239,230 240,231 241,232 241,233 242,234 242,235 242,236 243,237 244,238 244,239 245,240 246,241 247,242 248,243 248,244 249,245 249,246
200,14 200,15 200,16 200,17 200,18 200,19 200,20 201,21 202,22 202,23 202,24 202,25 202,26 202,27 202,28 203,29 204,30 205,31 205,32 205,33 205,34 205,35 205,36 205,37
115,164 116,165 117,165 118,166 119,166 120,166 121,167 122,168 123,168 124,168 125,168 126,168 127,169 128,169 129,169 130,169 131,170 132,170 133,170 134,170 135,170 136,170 137,170 138,170 139,171 140,171 141,171 142,172
194,240 193,239 192,238 192,237 192,236 191,235 191,234 191,233 191,232 190,231 189,231 188,230 187,229 186,229 185,229 184,229 183,230 182,231 181,232 180,233 179,234 178,235
72,25 71,24 71,23 71,22 71,21 70,20 69,19 68,18 68,17 68,16 67,15 67,14 67,13 67,12 67,11 67,10 66,9 65,8 64,7 63,6 62,5 61,4 60,3 59,2 58,1
23,121 22,120 21,119 20,118 20,117 19,116 19,115 19,114 19,113 19,112 19,111 19,110 19,109 19,108 18,107
145,240 145,239 145,238 146,237 147,236 148,235 148,234 148,233 148,232 147,231 146,230
202,76 201,76 200,77 199,78 198,79 197,80 196,81 195,82 194,83 193,84 192,85 191,86 191,87 190,88 189,88 188,89 187,90 186,91
138,51 139,52 139,53 140,54 141,55 142,56 143,57 144,57 145,57 146,58 147,58 148,58 149,58 150,59 151,60 152,60 153,60 154,60 155,60
166,141 167,142 168,143 169,144 170,145 171,146 172,146 173,147 174,148 175,149 176,150 177,151 178,152 179,153 180,154 181,155 182,156 183,157 184,158 185,159 186,160 187,161 188,162 189,163 190,164 191,165 192,166 193,167 194,168 195,169
245,122 244,122 243,122 242,122 241,122 240,122 239,122 238,123 237,124 236,124 235,124 234,124 233,123 233,122 233,121 232,120 232,119 231,118 230,117 229,116 229,115 228,114 227,113 227,112 227,111 227,110 227,109 227,108 226,107 225,106 224,105
33,227 33,226 33,225 34,224 35,224 36,224 37,224 38,224 39,224 40,224 41,224 42,224 43,224 44,224 45,224 46,224 47,224 48,224 49,224 50,224 51,224 52,224 53,224 54,224 55,224 56,224 57,224 58,224
134,108 134,107 134,106 134,105 134,104 134,103 134,102 135,101 135,100 135,99 135,98 134,97 133,96 132,95 131,94 131,93 131,92 131,91 130,90 129,89 128,88 127,87 126,87 125,87 124,87 123,87 122,87 121,87 120,87 119,87 118,86 117,85 116,84 115,84 114,83 113,82 112,81 111,80 110,79 109,79 108,78
178,6 177,6 176,6 175,6 174,6 173,6 172,6 171,6 170,5 169,6 168,6 167,6 166,6 165,6
101,10 100,10 99,10 98,10 97,11 96,12 95,13 94,14
212,243 213,244 214,245 215,246 216,247 217,248 218,249 219,249 220,249 221,249 222,249 223,249 224,249 225,249 226,249 227,249 228,249 229,249 230,249 231,249 232,249 233,249 234,248
66,223 67,223 68,222 69,221 70,221 71,221 72,221 73,221 74,221 75,221 76,221 77,221 78,221 79,221 80,221 81,221 82,222 83,222 84,222 85,222 86,221 87,220
173,205 174,205 175,205 176,205 177,206 178,207 179,208 180,208 181,208 182,208 183,208 184,208 185,208 186,209 187,209 188,208 189,207 190,206 191,205 192,204 192,203 192,202 191,201 190,200 189,200 188,199 187,198 186,197 185,196 184,195 183,194 182,193 181,192 180,191 179,190 178,189 177,188 176,187
241,157 240,157 239,157 238,156 237,155 236,154 235,154 234,153 233,153 232,152 231,151 230,150 229,149 228,148 227,147 226,146 225,145 225,144 224,143 223,142 222,141 221,140 220,139 219,138 219,137 218,136 217,135 216,134 215,133 214,132 213,132 212,131
49,48 50,49 51,49 52,50 53,51 54,51 55,51 56,51 57,51 58,51 59,51 60,52 61,53 62,54 63,54 64,55 65,55 66,55 67,56 68,57 69,58 70,59 71,60 72,60 73,61 74,62 75,63 76,64 77,64
100,131 99,131 98,131 97,131 96,131 95,131 94,131 93,131 92,131 91,131 90,131 89,131 88,131 87,132 86,131 85,130 85,129 85,128 84,127 83,126 83,125 83,124 82,123 82,122 82,121 82,120 81,119 80,118 79,117 79,116 78,115 77,114
138,152 137,151 137,150 137,149 137,148 137,147 136,146 136,145 136,144 135,143 134,143 133,143 132,143 131,143 130,143 129,143 128,143 127,143 126,142 125,142 124,142 123,142 122,142 121,142 120,142 119,142 118,142 117,142 116,142 115,142 114,141
30,44 29,44 28,44 27,44 26,44 25,44 24,44 23,44 22,44 21,44 20,44 19,44 18,43 17,43 16,42
45,110 45,109 46,108 46,107 46,106 47,105 48,104 48,103 48,102 48,101 48,100 48,99 48,98
166,178 167,177 168,176 169,175 170,174 171,173 172,173 173,173 174,173 175,173 176,173 177,172 177,171 177,170 177,169 177,168 177,167 177,166 177,165 177,164 177,163 177,162 177,161 178,160 178,159 178,158 178,157 178,156 178,155 178,154 177,153